#
# There is insufficient memory for the Java Runtime Environment to continue.
# Native memory allocation (malloc) failed to allocate 170320 bytes for Chunk::new
# Possible reasons:
#   The system is out of physical RAM or swap space
#   In 32 bit mode, the process size limit was hit
# Possible solutions:
#   Reduce memory load on the system
#   Increase physical memory or swap space
#   Check if swap backing store is full
#   Use 64 bit Java on a 64 bit OS
#   Decrease Java heap size (-Xmx/-Xms)
#   Decrease number of Java threads
#   Decrease Java thread stack sizes (-Xss)
#   Set larger code cache with -XX:ReservedCodeCacheSize=
# This output file may be truncated or incomplete.
#
#  Out of Memory Error (allocation.cpp:390), pid=11540, tid=0x0000000000002f00
#
# JRE version: OpenJDK Runtime Environment (8.0_152-b01) (build 1.8.0_152-release-1248-b01)
# Java VM: OpenJDK 64-Bit Server VM (25.152-b01 mixed mode windows-amd64 compressed oops)
# Failed to write core dump. Minidumps are not enabled by default on client versions of Windows
#

---------------  T H R E A D  ---------------

Current thread (0x00000000160a9800):  JavaThread "C2 CompilerThread0" daemon [_thread_in_native, id=12032, stack(0x0000000017720000,0x0000000017820000)]

Stack: [0x0000000017720000,0x0000000017820000]
[error occurred during error reporting (printing stack bounds), id 0xc0000005]

Native frames: (J=compiled Java code, j=interpreted, Vv=VM code, C=native code)


Current CompileTask:
C2:  19826 2497       4       java.net.URLClassLoader$1::run (5 bytes)


---------------  P R O C E S S  ---------------

Java Threads: ( => current thread )
  0x000000001f249000 JavaThread "Build operations Thread 4" [_thread_blocked, id=17260, stack(0x000000001fd90000,0x000000001fe90000)]
  0x000000001ade8000 JavaThread "Build operations Thread 3" [_thread_in_vm, id=9420, stack(0x000000001fc90000,0x000000001fd90000)]
  0x000000001adef000 JavaThread "Build operations Thread 2" [_thread_in_vm, id=3040, stack(0x000000001fb90000,0x000000001fc90000)]
  0x000000001adee000 JavaThread "Build operations" [_thread_blocked, id=13992, stack(0x000000001fa90000,0x000000001fb90000)]
  0x000000001ade9000 JavaThread "Cache worker for Artifact transforms cache (C:\Users\KasuN\.gradle\caches\transforms-1)" [_thread_blocked, id=1972, stack(0x000000001e2e0000,0x000000001e3e0000)]
  0x000000001adea800 JavaThread "Cache worker for file hash cache (C:\Kasun\AndroidStudioProjects\Kasun_Assignment\HRISAndroid\HRIS Android 1.7\.gradle\4.6\fileHashes)" [_thread_blocked, id=15856, stack(0x000000001cc10000,0x000000001cd10000)]
  0x000000001adeb000 JavaThread "File lock request listener" [_thread_in_native, id=16788, stack(0x000000001bb40000,0x000000001bc40000)]
  0x000000001ade9800 JavaThread "Cache worker for file hash cache (C:\Users\KasuN\.gradle\caches\4.6\fileHashes)" [_thread_blocked, id=7744, stack(0x000000001ba40000,0x000000001bb40000)]
  0x0000000018e6c000 JavaThread "Stdin handler" [_thread_blocked, id=8260, stack(0x000000001a770000,0x000000001a870000)]
  0x0000000018e6b000 JavaThread "Asynchronous log dispatcher for DefaultDaemonConnection: socket connection from /127.0.0.1:56992 to /127.0.0.1:56993" [_thread_blocked, id=12596, stack(0x000000001a670000,0x000000001a770000)]
  0x00000000190bc000 JavaThread "Daemon worker" [_thread_in_native, id=5340, stack(0x000000001a570000,0x000000001a670000)]
  0x0000000018e6e800 JavaThread "Cancel handler" [_thread_blocked, id=10220, stack(0x000000001a470000,0x000000001a570000)]
  0x0000000018e3a800 JavaThread "Handler for socket connection from /127.0.0.1:56992 to /127.0.0.1:56993" [_thread_in_native, id=6488, stack(0x000000001a170000,0x000000001a270000)]
  0x0000000018deb800 JavaThread "Daemon" [_thread_blocked, id=15256, stack(0x000000001a070000,0x000000001a170000)]
  0x0000000018dc0000 JavaThread "Daemon periodic checks" [_thread_in_native, id=6832, stack(0x0000000019f70000,0x000000001a070000)]
  0x0000000018dbb800 JavaThread "Incoming local TCP Connector on port 56992" [_thread_in_native, id=9048, stack(0x0000000019d30000,0x0000000019e30000)]
  0x0000000017935800 JavaThread "Service Thread" daemon [_thread_blocked, id=12340, stack(0x0000000017e20000,0x0000000017f20000)]
  0x0000000017921000 JavaThread "C1 CompilerThread2" daemon [_thread_blocked, id=14960, stack(0x0000000017d20000,0x0000000017e20000)]
  0x00000000160ac800 JavaThread "C2 CompilerThread1" daemon [_thread_in_native, id=9808, stack(0x0000000017820000,0x0000000017920000)]
=>0x00000000160a9800 JavaThread "C2 CompilerThread0" daemon [_thread_in_native, id=12032, stack(0x0000000017720000,0x0000000017820000)]
  0x00000000160b6000 JavaThread "Attach Listener" daemon [_thread_blocked, id=2500, stack(0x0000000017620000,0x0000000017720000)]
  0x00000000160b5000 JavaThread "Signal Dispatcher" daemon [_thread_blocked, id=9664, stack(0x0000000017520000,0x0000000017620000)]
  0x000000000273b800 JavaThread "Finalizer" daemon [_thread_blocked, id=9820, stack(0x0000000017320000,0x0000000017420000)]
  0x0000000002730800 JavaThread "Reference Handler" daemon [_thread_blocked, id=7016, stack(0x0000000017220000,0x0000000017320000)]
  0x0000000000d7e000 JavaThread "main" [_thread_blocked, id=10408, stack(0x0000000002540000,0x0000000002640000)]

Other Threads:
  0x0000000016076000 VMThread [stack: 0x0000000017120000,0x0000000017220000] [id=4596]
  0x0000000017936800 WatcherThread [stack: 0x0000000017f20000,0x0000000018020000] [id=17396]

VM state:not at safepoint (normal execution)

VM Mutex/Monitor currently owned by a thread: None

Heap:
 PSYoungGen      total 55808K, used 47001K [0x00000000e0000000, 0x00000000e4600000, 0x0000000100000000)
  eden space 50688K, 84% used [0x00000000e0000000,0x00000000e29be6a0,0x00000000e3180000)
  from space 5120K, 83% used [0x00000000e3180000,0x00000000e35a80a0,0x00000000e3680000)
  to   space 5632K, 0% used [0x00000000e4080000,0x00000000e4080000,0x00000000e4600000)
 ParOldGen       total 33280K, used 10863K [0x00000000a0000000, 0x00000000a2080000, 0x00000000e0000000)
  object space 33280K, 32% used [0x00000000a0000000,0x00000000a0a9bee0,0x00000000a2080000)
 Metaspace       used 29620K, capacity 30044K, committed 30208K, reserved 1075200K
  class space    used 4135K, capacity 4311K, committed 4352K, reserved 1048576K

Card table byte_map: [0x0000000011b00000,0x0000000011e10000] byte_map_base: 0x0000000011600000

Marking Bits: (ParMarkBitMap*) 0x000000005cb55aa0
 Begin Bits: [0x0000000012410000, 0x0000000013c10000)
 End Bits:   [0x0000000013c10000, 0x0000000015410000)

Polling page: 0x0000000000cb0000

CodeCache: size=245760Kb used=8941Kb max_used=9122Kb free=236818Kb
 bounds [0x0000000002740000, 0x0000000003040000, 0x0000000011740000]
 total_blobs=3181 nmethods=2512 adapters=582
 compilation: enabled

Compilation events (10 events):
Event: 19.807 Thread 0x0000000017921000 nmethod 2714 0x0000000002bfbc50 code [0x0000000002bfbda0, 0x0000000002bfbeb0]
Event: 19.809 Thread 0x0000000017921000 2715       3       java.nio.DirectByteBuffer::address (5 bytes)
Event: 19.809 Thread 0x0000000017921000 nmethod 2715 0x0000000002bfb950 code [0x0000000002bfbaa0, 0x0000000002bfbbf0]
Event: 19.811 Thread 0x0000000017921000 2716       3       java.nio.channels.spi.AbstractInterruptibleChannel::begin (48 bytes)
Event: 19.813 Thread 0x0000000017921000 nmethod 2716 0x0000000002bfaa10 code [0x0000000002bfabe0, 0x0000000002bfb538]
Event: 19.816 Thread 0x0000000017921000 2717       3       java.nio.channels.spi.AbstractInterruptibleChannel::end (50 bytes)
Event: 19.821 Thread 0x0000000017921000 nmethod 2717 0x0000000002bf9d50 code [0x0000000002bf9f20, 0x0000000002bfa698]
Event: 19.821 Thread 0x0000000017921000 2718   !   3       sun.nio.ch.SocketChannelImpl::isConnected (28 bytes)
Event: 19.821 Thread 0x0000000017921000 nmethod 2718 0x0000000002bf97d0 code [0x0000000002bf9940, 0x0000000002bf9c90]
Event: 19.824 Thread 0x0000000017921000 2719       3       java.nio.Buffer::checkBounds (25 bytes)

GC Heap History (10 events):
Event: 12.713 GC heap before
{Heap before GC invocations=8 (full 0):
 PSYoungGen      total 21504K, used 19937K [0x00000000e0000000, 0x00000000e2a00000, 0x0000000100000000)
  eden space 15872K, 100% used [0x00000000e0000000,0x00000000e0f80000,0x00000000e0f80000)
  from space 5632K, 72% used [0x00000000e0f80000,0x00000000e13786a8,0x00000000e1500000)
  to   space 5632K, 0% used [0x00000000e2480000,0x00000000e2480000,0x00000000e2a00000)
 ParOldGen       total 44032K, used 5694K [0x00000000a0000000, 0x00000000a2b00000, 0x00000000e0000000)
  object space 44032K, 12% used [0x00000000a0000000,0x00000000a058fbf0,0x00000000a2b00000)
 Metaspace       used 17362K, capacity 17790K, committed 18048K, reserved 1064960K
  class space    used 2504K, capacity 2651K, committed 2688K, reserved 1048576K
Event: 12.736 GC heap after
Heap after GC invocations=8 (full 0):
 PSYoungGen      total 37376K, used 3635K [0x00000000e0000000, 0x00000000e2a00000, 0x0000000100000000)
  eden space 31744K, 0% used [0x00000000e0000000,0x00000000e0000000,0x00000000e1f00000)
  from space 5632K, 64% used [0x00000000e2480000,0x00000000e280cff8,0x00000000e2a00000)
  to   space 5632K, 0% used [0x00000000e1f00000,0x00000000e1f00000,0x00000000e2480000)
 ParOldGen       total 44032K, used 6599K [0x00000000a0000000, 0x00000000a2b00000, 0x00000000e0000000)
  object space 44032K, 14% used [0x00000000a0000000,0x00000000a0671c50,0x00000000a2b00000)
 Metaspace       used 17362K, capacity 17790K, committed 18048K, reserved 1064960K
  class space    used 2504K, capacity 2651K, committed 2688K, reserved 1048576K
}
Event: 13.570 GC heap before
{Heap before GC invocations=9 (full 0):
 PSYoungGen      total 37376K, used 21126K [0x00000000e0000000, 0x00000000e2a00000, 0x0000000100000000)
  eden space 31744K, 55% used [0x00000000e0000000,0x00000000e1114b80,0x00000000e1f00000)
  from space 5632K, 64% used [0x00000000e2480000,0x00000000e280cff8,0x00000000e2a00000)
  to   space 5632K, 0% used [0x00000000e1f00000,0x00000000e1f00000,0x00000000e2480000)
 ParOldGen       total 44032K, used 6599K [0x00000000a0000000, 0x00000000a2b00000, 0x00000000e0000000)
  object space 44032K, 14% used [0x00000000a0000000,0x00000000a0671c50,0x00000000a2b00000)
 Metaspace       used 20817K, capacity 21244K, committed 21248K, reserved 1067008K
  class space    used 2915K, capacity 3072K, committed 3072K, reserved 1048576K
Event: 13.580 GC heap after
Heap after GC invocations=9 (full 0):
 PSYoungGen      total 37376K, used 4179K [0x00000000e0000000, 0x00000000e3d00000, 0x0000000100000000)
  eden space 31744K, 0% used [0x00000000e0000000,0x00000000e0000000,0x00000000e1f00000)
  from space 5632K, 74% used [0x00000000e1f00000,0x00000000e2314c08,0x00000000e2480000)
  to   space 5632K, 0% used [0x00000000e3780000,0x00000000e3780000,0x00000000e3d00000)
 ParOldGen       total 44032K, used 7526K [0x00000000a0000000, 0x00000000a2b00000, 0x00000000e0000000)
  object space 44032K, 17% used [0x00000000a0000000,0x00000000a0759b38,0x00000000a2b00000)
 Metaspace       used 20817K, capacity 21244K, committed 21248K, reserved 1067008K
  class space    used 2915K, capacity 3072K, committed 3072K, reserved 1048576K
}
Event: 13.580 GC heap before
{Heap before GC invocations=10 (full 1):
 PSYoungGen      total 37376K, used 4179K [0x00000000e0000000, 0x00000000e3d00000, 0x0000000100000000)
  eden space 31744K, 0% used [0x00000000e0000000,0x00000000e0000000,0x00000000e1f00000)
  from space 5632K, 74% used [0x00000000e1f00000,0x00000000e2314c08,0x00000000e2480000)
  to   space 5632K, 0% used [0x00000000e3780000,0x00000000e3780000,0x00000000e3d00000)
 ParOldGen       total 44032K, used 7526K [0x00000000a0000000, 0x00000000a2b00000, 0x00000000e0000000)
  object space 44032K, 17% used [0x00000000a0000000,0x00000000a0759b38,0x00000000a2b00000)
 Metaspace       used 20817K, capacity 21244K, committed 21248K, reserved 1067008K
  class space    used 2915K, capacity 3072K, committed 3072K, reserved 1048576K
Event: 13.690 GC heap after
Heap after GC invocations=10 (full 1):
 PSYoungGen      total 37376K, used 0K [0x00000000e0000000, 0x00000000e3d00000, 0x0000000100000000)
  eden space 31744K, 0% used [0x00000000e0000000,0x00000000e0000000,0x00000000e1f00000)
  from space 5632K, 0% used [0x00000000e1f00000,0x00000000e1f00000,0x00000000e2480000)
  to   space 5632K, 0% used [0x00000000e3780000,0x00000000e3780000,0x00000000e3d00000)
 ParOldGen       total 33280K, used 9263K [0x00000000a0000000, 0x00000000a2080000, 0x00000000e0000000)
  object space 33280K, 27% used [0x00000000a0000000,0x00000000a090be40,0x00000000a2080000)
 Metaspace       used 20817K, capacity 21244K, committed 21248K, reserved 1067008K
  class space    used 2915K, capacity 3072K, committed 3072K, reserved 1048576K
}
Event: 14.733 GC heap before
{Heap before GC invocations=11 (full 1):
 PSYoungGen      total 37376K, used 31744K [0x00000000e0000000, 0x00000000e3d00000, 0x0000000100000000)
  eden space 31744K, 100% used [0x00000000e0000000,0x00000000e1f00000,0x00000000e1f00000)
  from space 5632K, 0% used [0x00000000e1f00000,0x00000000e1f00000,0x00000000e2480000)
  to   space 5632K, 0% used [0x00000000e3780000,0x00000000e3780000,0x00000000e3d00000)
 ParOldGen       total 33280K, used 9263K [0x00000000a0000000, 0x00000000a2080000, 0x00000000e0000000)
  object space 33280K, 27% used [0x00000000a0000000,0x00000000a090be40,0x00000000a2080000)
 Metaspace       used 23857K, capacity 24268K, committed 24448K, reserved 1071104K
  class space    used 3269K, capacity 3433K, committed 3456K, reserved 1048576K
Event: 14.743 GC heap after
Heap after GC invocations=11 (full 1):
 PSYoungGen      total 48128K, used 3698K [0x00000000e0000000, 0x00000000e3b80000, 0x0000000100000000)
  eden space 44032K, 0% used [0x00000000e0000000,0x00000000e0000000,0x00000000e2b00000)
  from space 4096K, 90% used [0x00000000e3780000,0x00000000e3b1ca48,0x00000000e3b80000)
  to   space 5120K, 0% used [0x00000000e3180000,0x00000000e3180000,0x00000000e3680000)
 ParOldGen       total 33280K, used 9271K [0x00000000a0000000, 0x00000000a2080000, 0x00000000e0000000)
  object space 33280K, 27% used [0x00000000a0000000,0x00000000a090de40,0x00000000a2080000)
 Metaspace       used 23857K, capacity 24268K, committed 24448K, reserved 1071104K
  class space    used 3269K, capacity 3433K, committed 3456K, reserved 1048576K
}
Event: 16.480 GC heap before
{Heap before GC invocations=12 (full 1):
 PSYoungGen      total 48128K, used 47730K [0x00000000e0000000, 0x00000000e3b80000, 0x0000000100000000)
  eden space 44032K, 100% used [0x00000000e0000000,0x00000000e2b00000,0x00000000e2b00000)
  from space 4096K, 90% used [0x00000000e3780000,0x00000000e3b1ca48,0x00000000e3b80000)
  to   space 5120K, 0% used [0x00000000e3180000,0x00000000e3180000,0x00000000e3680000)
 ParOldGen       total 33280K, used 9271K [0x00000000a0000000, 0x00000000a2080000, 0x00000000e0000000)
  object space 33280K, 27% used [0x00000000a0000000,0x00000000a090de40,0x00000000a2080000)
 Metaspace       used 27145K, capacity 27580K, committed 27776K, reserved 1073152K
  class space    used 3751K, capacity 3895K, committed 3968K, reserved 1048576K
Event: 16.497 GC heap after
Heap after GC invocations=12 (full 1):
 PSYoungGen      total 55808K, used 4256K [0x00000000e0000000, 0x00000000e4600000, 0x0000000100000000)
  eden space 50688K, 0% used [0x00000000e0000000,0x00000000e0000000,0x00000000e3180000)
  from space 5120K, 83% used [0x00000000e3180000,0x00000000e35a80a0,0x00000000e3680000)
  to   space 5632K, 0% used [0x00000000e4080000,0x00000000e4080000,0x00000000e4600000)
 ParOldGen       total 33280K, used 10863K [0x00000000a0000000, 0x00000000a2080000, 0x00000000e0000000)
  object space 33280K, 32% used [0x00000000a0000000,0x00000000a0a9bee0,0x00000000a2080000)
 Metaspace       used 27145K, capacity 27580K, committed 27776K, reserved 1073152K
  class space    used 3751K, capacity 3895K, committed 3968K, reserved 1048576K
}

Deoptimization events (10 events):
Event: 14.783 Thread 0x00000000190bc000 Uncommon trap: reason=class_check action=maybe_recompile pc=0x0000000002c95d00 method=java.lang.reflect.Method.equals(Ljava/lang/Object;)Z @ 5
Event: 14.787 Thread 0x00000000190bc000 Uncommon trap: reason=class_check action=maybe_recompile pc=0x0000000002c95d00 method=java.lang.reflect.Method.equals(Ljava/lang/Object;)Z @ 5
Event: 14.988 Thread 0x00000000190bc000 Uncommon trap: reason=unstable_if action=reinterpret pc=0x00000000029e91b0 method=java.util.LinkedHashMap.afterNodeInsertion(Z)V @ 1
Event: 15.028 Thread 0x00000000190bc000 Uncommon trap: reason=class_check action=maybe_recompile pc=0x0000000002c95d00 method=java.lang.reflect.Method.equals(Ljava/lang/Object;)Z @ 5
Event: 15.028 Thread 0x00000000190bc000 Uncommon trap: reason=class_check action=maybe_recompile pc=0x0000000002c95d00 method=java.lang.reflect.Method.equals(Ljava/lang/Object;)Z @ 5
Event: 15.389 Thread 0x00000000190bc000 Uncommon trap: reason=class_check action=maybe_recompile pc=0x0000000002c8caf8 method=sun.misc.URLClassPath.getLoader(I)Lsun/misc/URLClassPath$Loader; @ 94
Event: 15.409 Thread 0x00000000190bc000 Uncommon trap: reason=class_check action=maybe_recompile pc=0x0000000002ca16dc method=sun.misc.URLClassPath.getLoader(I)Lsun/misc/URLClassPath$Loader; @ 239
Event: 15.861 Thread 0x00000000190bc000 Uncommon trap: reason=unstable_if action=reinterpret pc=0x00000000029d18cc method=java.io.WinNTFileSystem.resolve(Ljava/lang/String;Ljava/lang/String;)Ljava/lang/String; @ 49
Event: 17.032 Thread 0x00000000190bc000 Uncommon trap: reason=range_check action=make_not_entrant pc=0x0000000002f6e274 method=java.lang.String.charAt(I)C @ 27
Event: 17.250 Thread 0x00000000190bc000 Uncommon trap: reason=unstable_if action=reinterpret pc=0x0000000002eaa720 method=java.net.URI.match(CJJ)Z @ 45

Classes redefined (0 events):
No events

Internal exceptions (10 events):
Event: 16.113 Thread 0x00000000190bc000 Exception <a 'java/lang/ClassNotFoundException': org/gradle/api/internal/DefaultDomainObjectCollectionCustomizer> (0x00000000e1ea6100) thrown at [D:\src\AOSP-openjdk-cygwin\jdk8u\hotspot\src\share\vm\classfile\systemDictionary.cpp, line 210]
Event: 16.126 Thread 0x00000000190bc000 Exception <a 'java/lang/ClassNotFoundException': org/gradle/api/internal/DefaultNamedDomainObjectCollectionCustomizer> (0x00000000e1efce00) thrown at [D:\src\AOSP-openjdk-cygwin\jdk8u\hotspot\src\share\vm\classfile\systemDictionary.cpp, line 210]
Event: 16.144 Thread 0x00000000190bc000 Exception <a 'java/lang/ClassNotFoundException': org/gradle/api/internal/DefaultNamedDomainObjectListCustomizer> (0x00000000e1f55470) thrown at [D:\src\AOSP-openjdk-cygwin\jdk8u\hotspot\src\share\vm\classfile\systemDictionary.cpp, line 210]
Event: 16.159 Thread 0x00000000190bc000 Exception <a 'java/lang/ClassNotFoundException': org/gradle/api/internal/artifacts/DefaultArtifactRepositoryContainerCustomizer> (0x00000000e1fc4a38) thrown at [D:\src\AOSP-openjdk-cygwin\jdk8u\hotspot\src\share\vm\classfile\systemDictionary.cpp, line 210
Event: 16.165 Thread 0x00000000190bc000 Exception <a 'java/lang/ClassNotFoundException': org/gradle/api/internal/artifacts/dsl/DefaultRepositoryHandlerCustomizer> (0x00000000e2026318) thrown at [D:\src\AOSP-openjdk-cygwin\jdk8u\hotspot\src\share\vm\classfile\systemDictionary.cpp, line 210]
Event: 16.170 Thread 0x00000000190bc000 Exception <a 'java/lang/ClassNotFoundException': org/gradle/api/internal/artifacts/dsl/DefaultRepositoryHandler_DecoratedCustomizer> (0x00000000e20908c8) thrown at [D:\src\AOSP-openjdk-cygwin\jdk8u\hotspot\src\share\vm\classfile\systemDictionary.cpp, line
Event: 16.805 Thread 0x00000000190bc000 Exception <a 'java/lang/ClassNotFoundException': org/gradle/api/internal/artifacts/dsl/dependencies/DefaultDependencyHandler_DecoratedBeanInfo> (0x00000000e09bdbd8) thrown at [D:\src\AOSP-openjdk-cygwin\jdk8u\hotspot\src\share\vm\classfile\systemDictionar
Event: 16.809 Thread 0x00000000190bc000 Exception <a 'java/lang/ClassNotFoundException': org/gradle/api/internal/artifacts/dsl/dependencies/DefaultDependencyHandlerBeanInfo> (0x00000000e0a0b378) thrown at [D:\src\AOSP-openjdk-cygwin\jdk8u\hotspot\src\share\vm\classfile\systemDictionary.cpp, lin
Event: 16.812 Thread 0x00000000190bc000 Exception <a 'java/lang/ClassNotFoundException': org/gradle/api/internal/artifacts/dsl/dependencies/DefaultDependencyHandlerCustomizer> (0x00000000e0a59978) thrown at [D:\src\AOSP-openjdk-cygwin\jdk8u\hotspot\src\share\vm\classfile\systemDictionary.cpp, l
Event: 16.824 Thread 0x00000000190bc000 Exception <a 'java/lang/ClassNotFoundException': org/gradle/api/internal/artifacts/dsl/dependencies/DefaultDependencyHandler_DecoratedCustomizer> (0x00000000e0acf6d0) thrown at [D:\src\AOSP-openjdk-cygwin\jdk8u\hotspot\src\share\vm\classfile\systemDiction

Events (10 events):
Event: 19.811 loading class org/gradle/launcher/daemon/server/health/DaemonMemoryStatus$1
Event: 19.811 loading class org/gradle/launcher/daemon/server/health/DaemonMemoryStatus$1 done
Event: 19.814 loading class org/gradle/launcher/daemon/server/health/DaemonMemoryStatus$2
Event: 19.814 loading class org/gradle/launcher/daemon/server/health/DaemonMemoryStatus$2 done
Event: 19.814 loading class org/gradle/launcher/daemon/server/CompatibleDaemonExpirationStrategy$1
Event: 19.814 loading class org/gradle/launcher/daemon/server/CompatibleDaemonExpirationStrategy$1 done
Event: 19.815 loading class org/gradle/launcher/daemon/registry/PersistentDaemonRegistry$1
Event: 19.815 loading class org/gradle/launcher/daemon/registry/PersistentDaemonRegistry$1 done
Event: 19.821 loading class org/gradle/cache/internal/SimpleStateCache$1
Event: 19.821 loading class org/gradle/cache/internal/SimpleStateCache$1 done


Dynamic libraries:
0x00007ff715280000 - 0x00007ff7152b1000 	C:\Program Files\Android\Android Studio\jre\bin\java.exe
0x00007ff95fe90000 - 0x00007ff96007d000 	C:\WINDOWS\SYSTEM32\ntdll.dll
0x00007ff95fbf0000 - 0x00007ff95fca3000 	C:\WINDOWS\System32\KERNEL32.DLL
0x00007ff95bf60000 - 0x00007ff95c1f3000 	C:\WINDOWS\System32\KERNELBASE.dll
0x00007ff95f7b0000 - 0x00007ff95f853000 	C:\WINDOWS\System32\ADVAPI32.dll
0x00007ff95f3a0000 - 0x00007ff95f43e000 	C:\WINDOWS\System32\msvcrt.dll
0x00007ff95f710000 - 0x00007ff95f7ae000 	C:\WINDOWS\System32\sechost.dll
0x00007ff95f440000 - 0x00007ff95f562000 	C:\WINDOWS\System32\RPCRT4.dll
0x00007ff95fcb0000 - 0x00007ff95fe47000 	C:\WINDOWS\System32\USER32.dll
0x00007ff95c760000 - 0x00007ff95c780000 	C:\WINDOWS\System32\win32u.dll
0x00007ff95ee30000 - 0x00007ff95ee59000 	C:\WINDOWS\System32\GDI32.dll
0x00007ff95c780000 - 0x00007ff95c91a000 	C:\WINDOWS\System32\gdi32full.dll
0x00007ff95c200000 - 0x00007ff95c2a0000 	C:\WINDOWS\System32\msvcp_win.dll
0x00007ff95c640000 - 0x00007ff95c73a000 	C:\WINDOWS\System32\ucrtbase.dll
0x00007ff951d00000 - 0x00007ff951f79000 	C:\WINDOWS\WinSxS\amd64_microsoft.windows.common-controls_6595b64144ccf1df_6.0.17763.437_none_05b63dca071e5dd6\COMCTL32.dll
0x00007ff95f8c0000 - 0x00007ff95fbec000 	C:\WINDOWS\System32\combase.dll
0x00007ff95c2a0000 - 0x00007ff95c31e000 	C:\WINDOWS\System32\bcryptPrimitives.dll
0x00007ff95f0e0000 - 0x00007ff95f10e000 	C:\WINDOWS\System32\IMM32.DLL
0x000000005c2b0000 - 0x000000005c382000 	C:\Program Files\Android\Android Studio\jre\jre\bin\msvcr100.dll
0x000000005c390000 - 0x000000005cbd1000 	C:\Program Files\Android\Android Studio\jre\jre\bin\server\jvm.dll
0x00007ff95fe50000 - 0x00007ff95fe58000 	C:\WINDOWS\System32\PSAPI.DLL
0x00007ff9538d0000 - 0x00007ff9538da000 	C:\WINDOWS\SYSTEM32\VERSION.dll
0x00007ff953410000 - 0x00007ff953434000 	C:\WINDOWS\SYSTEM32\WINMM.dll
0x00007ff9533e0000 - 0x00007ff95340d000 	C:\WINDOWS\SYSTEM32\WINMMBASE.dll
0x00007ff95c920000 - 0x00007ff95c96a000 	C:\WINDOWS\System32\cfgmgr32.dll
0x00007ff948320000 - 0x00007ff948329000 	C:\WINDOWS\SYSTEM32\WSOCK32.dll
0x00007ff95f6a0000 - 0x00007ff95f70d000 	C:\WINDOWS\System32\WS2_32.dll
0x00007ff9558e0000 - 0x00007ff9558ef000 	C:\Program Files\Android\Android Studio\jre\jre\bin\verify.dll
0x00007ff952bc0000 - 0x00007ff952be9000 	C:\Program Files\Android\Android Studio\jre\jre\bin\java.dll
0x00007ff952ba0000 - 0x00007ff952bb6000 	C:\Program Files\Android\Android Studio\jre\jre\bin\zip.dll
0x00007ff95d4c0000 - 0x00007ff95e9b0000 	C:\WINDOWS\System32\SHELL32.dll
0x00007ff95f030000 - 0x00007ff95f0d8000 	C:\WINDOWS\System32\shcore.dll
0x00007ff95c970000 - 0x00007ff95d0ba000 	C:\WINDOWS\System32\windows.storage.dll
0x00007ff95beb0000 - 0x00007ff95bed4000 	C:\WINDOWS\System32\profapi.dll
0x00007ff95bf00000 - 0x00007ff95bf5d000 	C:\WINDOWS\System32\powrprof.dll
0x00007ff95d120000 - 0x00007ff95d172000 	C:\WINDOWS\System32\shlwapi.dll
0x00007ff95be90000 - 0x00007ff95bea1000 	C:\WINDOWS\System32\kernel.appcore.dll
0x00007ff95c740000 - 0x00007ff95c757000 	C:\WINDOWS\System32\cryptsp.dll
0x00007ff952b10000 - 0x00007ff952b2a000 	C:\Program Files\Android\Android Studio\jre\jre\bin\net.dll
0x00007ff95b710000 - 0x00007ff95b777000 	C:\WINDOWS\system32\mswsock.dll
0x00007ff952a50000 - 0x00007ff952a61000 	C:\Program Files\Android\Android Studio\jre\jre\bin\nio.dll
0x00007ff949410000 - 0x00007ff94942e000 	C:\Users\KasuN\.gradle\native\25\windows-amd64\native-platform.dll
0x00007ff952b90000 - 0x00007ff952b9d000 	C:\Program Files\Android\Android Studio\jre\jre\bin\management.dll
0x00007ff95b2d0000 - 0x00007ff95b303000 	C:\WINDOWS\system32\rsaenh.dll
0x00007ff95c500000 - 0x00007ff95c526000 	C:\WINDOWS\System32\bcrypt.dll
0x00007ff95bdc0000 - 0x00007ff95bde8000 	C:\WINDOWS\SYSTEM32\USERENV.dll
0x00007ff95b8e0000 - 0x00007ff95b8ec000 	C:\WINDOWS\SYSTEM32\CRYPTBASE.dll
0x00007ff95b470000 - 0x00007ff95b4ad000 	C:\WINDOWS\SYSTEM32\IPHLPAPI.DLL
0x00007ff95d180000 - 0x00007ff95d188000 	C:\WINDOWS\System32\NSI.dll
0x00007ff953ee0000 - 0x00007ff953ef6000 	C:\WINDOWS\SYSTEM32\dhcpcsvc6.DLL
0x00007ff9545d0000 - 0x00007ff9545ec000 	C:\WINDOWS\SYSTEM32\dhcpcsvc.DLL
0x00007ff95b4b0000 - 0x00007ff95b576000 	C:\WINDOWS\SYSTEM32\DNSAPI.dll

VM Arguments:
jvm_args: -Xmx1536m -Dfile.encoding=windows-1252 -Duser.country=US -Duser.language=en -Duser.variant 
java_command: org.gradle.launcher.daemon.bootstrap.GradleDaemon 4.6
java_class_path (initial): C:\Users\KasuN\.gradle\wrapper\dists\gradle-4.6-all\bcst21l2brirad8k2ben1letg\gradle-4.6\lib\gradle-launcher-4.6.jar
Launcher Type: SUN_STANDARD

Environment Variables:
PATH=C:\Program Files (x86)\PC Connectivity Solution\;C:\ProgramData\Oracle\Java\javapath;C:\WINDOWS\system32;C:\WINDOWS;C:\WINDOWS\System32\Wbem;C:\WINDOWS\System32\WindowsPowerShell\v1.0\;C:\Program Files\Microsoft SQL Server\120\Tools\Binn\;C:\Program Files\Microsoft SQL Server\Client SDK\ODBC\110\Tools\Binn\;C:\Program Files (x86)\Microsoft SQL Server\120\Tools\Binn\;C:\Program Files\Microsoft SQL Server\120\DTS\Binn\;C:\Program Files (x86)\Microsoft SQL Server\120\Tools\Binn\ManagementStudio\;C:\Program Files (x86)\Microsoft SQL Server\120\DTS\Binn\;C:\WINDOWS\system32\config\systemprofile\.dnx\bin;C:\Program Files\Microsoft DNX\Dnvm\;C:\Program Files\Microsoft SQL Server\130\Tools\Binn\;C:\Program Files (x86)\Microsoft SQL Server\90\Tools\binn\;C:\Program Files\Java\jdk1.8.0_45\bin;C:\Program Files\Git\cmd;C:\WINDOWS\System32\OpenSSH\;C:\Users\KasuN\AppData\Local\Microsoft\WindowsApps;
USERNAME=KasuN
OS=Windows_NT
PROCESSOR_IDENTIFIER=Intel64 Family 6 Model 69 Stepping 1, GenuineIntel



---------------  S Y S T E M  ---------------

OS: Windows 10.0 , 64 bit Build 17763 (10.0.17763.437)

CPU:total 4 (initial active 4) (2 cores per cpu, 2 threads per core) family 6 model 69 stepping 1, cmov, cx8, fxsr, mmx, sse, sse2, sse3, ssse3, sse4.1, sse4.2, popcnt, avx, avx2, aes, clmul, erms, lzcnt, ht, tsc, tscinvbit, bmi1, bmi2

Memory: 4k page, physical 4096184k(266328k free), swap 16679096k(3736k free)

vm_info: OpenJDK 64-Bit Server VM (25.152-b01) for windows-amd64 JRE (1.8.0_152-release-1248-b01), built by "builder" with MS VC++ 10.0 (VS2010)

time: Tue May 21 11:05:02 2019
elapsed time: 19 seconds (0d 0h 0m 19s)

