#
# There is insufficient memory for the Java Runtime Environment to continue.
# Native memory allocation (malloc) failed to allocate 1005776 bytes for Chunk::new
# Possible reasons:
#   The system is out of physical RAM or swap space
#   In 32 bit mode, the process size limit was hit
# Possible solutions:
#   Reduce memory load on the system
#   Increase physical memory or swap space
#   Check if swap backing store is full
#   Use 64 bit Java on a 64 bit OS
#   Decrease Java heap size (-Xmx/-Xms)
#   Decrease number of Java threads
#   Decrease Java thread stack sizes (-Xss)
#   Set larger code cache with -XX:ReservedCodeCacheSize=
# This output file may be truncated or incomplete.
#
#  Out of Memory Error (allocation.cpp:390), pid=14104, tid=0x00000000000029a0
#
# JRE version: OpenJDK Runtime Environment (8.0_152-b01) (build 1.8.0_152-release-1248-b01)
# Java VM: OpenJDK 64-Bit Server VM (25.152-b01 mixed mode windows-amd64 compressed oops)
# Failed to write core dump. Minidumps are not enabled by default on client versions of Windows
#

---------------  T H R E A D  ---------------

Current thread (0x0000000015fa0000):  JavaThread "C2 CompilerThread1" daemon [_thread_in_native, id=10656, stack(0x00000000176f0000,0x00000000177f0000)]

Stack: [0x00000000176f0000,0x00000000177f0000]
[error occurred during error reporting (printing stack bounds), id 0xc0000005]

Native frames: (J=compiled Java code, j=interpreted, Vv=VM code, C=native code)


Current CompileTask:
C2:  12934 1389       4       java.net.URLClassLoader$1::run (5 bytes)


---------------  P R O C E S S  ---------------

Java Threads: ( => current thread )
  0x0000000017a35800 JavaThread "File lock request listener" [_thread_in_native, id=13492, stack(0x000000001aa40000,0x000000001ab40000)]
  0x000000001816d800 JavaThread "Cache worker for file hash cache (C:\Users\KasuN\.gradle\caches\4.6\fileHashes)" [_thread_blocked, id=14984, stack(0x000000001a940000,0x000000001aa40000)]
  0x0000000018d65800 JavaThread "Stdin handler" [_thread_blocked, id=3424, stack(0x000000001a640000,0x000000001a740000)]
  0x0000000018328000 JavaThread "Asynchronous log dispatcher for DefaultDaemonConnection: socket connection from /127.0.0.1:57097 to /127.0.0.1:57098" [_thread_blocked, id=6308, stack(0x000000001a540000,0x000000001a640000)]
  0x00000000179db800 JavaThread "Daemon worker" [_thread_in_vm, id=15692, stack(0x000000001a440000,0x000000001a540000)]
  0x000000001833b800 JavaThread "Cancel handler" [_thread_blocked, id=10180, stack(0x000000001a340000,0x000000001a440000)]
  0x00000000181bf000 JavaThread "Handler for socket connection from /127.0.0.1:57097 to /127.0.0.1:57098" [_thread_in_native, id=13876, stack(0x000000001a040000,0x000000001a140000)]
  0x00000000181be800 JavaThread "Daemon" [_thread_blocked, id=8020, stack(0x0000000019f40000,0x000000001a040000)]
  0x0000000018249800 JavaThread "Daemon periodic checks" [_thread_blocked, id=12904, stack(0x0000000019e40000,0x0000000019f40000)]
  0x0000000018c2c000 JavaThread "Incoming local TCP Connector on port 57097" [_thread_in_native, id=12512, stack(0x0000000019c00000,0x0000000019d00000)]
  0x0000000015fec800 JavaThread "Service Thread" daemon [_thread_blocked, id=13480, stack(0x0000000017cf0000,0x0000000017df0000)]
  0x0000000015fde800 JavaThread "C1 CompilerThread2" daemon [_thread_in_native, id=5660, stack(0x00000000177f0000,0x00000000178f0000)]
=>0x0000000015fa0000 JavaThread "C2 CompilerThread1" daemon [_thread_in_native, id=10656, stack(0x00000000176f0000,0x00000000177f0000)]
  0x0000000015f89800 JavaThread "C2 CompilerThread0" daemon [_thread_blocked, id=15892, stack(0x00000000175f0000,0x00000000176f0000)]
  0x0000000015f96000 JavaThread "Attach Listener" daemon [_thread_blocked, id=11932, stack(0x00000000174f0000,0x00000000175f0000)]
  0x0000000015f95000 JavaThread "Signal Dispatcher" daemon [_thread_blocked, id=12732, stack(0x00000000173f0000,0x00000000174f0000)]
  0x00000000025fb800 JavaThread "Finalizer" daemon [_thread_blocked, id=32, stack(0x00000000171f0000,0x00000000172f0000)]
  0x00000000025f0800 JavaThread "Reference Handler" daemon [_thread_blocked, id=10080, stack(0x00000000170f0000,0x00000000171f0000)]
  0x00000000024fe000 JavaThread "main" [_thread_blocked, id=2632, stack(0x00000000023e0000,0x00000000024e0000)]

Other Threads:
  0x0000000015f56000 VMThread [stack: 0x0000000016ff0000,0x00000000170f0000] [id=9700]
  0x0000000015fed800 WatcherThread [stack: 0x0000000017df0000,0x0000000017ef0000] [id=9020]

VM state:not at safepoint (normal execution)

VM Mutex/Monitor currently owned by a thread: None

Heap:
 PSYoungGen      total 37376K, used 6219K [0x00000000e0000000, 0x00000000e2b00000, 0x0000000100000000)
  eden space 32256K, 5% used [0x00000000e0000000,0x00000000e01be5b8,0x00000000e1f80000)
  from space 5120K, 86% used [0x00000000e2500000,0x00000000e29546a8,0x00000000e2a00000)
  to   space 5632K, 0% used [0x00000000e1f80000,0x00000000e1f80000,0x00000000e2500000)
 ParOldGen       total 44032K, used 4752K [0x00000000a0000000, 0x00000000a2b00000, 0x00000000e0000000)
  object space 44032K, 10% used [0x00000000a0000000,0x00000000a04a42d8,0x00000000a2b00000)
 Metaspace       used 14445K, capacity 14800K, committed 14976K, reserved 1062912K
  class space    used 2021K, capacity 2154K, committed 2176K, reserved 1048576K

Card table byte_map: [0x00000000119c0000,0x0000000011cd0000] byte_map_base: 0x00000000114c0000

Marking Bits: (ParMarkBitMap*) 0x000000005cb55aa0
 Begin Bits: [0x00000000122d0000, 0x0000000013ad0000)
 End Bits:   [0x0000000013ad0000, 0x00000000152d0000)

Polling page: 0x0000000000700000

CodeCache: size=245760Kb used=4819Kb max_used=4829Kb free=240940Kb
 bounds [0x0000000002600000, 0x0000000002ac0000, 0x0000000011600000]
 total_blobs=1742 nmethods=1374 adapters=281
 compilation: enabled

Compilation events (10 events):
Event: 12.732 Thread 0x0000000015fde800 1390       3       sun.reflect.ReflectionFactory::inflationThreshold (4 bytes)
Event: 12.732 Thread 0x0000000015fde800 nmethod 1390 0x0000000002ab0c50 code [0x0000000002ab0da0, 0x0000000002ab0ed0]
Event: 12.739 Thread 0x0000000015fde800 1391       3       java.lang.reflect.Constructor::<init> (50 bytes)
Event: 12.739 Thread 0x0000000015fde800 nmethod 1391 0x0000000002ab3050 code [0x0000000002ab31c0, 0x0000000002ab34d0]
Event: 12.769 Thread 0x0000000015fde800 1393       3       java.lang.reflect.Field::copy (76 bytes)
Event: 12.769 Thread 0x0000000015fde800 nmethod 1393 0x0000000002ab26d0 code [0x0000000002ab2860, 0x0000000002ab2bb8]
Event: 12.770 Thread 0x0000000015fde800 1394       3       java.lang.reflect.Field::<init> (44 bytes)
Event: 12.770 Thread 0x0000000015fde800 nmethod 1394 0x0000000002ab2150 code [0x0000000002ab22c0, 0x0000000002ab2550]
Event: 12.844 Thread 0x0000000015f89800 1395       4       java.lang.ref.ReferenceQueue::reallyPoll (66 bytes)
Event: 12.846 Thread 0x0000000015f89800 nmethod 1395 0x0000000002ab4450 code [0x0000000002ab4580, 0x0000000002ab46b8]

GC Heap History (10 events):
Event: 2.929 GC heap before
{Heap before GC invocations=2 (full 0):
 PSYoungGen      total 18944K, used 18935K [0x00000000e0000000, 0x00000000e1500000, 0x0000000100000000)
  eden space 16384K, 100% used [0x00000000e0000000,0x00000000e1000000,0x00000000e1000000)
  from space 2560K, 99% used [0x00000000e1000000,0x00000000e127dfb8,0x00000000e1280000)
  to   space 2560K, 0% used [0x00000000e1280000,0x00000000e1280000,0x00000000e1500000)
 ParOldGen       total 44032K, used 397K [0x00000000a0000000, 0x00000000a2b00000, 0x00000000e0000000)
  object space 44032K, 0% used [0x00000000a0000000,0x00000000a0063688,0x00000000a2b00000)
 Metaspace       used 6641K, capacity 6766K, committed 7040K, reserved 1056768K
  class space    used 808K, capacity 875K, committed 896K, reserved 1048576K
Event: 2.935 GC heap after
Heap after GC invocations=2 (full 0):
 PSYoungGen      total 18944K, used 2554K [0x00000000e0000000, 0x00000000e1500000, 0x0000000100000000)
  eden space 16384K, 0% used [0x00000000e0000000,0x00000000e0000000,0x00000000e1000000)
  from space 2560K, 99% used [0x00000000e1280000,0x00000000e14fe8f0,0x00000000e1500000)
  to   space 2560K, 0% used [0x00000000e1000000,0x00000000e1000000,0x00000000e1280000)
 ParOldGen       total 44032K, used 482K [0x00000000a0000000, 0x00000000a2b00000, 0x00000000e0000000)
  object space 44032K, 1% used [0x00000000a0000000,0x00000000a0078b48,0x00000000a2b00000)
 Metaspace       used 6641K, capacity 6766K, committed 7040K, reserved 1056768K
  class space    used 808K, capacity 875K, committed 896K, reserved 1048576K
}
Event: 3.743 GC heap before
{Heap before GC invocations=3 (full 0):
 PSYoungGen      total 18944K, used 18938K [0x00000000e0000000, 0x00000000e1500000, 0x0000000100000000)
  eden space 16384K, 100% used [0x00000000e0000000,0x00000000e1000000,0x00000000e1000000)
  from space 2560K, 99% used [0x00000000e1280000,0x00000000e14fe8f0,0x00000000e1500000)
  to   space 2560K, 0% used [0x00000000e1000000,0x00000000e1000000,0x00000000e1280000)
 ParOldGen       total 44032K, used 482K [0x00000000a0000000, 0x00000000a2b00000, 0x00000000e0000000)
  object space 44032K, 1% used [0x00000000a0000000,0x00000000a0078b48,0x00000000a2b00000)
 Metaspace       used 6958K, capacity 7112K, committed 7424K, reserved 1056768K
  class space    used 870K, capacity 948K, committed 1024K, reserved 1048576K
Event: 3.753 GC heap after
Heap after GC invocations=3 (full 0):
 PSYoungGen      total 18944K, used 2544K [0x00000000e0000000, 0x00000000e1500000, 0x0000000100000000)
  eden space 16384K, 0% used [0x00000000e0000000,0x00000000e0000000,0x00000000e1000000)
  from space 2560K, 99% used [0x00000000e1000000,0x00000000e127c030,0x00000000e1280000)
  to   space 2560K, 0% used [0x00000000e1280000,0x00000000e1280000,0x00000000e1500000)
 ParOldGen       total 44032K, used 746K [0x00000000a0000000, 0x00000000a2b00000, 0x00000000e0000000)
  object space 44032K, 1% used [0x00000000a0000000,0x00000000a00ba868,0x00000000a2b00000)
 Metaspace       used 6958K, capacity 7112K, committed 7424K, reserved 1056768K
  class space    used 870K, capacity 948K, committed 1024K, reserved 1048576K
}
Event: 11.068 GC heap before
{Heap before GC invocations=4 (full 0):
 PSYoungGen      total 18944K, used 18928K [0x00000000e0000000, 0x00000000e1500000, 0x0000000100000000)
  eden space 16384K, 100% used [0x00000000e0000000,0x00000000e1000000,0x00000000e1000000)
  from space 2560K, 99% used [0x00000000e1000000,0x00000000e127c030,0x00000000e1280000)
  to   space 2560K, 0% used [0x00000000e1280000,0x00000000e1280000,0x00000000e1500000)
 ParOldGen       total 44032K, used 746K [0x00000000a0000000, 0x00000000a2b00000, 0x00000000e0000000)
  object space 44032K, 1% used [0x00000000a0000000,0x00000000a00ba868,0x00000000a2b00000)
 Metaspace       used 10876K, capacity 11080K, committed 11264K, reserved 1058816K
  class space    used 1422K, capacity 1518K, committed 1536K, reserved 1048576K
Event: 11.101 GC heap after
Heap after GC invocations=4 (full 0):
 PSYoungGen      total 18944K, used 2544K [0x00000000e0000000, 0x00000000e1500000, 0x0000000100000000)
  eden space 16384K, 0% used [0x00000000e0000000,0x00000000e0000000,0x00000000e1000000)
  from space 2560K, 99% used [0x00000000e1280000,0x00000000e14fc010,0x00000000e1500000)
  to   space 2560K, 0% used [0x00000000e1000000,0x00000000e1000000,0x00000000e1280000)
 ParOldGen       total 44032K, used 2815K [0x00000000a0000000, 0x00000000a2b00000, 0x00000000e0000000)
  object space 44032K, 6% used [0x00000000a0000000,0x00000000a02bff90,0x00000000a2b00000)
 Metaspace       used 10876K, capacity 11080K, committed 11264K, reserved 1058816K
  class space    used 1422K, capacity 1518K, committed 1536K, reserved 1048576K
}
Event: 11.987 GC heap before
{Heap before GC invocations=5 (full 0):
 PSYoungGen      total 18944K, used 18928K [0x00000000e0000000, 0x00000000e1500000, 0x0000000100000000)
  eden space 16384K, 100% used [0x00000000e0000000,0x00000000e1000000,0x00000000e1000000)
  from space 2560K, 99% used [0x00000000e1280000,0x00000000e14fc010,0x00000000e1500000)
  to   space 2560K, 0% used [0x00000000e1000000,0x00000000e1000000,0x00000000e1280000)
 ParOldGen       total 44032K, used 2815K [0x00000000a0000000, 0x00000000a2b00000, 0x00000000e0000000)
  object space 44032K, 6% used [0x00000000a0000000,0x00000000a02bff90,0x00000000a2b00000)
 Metaspace       used 12877K, capacity 13260K, committed 13440K, reserved 1060864K
  class space    used 1751K, capacity 1896K, committed 1920K, reserved 1048576K
Event: 12.027 GC heap after
Heap after GC invocations=5 (full 0):
 PSYoungGen      total 18944K, used 2528K [0x00000000e0000000, 0x00000000e2a00000, 0x0000000100000000)
  eden space 16384K, 0% used [0x00000000e0000000,0x00000000e0000000,0x00000000e1000000)
  from space 2560K, 98% used [0x00000000e1000000,0x00000000e1278040,0x00000000e1280000)
  to   space 5120K, 0% used [0x00000000e2500000,0x00000000e2500000,0x00000000e2a00000)
 ParOldGen       total 44032K, used 4752K [0x00000000a0000000, 0x00000000a2b00000, 0x00000000e0000000)
  object space 44032K, 10% used [0x00000000a0000000,0x00000000a04a42d8,0x00000000a2b00000)
 Metaspace       used 12877K, capacity 13260K, committed 13440K, reserved 1060864K
  class space    used 1751K, capacity 1896K, committed 1920K, reserved 1048576K
}
Event: 12.812 GC heap before
{Heap before GC invocations=6 (full 0):
 PSYoungGen      total 18944K, used 18912K [0x00000000e0000000, 0x00000000e2a00000, 0x0000000100000000)
  eden space 16384K, 100% used [0x00000000e0000000,0x00000000e1000000,0x00000000e1000000)
  from space 2560K, 98% used [0x00000000e1000000,0x00000000e1278040,0x00000000e1280000)
  to   space 5120K, 0% used [0x00000000e2500000,0x00000000e2500000,0x00000000e2a00000)
 ParOldGen       total 44032K, used 4752K [0x00000000a0000000, 0x00000000a2b00000, 0x00000000e0000000)
  object space 44032K, 10% used [0x00000000a0000000,0x00000000a04a42d8,0x00000000a2b00000)
 Metaspace       used 14252K, capacity 14576K, committed 14720K, reserved 1062912K
  class space    used 1990K, capacity 2122K, committed 2176K, reserved 1048576K
Event: 12.842 GC heap after
Heap after GC invocations=6 (full 0):
 PSYoungGen      total 37376K, used 4433K [0x00000000e0000000, 0x00000000e2b00000, 0x0000000100000000)
  eden space 32256K, 0% used [0x00000000e0000000,0x00000000e0000000,0x00000000e1f80000)
  from space 5120K, 86% used [0x00000000e2500000,0x00000000e29546a8,0x00000000e2a00000)
  to   space 5632K, 0% used [0x00000000e1f80000,0x00000000e1f80000,0x00000000e2500000)
 ParOldGen       total 44032K, used 4752K [0x00000000a0000000, 0x00000000a2b00000, 0x00000000e0000000)
  object space 44032K, 10% used [0x00000000a0000000,0x00000000a04a42d8,0x00000000a2b00000)
 Metaspace       used 14252K, capacity 14576K, committed 14720K, reserved 1062912K
  class space    used 1990K, capacity 2122K, committed 2176K, reserved 1048576K
}

Deoptimization events (10 events):
Event: 4.617 Thread 0x00000000024fe000 Uncommon trap: reason=bimorphic action=maybe_recompile pc=0x000000000294978c method=java.util.HashMap.putVal(ILjava/lang/Object;Ljava/lang/Object;ZZ)Ljava/lang/Object; @ 203
Event: 6.250 Thread 0x00000000024fe000 Uncommon trap: reason=unstable_if action=reinterpret pc=0x00000000028a2a18 method=java.io.WinNTFileSystem.normalize(Ljava/lang/String;)Ljava/lang/String; @ 128
Event: 6.250 Thread 0x00000000024fe000 Uncommon trap: reason=unstable_if action=reinterpret pc=0x0000000002933370 method=java.io.WinNTFileSystem.normalize(Ljava/lang/String;II)Ljava/lang/String; @ 90
Event: 11.266 Thread 0x00000000181bf000 Uncommon trap: reason=unstable_if action=reinterpret pc=0x0000000002a27fb0 method=java.util.concurrent.ConcurrentHashMap.putVal(Ljava/lang/Object;Ljava/lang/Object;Z)Ljava/lang/Object; @ 206
Event: 11.514 Thread 0x00000000179db800 Uncommon trap: reason=bimorphic action=maybe_recompile pc=0x00000000029488c4 method=java.util.HashMap.putVal(ILjava/lang/Object;Ljava/lang/Object;ZZ)Ljava/lang/Object; @ 253
Event: 11.514 Thread 0x00000000179db800 Uncommon trap: reason=bimorphic action=maybe_recompile pc=0x00000000029488c4 method=java.util.HashMap.putVal(ILjava/lang/Object;Ljava/lang/Object;ZZ)Ljava/lang/Object; @ 253
Event: 12.441 Thread 0x00000000179db800 Uncommon trap: reason=class_check action=maybe_recompile pc=0x000000000289da44 method=java.util.regex.Matcher.match(II)Z @ 86
Event: 12.443 Thread 0x00000000179db800 Uncommon trap: reason=class_check action=maybe_recompile pc=0x000000000289da44 method=java.util.regex.Matcher.match(II)Z @ 86
Event: 12.671 Thread 0x00000000179db800 Uncommon trap: reason=class_check action=maybe_recompile pc=0x0000000002869b1c method=java.util.regex.Matcher.match(II)Z @ 86
Event: 12.903 Thread 0x00000000179db800 Uncommon trap: reason=unstable_if action=reinterpret pc=0x000000000274c3b4 method=java.lang.String.lastIndexOf([CII[CIII)I @ 66

Classes redefined (0 events):
No events

Internal exceptions (10 events):
Event: 11.318 Thread 0x00000000181bf000 Exception <a 'java/lang/NoSuchMethodError': <clinit>> (0x00000000e026acf8) thrown at [D:\src\AOSP-openjdk-cygwin\jdk8u\hotspot\src\share\vm\prims\jni.cpp, line 1613]
Event: 11.320 Thread 0x00000000181bf000 Exception <a 'java/lang/NoSuchMethodError': <clinit>> (0x00000000e02737c0) thrown at [D:\src\AOSP-openjdk-cygwin\jdk8u\hotspot\src\share\vm\prims\jni.cpp, line 1613]
Event: 11.326 Thread 0x00000000181bf000 Exception <a 'java/lang/NoSuchMethodError': <clinit>> (0x00000000e0284e40) thrown at [D:\src\AOSP-openjdk-cygwin\jdk8u\hotspot\src\share\vm\prims\jni.cpp, line 1613]
Event: 11.386 Thread 0x00000000181bf000 Exception <a 'java/lang/NoSuchMethodError': <clinit>> (0x00000000e02f97c8) thrown at [D:\src\AOSP-openjdk-cygwin\jdk8u\hotspot\src\share\vm\prims\jni.cpp, line 1613]
Event: 11.405 Thread 0x00000000181bf000 Exception <a 'java/lang/NoSuchMethodError': <clinit>> (0x00000000e031ed40) thrown at [D:\src\AOSP-openjdk-cygwin\jdk8u\hotspot\src\share\vm\prims\jni.cpp, line 1613]
Event: 11.412 Thread 0x00000000181bf000 Exception <a 'java/lang/NoSuchMethodError': <clinit>> (0x00000000e0339308) thrown at [D:\src\AOSP-openjdk-cygwin\jdk8u\hotspot\src\share\vm\prims\jni.cpp, line 1613]
Event: 11.415 Thread 0x00000000181bf000 Exception <a 'java/lang/NoSuchMethodError': <clinit>> (0x00000000e0345280) thrown at [D:\src\AOSP-openjdk-cygwin\jdk8u\hotspot\src\share\vm\prims\jni.cpp, line 1613]
Event: 11.421 Thread 0x00000000181bf000 Exception <a 'java/lang/NoSuchMethodError': <clinit>> (0x00000000e0368a98) thrown at [D:\src\AOSP-openjdk-cygwin\jdk8u\hotspot\src\share\vm\prims\jni.cpp, line 1613]
Event: 11.469 Thread 0x00000000179db800 Exception <a 'java/lang/NoSuchMethodError': <clinit>> (0x00000000e04421e8) thrown at [D:\src\AOSP-openjdk-cygwin\jdk8u\hotspot\src\share\vm\prims\jni.cpp, line 1613]
Event: 11.471 Thread 0x00000000179db800 Exception <a 'java/lang/NoSuchMethodError': <clinit>> (0x00000000e044a470) thrown at [D:\src\AOSP-openjdk-cygwin\jdk8u\hotspot\src\share\vm\prims\jni.cpp, line 1613]

Events (10 events):
Event: 12.922 loading class com/google/common/io/CharSource$ConcatenatedCharSource
Event: 12.922 loading class com/google/common/io/CharSource$ConcatenatedCharSource done
Event: 12.925 loading class org/gradle/configuration/DefaultImportsReader$1
Event: 12.925 loading class org/gradle/configuration/DefaultImportsReader$1 done
Event: 12.927 loading class com/google/common/io/Closer
Event: 12.927 loading class com/google/common/io/Closer done
Event: 12.929 loading class com/google/common/io/Closer$SuppressingSuppressor
Event: 12.929 loading class com/google/common/io/Closer$SuppressingSuppressor done
Event: 12.930 loading class com/google/common/io/Closer$Suppressor
Event: 12.930 loading class com/google/common/io/Closer$Suppressor done


Dynamic libraries:
0x00007ff61ef60000 - 0x00007ff61ef91000 	C:\Program Files\Android\Android Studio\jre\bin\java.exe
0x00007ff95fe90000 - 0x00007ff96007d000 	C:\WINDOWS\SYSTEM32\ntdll.dll
0x00007ff95fbf0000 - 0x00007ff95fca3000 	C:\WINDOWS\System32\KERNEL32.DLL
0x00007ff95bf60000 - 0x00007ff95c1f3000 	C:\WINDOWS\System32\KERNELBASE.dll
0x00007ff95f7b0000 - 0x00007ff95f853000 	C:\WINDOWS\System32\ADVAPI32.dll
0x00007ff95f3a0000 - 0x00007ff95f43e000 	C:\WINDOWS\System32\msvcrt.dll
0x00007ff95f710000 - 0x00007ff95f7ae000 	C:\WINDOWS\System32\sechost.dll
0x00007ff95f440000 - 0x00007ff95f562000 	C:\WINDOWS\System32\RPCRT4.dll
0x00007ff95fcb0000 - 0x00007ff95fe47000 	C:\WINDOWS\System32\USER32.dll
0x00007ff95c760000 - 0x00007ff95c780000 	C:\WINDOWS\System32\win32u.dll
0x00007ff95ee30000 - 0x00007ff95ee59000 	C:\WINDOWS\System32\GDI32.dll
0x00007ff95c780000 - 0x00007ff95c91a000 	C:\WINDOWS\System32\gdi32full.dll
0x00007ff95c200000 - 0x00007ff95c2a0000 	C:\WINDOWS\System32\msvcp_win.dll
0x00007ff95c640000 - 0x00007ff95c73a000 	C:\WINDOWS\System32\ucrtbase.dll
0x00007ff951d00000 - 0x00007ff951f79000 	C:\WINDOWS\WinSxS\amd64_microsoft.windows.common-controls_6595b64144ccf1df_6.0.17763.437_none_05b63dca071e5dd6\COMCTL32.dll
0x00007ff95f8c0000 - 0x00007ff95fbec000 	C:\WINDOWS\System32\combase.dll
0x00007ff95c2a0000 - 0x00007ff95c31e000 	C:\WINDOWS\System32\bcryptPrimitives.dll
0x00007ff95f0e0000 - 0x00007ff95f10e000 	C:\WINDOWS\System32\IMM32.DLL
0x000000005c2b0000 - 0x000000005c382000 	C:\Program Files\Android\Android Studio\jre\jre\bin\msvcr100.dll
0x000000005c390000 - 0x000000005cbd1000 	C:\Program Files\Android\Android Studio\jre\jre\bin\server\jvm.dll
0x00007ff95fe50000 - 0x00007ff95fe58000 	C:\WINDOWS\System32\PSAPI.DLL
0x00007ff953410000 - 0x00007ff953434000 	C:\WINDOWS\SYSTEM32\WINMM.dll
0x00007ff9538d0000 - 0x00007ff9538da000 	C:\WINDOWS\SYSTEM32\VERSION.dll
0x00007ff948320000 - 0x00007ff948329000 	C:\WINDOWS\SYSTEM32\WSOCK32.dll
0x00007ff95f6a0000 - 0x00007ff95f70d000 	C:\WINDOWS\System32\WS2_32.dll
0x00007ff9533e0000 - 0x00007ff95340d000 	C:\WINDOWS\SYSTEM32\WINMMBASE.dll
0x00007ff95c920000 - 0x00007ff95c96a000 	C:\WINDOWS\System32\cfgmgr32.dll
0x00007ff9558e0000 - 0x00007ff9558ef000 	C:\Program Files\Android\Android Studio\jre\jre\bin\verify.dll
0x00007ff952a40000 - 0x00007ff952a69000 	C:\Program Files\Android\Android Studio\jre\jre\bin\java.dll
0x00007ff952b90000 - 0x00007ff952ba6000 	C:\Program Files\Android\Android Studio\jre\jre\bin\zip.dll
0x00007ff95d4c0000 - 0x00007ff95e9b0000 	C:\WINDOWS\System32\SHELL32.dll
0x00007ff95f030000 - 0x00007ff95f0d8000 	C:\WINDOWS\System32\shcore.dll
0x00007ff95c970000 - 0x00007ff95d0ba000 	C:\WINDOWS\System32\windows.storage.dll
0x00007ff95beb0000 - 0x00007ff95bed4000 	C:\WINDOWS\System32\profapi.dll
0x00007ff95bf00000 - 0x00007ff95bf5d000 	C:\WINDOWS\System32\powrprof.dll
0x00007ff95d120000 - 0x00007ff95d172000 	C:\WINDOWS\System32\shlwapi.dll
0x00007ff95be90000 - 0x00007ff95bea1000 	C:\WINDOWS\System32\kernel.appcore.dll
0x00007ff95c740000 - 0x00007ff95c757000 	C:\WINDOWS\System32\cryptsp.dll
0x00007ff952b10000 - 0x00007ff952b2a000 	C:\Program Files\Android\Android Studio\jre\jre\bin\net.dll
0x00007ff95b710000 - 0x00007ff95b777000 	C:\WINDOWS\system32\mswsock.dll
0x00007ff952a20000 - 0x00007ff952a31000 	C:\Program Files\Android\Android Studio\jre\jre\bin\nio.dll
0x00007ff93bf70000 - 0x00007ff93bf8e000 	C:\Users\KasuN\.gradle\native\25\windows-amd64\native-platform.dll
0x00007ff9521e0000 - 0x00007ff9521ed000 	C:\Program Files\Android\Android Studio\jre\jre\bin\management.dll
0x00007ff95b2d0000 - 0x00007ff95b303000 	C:\WINDOWS\system32\rsaenh.dll
0x00007ff95c500000 - 0x00007ff95c526000 	C:\WINDOWS\System32\bcrypt.dll
0x00007ff95bdc0000 - 0x00007ff95bde8000 	C:\WINDOWS\SYSTEM32\USERENV.dll
0x00007ff95b8e0000 - 0x00007ff95b8ec000 	C:\WINDOWS\SYSTEM32\CRYPTBASE.dll
0x00007ff95b470000 - 0x00007ff95b4ad000 	C:\WINDOWS\SYSTEM32\IPHLPAPI.DLL
0x00007ff95d180000 - 0x00007ff95d188000 	C:\WINDOWS\System32\NSI.dll
0x00007ff953ee0000 - 0x00007ff953ef6000 	C:\WINDOWS\SYSTEM32\dhcpcsvc6.DLL
0x00007ff9545d0000 - 0x00007ff9545ec000 	C:\WINDOWS\SYSTEM32\dhcpcsvc.DLL
0x00007ff95b4b0000 - 0x00007ff95b576000 	C:\WINDOWS\SYSTEM32\DNSAPI.dll

VM Arguments:
jvm_args: -Xmx1536m -Dfile.encoding=windows-1252 -Duser.country=US -Duser.language=en -Duser.variant 
java_command: org.gradle.launcher.daemon.bootstrap.GradleDaemon 4.6
java_class_path (initial): C:\Users\KasuN\.gradle\wrapper\dists\gradle-4.6-all\bcst21l2brirad8k2ben1letg\gradle-4.6\lib\gradle-launcher-4.6.jar
Launcher Type: SUN_STANDARD

Environment Variables:
PATH=C:\Program Files (x86)\PC Connectivity Solution\;C:\ProgramData\Oracle\Java\javapath;C:\WINDOWS\system32;C:\WINDOWS;C:\WINDOWS\System32\Wbem;C:\WINDOWS\System32\WindowsPowerShell\v1.0\;C:\Program Files\Microsoft SQL Server\120\Tools\Binn\;C:\Program Files\Microsoft SQL Server\Client SDK\ODBC\110\Tools\Binn\;C:\Program Files (x86)\Microsoft SQL Server\120\Tools\Binn\;C:\Program Files\Microsoft SQL Server\120\DTS\Binn\;C:\Program Files (x86)\Microsoft SQL Server\120\Tools\Binn\ManagementStudio\;C:\Program Files (x86)\Microsoft SQL Server\120\DTS\Binn\;C:\WINDOWS\system32\config\systemprofile\.dnx\bin;C:\Program Files\Microsoft DNX\Dnvm\;C:\Program Files\Microsoft SQL Server\130\Tools\Binn\;C:\Program Files (x86)\Microsoft SQL Server\90\Tools\binn\;C:\Program Files\Java\jdk1.8.0_45\bin;C:\Program Files\Git\cmd;C:\WINDOWS\System32\OpenSSH\;C:\Users\KasuN\AppData\Local\Microsoft\WindowsApps;
USERNAME=KasuN
OS=Windows_NT
PROCESSOR_IDENTIFIER=Intel64 Family 6 Model 69 Stepping 1, GenuineIntel



---------------  S Y S T E M  ---------------

OS: Windows 10.0 , 64 bit Build 17763 (10.0.17763.437)

CPU:total 4 (initial active 4) (2 cores per cpu, 2 threads per core) family 6 model 69 stepping 1, cmov, cx8, fxsr, mmx, sse, sse2, sse3, ssse3, sse4.1, sse4.2, popcnt, avx, avx2, aes, clmul, erms, lzcnt, ht, tsc, tscinvbit, bmi1, bmi2

Memory: 4k page, physical 4096184k(328356k free), swap 16679096k(4308k free)

vm_info: OpenJDK 64-Bit Server VM (25.152-b01) for windows-amd64 JRE (1.8.0_152-release-1248-b01), built by "builder" with MS VC++ 10.0 (VS2010)

time: Tue May 21 11:09:52 2019
elapsed time: 12 seconds (0d 0h 0m 12s)

