#
# There is insufficient memory for the Java Runtime Environment to continue.
# Native memory allocation (malloc) failed to allocate 32744 bytes for ChunkPool::allocate
# Possible reasons:
#   The system is out of physical RAM or swap space
#   In 32 bit mode, the process size limit was hit
# Possible solutions:
#   Reduce memory load on the system
#   Increase physical memory or swap space
#   Check if swap backing store is full
#   Use 64 bit Java on a 64 bit OS
#   Decrease Java heap size (-Xmx/-Xms)
#   Decrease number of Java threads
#   Decrease Java thread stack sizes (-Xss)
#   Set larger code cache with -XX:ReservedCodeCacheSize=
# This output file may be truncated or incomplete.
#
#  Out of Memory Error (allocation.cpp:273), pid=6992, tid=0x00000000000035d0
#
# JRE version: OpenJDK Runtime Environment (8.0_152-b01) (build 1.8.0_152-release-1248-b01)
# Java VM: OpenJDK 64-Bit Server VM (25.152-b01 mixed mode windows-amd64 compressed oops)
# Failed to write core dump. Minidumps are not enabled by default on client versions of Windows
#

---------------  T H R E A D  ---------------

Current thread (0x0000000016a2c000):  JavaThread "C2 CompilerThread1" daemon [_thread_in_native, id=13776, stack(0x0000000018190000,0x0000000018290000)]

Stack: [0x0000000018190000,0x0000000018290000]
[error occurred during error reporting (printing stack bounds), id 0xc0000005]

Native frames: (J=compiled Java code, j=interpreted, Vv=VM code, C=native code)


Current CompileTask:
C2:  10200 1386       4       java.net.URLClassLoader$1::run (5 bytes)


---------------  P R O C E S S  ---------------

Java Threads: ( => current thread )
  0x0000000019a15000 JavaThread "File lock request listener" [_thread_in_native, id=10184, stack(0x000000001d4a0000,0x000000001d5a0000)]
  0x0000000019735800 JavaThread "Cache worker for file hash cache (C:\Users\KasuN\.gradle\caches\4.6\fileHashes)" [_thread_blocked, id=7592, stack(0x000000001d180000,0x000000001d280000)]
  0x00000000198c9000 JavaThread "Stdin handler" [_thread_blocked, id=17100, stack(0x000000001b0e0000,0x000000001b1e0000)]
  0x00000000198c8000 JavaThread "Asynchronous log dispatcher for DefaultDaemonConnection: socket connection from /127.0.0.1:57087 to /127.0.0.1:57088" [_thread_blocked, id=4920, stack(0x000000001afe0000,0x000000001b0e0000)]
  0x0000000019895800 JavaThread "Daemon worker" [_thread_in_vm, id=10804, stack(0x000000001aee0000,0x000000001afe0000)]
  0x0000000018d9f000 JavaThread "Cancel handler" [_thread_blocked, id=8936, stack(0x000000001ade0000,0x000000001aee0000)]
  0x00000000183c7800 JavaThread "Handler for socket connection from /127.0.0.1:57087 to /127.0.0.1:57088" [_thread_in_native, id=15820, stack(0x000000001aae0000,0x000000001abe0000)]
  0x0000000018369800 JavaThread "Daemon" [_thread_blocked, id=11392, stack(0x000000001a9e0000,0x000000001aae0000)]
  0x0000000018e34800 JavaThread "Daemon periodic checks" [_thread_blocked, id=364, stack(0x000000001a8e0000,0x000000001a9e0000)]
  0x0000000018e34000 JavaThread "Incoming local TCP Connector on port 57087" [_thread_in_native, id=9640, stack(0x000000001a6a0000,0x000000001a7a0000)]
  0x0000000016a8b800 JavaThread "Service Thread" daemon [_thread_blocked, id=4456, stack(0x0000000018790000,0x0000000018890000)]
  0x0000000018298800 JavaThread "C1 CompilerThread2" daemon [_thread_blocked, id=16056, stack(0x0000000018690000,0x0000000018790000)]
=>0x0000000016a2c000 JavaThread "C2 CompilerThread1" daemon [_thread_in_native, id=13776, stack(0x0000000018190000,0x0000000018290000)]
  0x0000000016a29800 JavaThread "C2 CompilerThread0" daemon [_thread_in_native, id=17404, stack(0x0000000018090000,0x0000000018190000)]
  0x0000000016a36000 JavaThread "Attach Listener" daemon [_thread_blocked, id=8656, stack(0x0000000017f90000,0x0000000018090000)]
  0x0000000016a35000 JavaThread "Signal Dispatcher" daemon [_thread_blocked, id=15824, stack(0x0000000017e90000,0x0000000017f90000)]
  0x00000000030bb800 JavaThread "Finalizer" daemon [_thread_blocked, id=8132, stack(0x0000000017c90000,0x0000000017d90000)]
  0x00000000030b0800 JavaThread "Reference Handler" daemon [_thread_blocked, id=7552, stack(0x0000000017b90000,0x0000000017c90000)]
  0x000000000125e000 JavaThread "main" [_thread_blocked, id=14284, stack(0x0000000002ec0000,0x0000000002fc0000)]

Other Threads:
  0x00000000169f6000 VMThread [stack: 0x0000000017a90000,0x0000000017b90000] [id=6212]
  0x0000000016a8c800 WatcherThread [stack: 0x0000000018890000,0x0000000018990000] [id=16836]

VM state:not at safepoint (normal execution)

VM Mutex/Monitor currently owned by a thread: None

Heap:
 PSYoungGen      total 37376K, used 8961K [0x00000000e0000000, 0x00000000e2b00000, 0x0000000100000000)
  eden space 32256K, 14% used [0x00000000e0000000,0x00000000e046ae48,0x00000000e1f80000)
  from space 5120K, 86% used [0x00000000e2500000,0x00000000e2955878,0x00000000e2a00000)
  to   space 5632K, 0% used [0x00000000e1f80000,0x00000000e1f80000,0x00000000e2500000)
 ParOldGen       total 44032K, used 4711K [0x00000000a0000000, 0x00000000a2b00000, 0x00000000e0000000)
  object space 44032K, 10% used [0x00000000a0000000,0x00000000a0499ef8,0x00000000a2b00000)
 Metaspace       used 14643K, capacity 14972K, committed 15104K, reserved 1062912K
  class space    used 2054K, capacity 2188K, committed 2304K, reserved 1048576K

Card table byte_map: [0x0000000012480000,0x0000000012790000] byte_map_base: 0x0000000011f80000

Marking Bits: (ParMarkBitMap*) 0x000000005cb55aa0
 Begin Bits: [0x0000000012d90000, 0x0000000014590000)
 End Bits:   [0x0000000014590000, 0x0000000015d90000)

Polling page: 0x0000000001280000

CodeCache: size=245760Kb used=4951Kb max_used=4951Kb free=240808Kb
 bounds [0x00000000030c0000, 0x00000000035a0000, 0x00000000120c0000]
 total_blobs=1804 nmethods=1435 adapters=282
 compilation: enabled

Compilation events (10 events):
Event: 10.139 Thread 0x0000000018298800 1449       3       com.google.common.base.Splitter$1::iterator (7 bytes)
Event: 10.139 Thread 0x0000000018298800 nmethod 1449 0x0000000003596cd0 code [0x0000000003596e40, 0x0000000003597188]
Event: 10.139 Thread 0x0000000018298800 1450       3       com.google.common.base.Splitter$1::iterator (11 bytes)
Event: 10.140 Thread 0x0000000018298800 nmethod 1450 0x0000000003597310 code [0x0000000003597480, 0x00000000035976e8]
Event: 10.140 Thread 0x0000000018298800 1451       3       com.google.common.base.Splitter$1$1::<init> (12 bytes)
Event: 10.140 Thread 0x0000000018298800 nmethod 1451 0x0000000003597810 code [0x0000000003597980, 0x0000000003597b28]
Event: 10.140 Thread 0x0000000018298800 1452       3       com.google.common.base.Splitter$SplittingIterator::<init> (39 bytes)
Event: 10.140 Thread 0x0000000018298800 nmethod 1452 0x0000000003597bd0 code [0x0000000003597d40, 0x0000000003597ff0]
Event: 10.140 Thread 0x0000000018298800 1453       3       com.google.common.base.AbstractIterator::<init> (12 bytes)
Event: 10.140 Thread 0x0000000018298800 nmethod 1453 0x0000000003598110 code [0x0000000003598280, 0x0000000003598450]

GC Heap History (10 events):
Event: 3.072 GC heap before
{Heap before GC invocations=2 (full 0):
 PSYoungGen      total 18944K, used 18930K [0x00000000e0000000, 0x00000000e1500000, 0x0000000100000000)
  eden space 16384K, 100% used [0x00000000e0000000,0x00000000e1000000,0x00000000e1000000)
  from space 2560K, 99% used [0x00000000e1000000,0x00000000e127c830,0x00000000e1280000)
  to   space 2560K, 0% used [0x00000000e1280000,0x00000000e1280000,0x00000000e1500000)
 ParOldGen       total 44032K, used 357K [0x00000000a0000000, 0x00000000a2b00000, 0x00000000e0000000)
  object space 44032K, 0% used [0x00000000a0000000,0x00000000a0059680,0x00000000a2b00000)
 Metaspace       used 6648K, capacity 6766K, committed 7040K, reserved 1056768K
  class space    used 807K, capacity 875K, committed 896K, reserved 1048576K
Event: 3.085 GC heap after
Heap after GC invocations=2 (full 0):
 PSYoungGen      total 18944K, used 2548K [0x00000000e0000000, 0x00000000e1500000, 0x0000000100000000)
  eden space 16384K, 0% used [0x00000000e0000000,0x00000000e0000000,0x00000000e1000000)
  from space 2560K, 99% used [0x00000000e1280000,0x00000000e14fd3f8,0x00000000e1500000)
  to   space 2560K, 0% used [0x00000000e1000000,0x00000000e1000000,0x00000000e1280000)
 ParOldGen       total 44032K, used 451K [0x00000000a0000000, 0x00000000a2b00000, 0x00000000e0000000)
  object space 44032K, 1% used [0x00000000a0000000,0x00000000a0070df0,0x00000000a2b00000)
 Metaspace       used 6648K, capacity 6766K, committed 7040K, reserved 1056768K
  class space    used 807K, capacity 875K, committed 896K, reserved 1048576K
}
Event: 3.918 GC heap before
{Heap before GC invocations=3 (full 0):
 PSYoungGen      total 18944K, used 18932K [0x00000000e0000000, 0x00000000e1500000, 0x0000000100000000)
  eden space 16384K, 100% used [0x00000000e0000000,0x00000000e1000000,0x00000000e1000000)
  from space 2560K, 99% used [0x00000000e1280000,0x00000000e14fd3f8,0x00000000e1500000)
  to   space 2560K, 0% used [0x00000000e1000000,0x00000000e1000000,0x00000000e1280000)
 ParOldGen       total 44032K, used 451K [0x00000000a0000000, 0x00000000a2b00000, 0x00000000e0000000)
  object space 44032K, 1% used [0x00000000a0000000,0x00000000a0070df0,0x00000000a2b00000)
 Metaspace       used 6965K, capacity 7176K, committed 7424K, reserved 1056768K
  class space    used 869K, capacity 948K, committed 1024K, reserved 1048576K
Event: 3.928 GC heap after
Heap after GC invocations=3 (full 0):
 PSYoungGen      total 18944K, used 2528K [0x00000000e0000000, 0x00000000e1500000, 0x0000000100000000)
  eden space 16384K, 0% used [0x00000000e0000000,0x00000000e0000000,0x00000000e1000000)
  from space 2560K, 98% used [0x00000000e1000000,0x00000000e1278040,0x00000000e1280000)
  to   space 2560K, 0% used [0x00000000e1280000,0x00000000e1280000,0x00000000e1500000)
 ParOldGen       total 44032K, used 716K [0x00000000a0000000, 0x00000000a2b00000, 0x00000000e0000000)
  object space 44032K, 1% used [0x00000000a0000000,0x00000000a00b3340,0x00000000a2b00000)
 Metaspace       used 6965K, capacity 7176K, committed 7424K, reserved 1056768K
  class space    used 869K, capacity 948K, committed 1024K, reserved 1048576K
}
Event: 7.497 GC heap before
{Heap before GC invocations=4 (full 0):
 PSYoungGen      total 18944K, used 18912K [0x00000000e0000000, 0x00000000e1500000, 0x0000000100000000)
  eden space 16384K, 100% used [0x00000000e0000000,0x00000000e1000000,0x00000000e1000000)
  from space 2560K, 98% used [0x00000000e1000000,0x00000000e1278040,0x00000000e1280000)
  to   space 2560K, 0% used [0x00000000e1280000,0x00000000e1280000,0x00000000e1500000)
 ParOldGen       total 44032K, used 716K [0x00000000a0000000, 0x00000000a2b00000, 0x00000000e0000000)
  object space 44032K, 1% used [0x00000000a0000000,0x00000000a00b3340,0x00000000a2b00000)
 Metaspace       used 10876K, capacity 11080K, committed 11264K, reserved 1058816K
  class space    used 1421K, capacity 1518K, committed 1536K, reserved 1048576K
Event: 7.514 GC heap after
Heap after GC invocations=4 (full 0):
 PSYoungGen      total 18944K, used 2528K [0x00000000e0000000, 0x00000000e1500000, 0x0000000100000000)
  eden space 16384K, 0% used [0x00000000e0000000,0x00000000e0000000,0x00000000e1000000)
  from space 2560K, 98% used [0x00000000e1280000,0x00000000e14f8020,0x00000000e1500000)
  to   space 2560K, 0% used [0x00000000e1000000,0x00000000e1000000,0x00000000e1280000)
 ParOldGen       total 44032K, used 2788K [0x00000000a0000000, 0x00000000a2b00000, 0x00000000e0000000)
  object space 44032K, 6% used [0x00000000a0000000,0x00000000a02b9158,0x00000000a2b00000)
 Metaspace       used 10876K, capacity 11080K, committed 11264K, reserved 1058816K
  class space    used 1421K, capacity 1518K, committed 1536K, reserved 1048576K
}
Event: 8.269 GC heap before
{Heap before GC invocations=5 (full 0):
 PSYoungGen      total 18944K, used 18912K [0x00000000e0000000, 0x00000000e1500000, 0x0000000100000000)
  eden space 16384K, 100% used [0x00000000e0000000,0x00000000e1000000,0x00000000e1000000)
  from space 2560K, 98% used [0x00000000e1280000,0x00000000e14f8020,0x00000000e1500000)
  to   space 2560K, 0% used [0x00000000e1000000,0x00000000e1000000,0x00000000e1280000)
 ParOldGen       total 44032K, used 2788K [0x00000000a0000000, 0x00000000a2b00000, 0x00000000e0000000)
  object space 44032K, 6% used [0x00000000a0000000,0x00000000a02b9158,0x00000000a2b00000)
 Metaspace       used 12882K, capacity 13272K, committed 13440K, reserved 1060864K
  class space    used 1753K, capacity 1898K, committed 1920K, reserved 1048576K
Event: 8.290 GC heap after
Heap after GC invocations=5 (full 0):
 PSYoungGen      total 18944K, used 2528K [0x00000000e0000000, 0x00000000e2a00000, 0x0000000100000000)
  eden space 16384K, 0% used [0x00000000e0000000,0x00000000e0000000,0x00000000e1000000)
  from space 2560K, 98% used [0x00000000e1000000,0x00000000e1278060,0x00000000e1280000)
  to   space 5120K, 0% used [0x00000000e2500000,0x00000000e2500000,0x00000000e2a00000)
 ParOldGen       total 44032K, used 4711K [0x00000000a0000000, 0x00000000a2b00000, 0x00000000e0000000)
  object space 44032K, 10% used [0x00000000a0000000,0x00000000a0499ef8,0x00000000a2b00000)
 Metaspace       used 12882K, capacity 13272K, committed 13440K, reserved 1060864K
  class space    used 1753K, capacity 1898K, committed 1920K, reserved 1048576K
}
Event: 9.804 GC heap before
{Heap before GC invocations=6 (full 0):
 PSYoungGen      total 18944K, used 18912K [0x00000000e0000000, 0x00000000e2a00000, 0x0000000100000000)
  eden space 16384K, 100% used [0x00000000e0000000,0x00000000e1000000,0x00000000e1000000)
  from space 2560K, 98% used [0x00000000e1000000,0x00000000e1278060,0x00000000e1280000)
  to   space 5120K, 0% used [0x00000000e2500000,0x00000000e2500000,0x00000000e2a00000)
 ParOldGen       total 44032K, used 4711K [0x00000000a0000000, 0x00000000a2b00000, 0x00000000e0000000)
  object space 44032K, 10% used [0x00000000a0000000,0x00000000a0499ef8,0x00000000a2b00000)
 Metaspace       used 14256K, capacity 14588K, committed 14720K, reserved 1062912K
  class space    used 1991K, capacity 2124K, committed 2176K, reserved 1048576K
Event: 9.849 GC heap after
Heap after GC invocations=6 (full 0):
 PSYoungGen      total 37376K, used 4438K [0x00000000e0000000, 0x00000000e2b00000, 0x0000000100000000)
  eden space 32256K, 0% used [0x00000000e0000000,0x00000000e0000000,0x00000000e1f80000)
  from space 5120K, 86% used [0x00000000e2500000,0x00000000e2955878,0x00000000e2a00000)
  to   space 5632K, 0% used [0x00000000e1f80000,0x00000000e1f80000,0x00000000e2500000)
 ParOldGen       total 44032K, used 4711K [0x00000000a0000000, 0x00000000a2b00000, 0x00000000e0000000)
  object space 44032K, 10% used [0x00000000a0000000,0x00000000a0499ef8,0x00000000a2b00000)
 Metaspace       used 14256K, capacity 14588K, committed 14720K, reserved 1062912K
  class space    used 1991K, capacity 2124K, committed 2176K, reserved 1048576K
}

Deoptimization events (10 events):
Event: 4.606 Thread 0x000000000125e000 Uncommon trap: reason=bimorphic action=maybe_recompile pc=0x0000000003405f9c method=java.util.HashMap.putVal(ILjava/lang/Object;Ljava/lang/Object;ZZ)Ljava/lang/Object; @ 203
Event: 5.450 Thread 0x000000000125e000 Uncommon trap: reason=unstable_if action=reinterpret pc=0x000000000336add8 method=java.io.WinNTFileSystem.normalize(Ljava/lang/String;)Ljava/lang/String; @ 128
Event: 5.450 Thread 0x000000000125e000 Uncommon trap: reason=unstable_if action=reinterpret pc=0x00000000033def84 method=java.io.WinNTFileSystem.normalize(Ljava/lang/String;II)Ljava/lang/String; @ 90
Event: 7.668 Thread 0x00000000183c7800 Uncommon trap: reason=unstable_if action=reinterpret pc=0x00000000034d29f0 method=java.util.concurrent.ConcurrentHashMap.putVal(Ljava/lang/Object;Ljava/lang/Object;Z)Ljava/lang/Object; @ 206
Event: 7.856 Thread 0x0000000019895800 Uncommon trap: reason=bimorphic action=maybe_recompile pc=0x00000000034050d0 method=java.util.HashMap.putVal(ILjava/lang/Object;Ljava/lang/Object;ZZ)Ljava/lang/Object; @ 253
Event: 7.857 Thread 0x0000000019895800 Uncommon trap: reason=bimorphic action=maybe_recompile pc=0x00000000034050d0 method=java.util.HashMap.putVal(ILjava/lang/Object;Ljava/lang/Object;ZZ)Ljava/lang/Object; @ 253
Event: 8.555 Thread 0x0000000019895800 Uncommon trap: reason=class_check action=maybe_recompile pc=0x0000000003365d84 method=java.util.regex.Matcher.match(II)Z @ 86
Event: 8.556 Thread 0x0000000019895800 Uncommon trap: reason=class_check action=maybe_recompile pc=0x0000000003365d84 method=java.util.regex.Matcher.match(II)Z @ 86
Event: 8.877 Thread 0x0000000019895800 Uncommon trap: reason=class_check action=maybe_recompile pc=0x00000000033336a0 method=java.util.regex.Matcher.match(II)Z @ 86
Event: 9.918 Thread 0x0000000019895800 Uncommon trap: reason=unstable_if action=reinterpret pc=0x00000000031f7834 method=java.lang.String.lastIndexOf([CII[CIII)I @ 66

Classes redefined (0 events):
No events

Internal exceptions (10 events):
Event: 7.705 Thread 0x00000000183c7800 Exception <a 'java/lang/NoSuchMethodError': <clinit>> (0x00000000e027a4f0) thrown at [D:\src\AOSP-openjdk-cygwin\jdk8u\hotspot\src\share\vm\prims\jni.cpp, line 1613]
Event: 7.707 Thread 0x00000000183c7800 Exception <a 'java/lang/NoSuchMethodError': <clinit>> (0x00000000e028bbb8) thrown at [D:\src\AOSP-openjdk-cygwin\jdk8u\hotspot\src\share\vm\prims\jni.cpp, line 1613]
Event: 7.743 Thread 0x00000000183c7800 Exception <a 'java/lang/NoSuchMethodError': <clinit>> (0x00000000e02ffba0) thrown at [D:\src\AOSP-openjdk-cygwin\jdk8u\hotspot\src\share\vm\prims\jni.cpp, line 1613]
Event: 7.750 Thread 0x00000000183c7800 Exception <a 'java/lang/NoSuchMethodError': <clinit>> (0x00000000e0324ea8) thrown at [D:\src\AOSP-openjdk-cygwin\jdk8u\hotspot\src\share\vm\prims\jni.cpp, line 1613]
Event: 7.759 Thread 0x00000000183c7800 Exception <a 'java/lang/NoSuchMethodError': <clinit>> (0x00000000e0351110) thrown at [D:\src\AOSP-openjdk-cygwin\jdk8u\hotspot\src\share\vm\prims\jni.cpp, line 1613]
Event: 7.760 Thread 0x00000000183c7800 Exception <a 'java/lang/NoSuchMethodError': <clinit>> (0x00000000e035c4b0) thrown at [D:\src\AOSP-openjdk-cygwin\jdk8u\hotspot\src\share\vm\prims\jni.cpp, line 1613]
Event: 7.763 Thread 0x00000000183c7800 Exception <a 'java/lang/NoSuchMethodError': <clinit>> (0x00000000e0367d80) thrown at [D:\src\AOSP-openjdk-cygwin\jdk8u\hotspot\src\share\vm\prims\jni.cpp, line 1613]
Event: 7.768 Thread 0x00000000183c7800 Exception <a 'java/lang/NoSuchMethodError': <clinit>> (0x00000000e038b230) thrown at [D:\src\AOSP-openjdk-cygwin\jdk8u\hotspot\src\share\vm\prims\jni.cpp, line 1613]
Event: 7.806 Thread 0x0000000019895800 Exception <a 'java/lang/NoSuchMethodError': <clinit>> (0x00000000e04638c8) thrown at [D:\src\AOSP-openjdk-cygwin\jdk8u\hotspot\src\share\vm\prims\jni.cpp, line 1613]
Event: 7.810 Thread 0x0000000019895800 Exception <a 'java/lang/NoSuchMethodError': <clinit>> (0x00000000e046bb50) thrown at [D:\src\AOSP-openjdk-cygwin\jdk8u\hotspot\src\share\vm\prims\jni.cpp, line 1613]

Events (10 events):
Event: 10.065 loading class com/google/common/base/AbstractIterator$State
Event: 10.065 loading class com/google/common/base/AbstractIterator$State done
Event: 10.066 loading class com/google/common/base/AbstractIterator$1
Event: 10.066 loading class com/google/common/base/AbstractIterator$1 done
Event: 10.137 loading class com/google/common/collect/RegularImmutableMap$EntrySet
Event: 10.137 loading class com/google/common/collect/RegularImmutableMap$EntrySet done
Event: 10.181 loading class com/google/common/collect/ImmutableMapEntrySet
Event: 10.181 loading class com/google/common/collect/ImmutableMapEntrySet done
Event: 10.182 loading class com/google/common/collect/RegularImmutableMap$NonTerminalMapEntry
Event: 10.182 loading class com/google/common/collect/RegularImmutableMap$NonTerminalMapEntry done


Dynamic libraries:
0x00007ff61ef60000 - 0x00007ff61ef91000 	C:\Program Files\Android\Android Studio\jre\bin\java.exe
0x00007ff95fe90000 - 0x00007ff96007d000 	C:\WINDOWS\SYSTEM32\ntdll.dll
0x00007ff95fbf0000 - 0x00007ff95fca3000 	C:\WINDOWS\System32\KERNEL32.DLL
0x00007ff95bf60000 - 0x00007ff95c1f3000 	C:\WINDOWS\System32\KERNELBASE.dll
0x00007ff95f7b0000 - 0x00007ff95f853000 	C:\WINDOWS\System32\ADVAPI32.dll
0x00007ff95f3a0000 - 0x00007ff95f43e000 	C:\WINDOWS\System32\msvcrt.dll
0x00007ff95f710000 - 0x00007ff95f7ae000 	C:\WINDOWS\System32\sechost.dll
0x00007ff95f440000 - 0x00007ff95f562000 	C:\WINDOWS\System32\RPCRT4.dll
0x00007ff95fcb0000 - 0x00007ff95fe47000 	C:\WINDOWS\System32\USER32.dll
0x00007ff95c760000 - 0x00007ff95c780000 	C:\WINDOWS\System32\win32u.dll
0x00007ff95ee30000 - 0x00007ff95ee59000 	C:\WINDOWS\System32\GDI32.dll
0x00007ff95c780000 - 0x00007ff95c91a000 	C:\WINDOWS\System32\gdi32full.dll
0x00007ff95c200000 - 0x00007ff95c2a0000 	C:\WINDOWS\System32\msvcp_win.dll
0x00007ff95c640000 - 0x00007ff95c73a000 	C:\WINDOWS\System32\ucrtbase.dll
0x00007ff951d00000 - 0x00007ff951f79000 	C:\WINDOWS\WinSxS\amd64_microsoft.windows.common-controls_6595b64144ccf1df_6.0.17763.437_none_05b63dca071e5dd6\COMCTL32.dll
0x00007ff95f8c0000 - 0x00007ff95fbec000 	C:\WINDOWS\System32\combase.dll
0x00007ff95c2a0000 - 0x00007ff95c31e000 	C:\WINDOWS\System32\bcryptPrimitives.dll
0x00007ff95f0e0000 - 0x00007ff95f10e000 	C:\WINDOWS\System32\IMM32.DLL
0x000000005c2b0000 - 0x000000005c382000 	C:\Program Files\Android\Android Studio\jre\jre\bin\msvcr100.dll
0x000000005c390000 - 0x000000005cbd1000 	C:\Program Files\Android\Android Studio\jre\jre\bin\server\jvm.dll
0x00007ff95fe50000 - 0x00007ff95fe58000 	C:\WINDOWS\System32\PSAPI.DLL
0x00007ff9538d0000 - 0x00007ff9538da000 	C:\WINDOWS\SYSTEM32\VERSION.dll
0x00007ff948320000 - 0x00007ff948329000 	C:\WINDOWS\SYSTEM32\WSOCK32.dll
0x00007ff95f6a0000 - 0x00007ff95f70d000 	C:\WINDOWS\System32\WS2_32.dll
0x00007ff953410000 - 0x00007ff953434000 	C:\WINDOWS\SYSTEM32\WINMM.dll
0x00007ff9533e0000 - 0x00007ff95340d000 	C:\WINDOWS\SYSTEM32\winmmbase.dll
0x00007ff95c920000 - 0x00007ff95c96a000 	C:\WINDOWS\System32\cfgmgr32.dll
0x00007ff9558e0000 - 0x00007ff9558ef000 	C:\Program Files\Android\Android Studio\jre\jre\bin\verify.dll
0x00007ff952a40000 - 0x00007ff952a69000 	C:\Program Files\Android\Android Studio\jre\jre\bin\java.dll
0x00007ff952b90000 - 0x00007ff952ba6000 	C:\Program Files\Android\Android Studio\jre\jre\bin\zip.dll
0x00007ff95d4c0000 - 0x00007ff95e9b0000 	C:\WINDOWS\System32\SHELL32.dll
0x00007ff95f030000 - 0x00007ff95f0d8000 	C:\WINDOWS\System32\shcore.dll
0x00007ff95c970000 - 0x00007ff95d0ba000 	C:\WINDOWS\System32\windows.storage.dll
0x00007ff95beb0000 - 0x00007ff95bed4000 	C:\WINDOWS\System32\profapi.dll
0x00007ff95bf00000 - 0x00007ff95bf5d000 	C:\WINDOWS\System32\powrprof.dll
0x00007ff95d120000 - 0x00007ff95d172000 	C:\WINDOWS\System32\shlwapi.dll
0x00007ff95be90000 - 0x00007ff95bea1000 	C:\WINDOWS\System32\kernel.appcore.dll
0x00007ff95c740000 - 0x00007ff95c757000 	C:\WINDOWS\System32\cryptsp.dll
0x00007ff952b10000 - 0x00007ff952b2a000 	C:\Program Files\Android\Android Studio\jre\jre\bin\net.dll
0x00007ff95b710000 - 0x00007ff95b777000 	C:\WINDOWS\system32\mswsock.dll
0x00007ff952a20000 - 0x00007ff952a31000 	C:\Program Files\Android\Android Studio\jre\jre\bin\nio.dll
0x00007ff93bf70000 - 0x00007ff93bf8e000 	C:\Users\KasuN\.gradle\native\25\windows-amd64\native-platform.dll
0x00007ff9521e0000 - 0x00007ff9521ed000 	C:\Program Files\Android\Android Studio\jre\jre\bin\management.dll
0x00007ff95b2d0000 - 0x00007ff95b303000 	C:\WINDOWS\system32\rsaenh.dll
0x00007ff95c500000 - 0x00007ff95c526000 	C:\WINDOWS\System32\bcrypt.dll
0x00007ff95bdc0000 - 0x00007ff95bde8000 	C:\WINDOWS\SYSTEM32\USERENV.dll
0x00007ff95b8e0000 - 0x00007ff95b8ec000 	C:\WINDOWS\SYSTEM32\CRYPTBASE.dll
0x00007ff95b470000 - 0x00007ff95b4ad000 	C:\WINDOWS\SYSTEM32\IPHLPAPI.DLL
0x00007ff95d180000 - 0x00007ff95d188000 	C:\WINDOWS\System32\NSI.dll
0x00007ff953ee0000 - 0x00007ff953ef6000 	C:\WINDOWS\SYSTEM32\dhcpcsvc6.DLL
0x00007ff9545d0000 - 0x00007ff9545ec000 	C:\WINDOWS\SYSTEM32\dhcpcsvc.DLL
0x00007ff95b4b0000 - 0x00007ff95b576000 	C:\WINDOWS\SYSTEM32\DNSAPI.dll

VM Arguments:
jvm_args: -Xmx1536m -Dfile.encoding=windows-1252 -Duser.country=US -Duser.language=en -Duser.variant 
java_command: org.gradle.launcher.daemon.bootstrap.GradleDaemon 4.6
java_class_path (initial): C:\Users\KasuN\.gradle\wrapper\dists\gradle-4.6-all\bcst21l2brirad8k2ben1letg\gradle-4.6\lib\gradle-launcher-4.6.jar
Launcher Type: SUN_STANDARD

Environment Variables:
PATH=C:\Program Files (x86)\PC Connectivity Solution\;C:\ProgramData\Oracle\Java\javapath;C:\WINDOWS\system32;C:\WINDOWS;C:\WINDOWS\System32\Wbem;C:\WINDOWS\System32\WindowsPowerShell\v1.0\;C:\Program Files\Microsoft SQL Server\120\Tools\Binn\;C:\Program Files\Microsoft SQL Server\Client SDK\ODBC\110\Tools\Binn\;C:\Program Files (x86)\Microsoft SQL Server\120\Tools\Binn\;C:\Program Files\Microsoft SQL Server\120\DTS\Binn\;C:\Program Files (x86)\Microsoft SQL Server\120\Tools\Binn\ManagementStudio\;C:\Program Files (x86)\Microsoft SQL Server\120\DTS\Binn\;C:\WINDOWS\system32\config\systemprofile\.dnx\bin;C:\Program Files\Microsoft DNX\Dnvm\;C:\Program Files\Microsoft SQL Server\130\Tools\Binn\;C:\Program Files (x86)\Microsoft SQL Server\90\Tools\binn\;C:\Program Files\Java\jdk1.8.0_45\bin;C:\Program Files\Git\cmd;C:\WINDOWS\System32\OpenSSH\;C:\Users\KasuN\AppData\Local\Microsoft\WindowsApps;
USERNAME=KasuN
OS=Windows_NT
PROCESSOR_IDENTIFIER=Intel64 Family 6 Model 69 Stepping 1, GenuineIntel



---------------  S Y S T E M  ---------------

OS: Windows 10.0 , 64 bit Build 17763 (10.0.17763.437)

CPU:total 4 (initial active 4) (2 cores per cpu, 2 threads per core) family 6 model 69 stepping 1, cmov, cx8, fxsr, mmx, sse, sse2, sse3, ssse3, sse4.1, sse4.2, popcnt, avx, avx2, aes, clmul, erms, lzcnt, ht, tsc, tscinvbit, bmi1, bmi2

Memory: 4k page, physical 4096184k(312680k free), swap 16679096k(4120k free)

vm_info: OpenJDK 64-Bit Server VM (25.152-b01) for windows-amd64 JRE (1.8.0_152-release-1248-b01), built by "builder" with MS VC++ 10.0 (VS2010)

time: Tue May 21 11:08:40 2019
elapsed time: 10 seconds (0d 0h 0m 10s)

