#
# There is insufficient memory for the Java Runtime Environment to continue.
# Native memory allocation (malloc) failed to allocate 131088 bytes for Chunk::new
# Possible reasons:
#   The system is out of physical RAM or swap space
#   In 32 bit mode, the process size limit was hit
# Possible solutions:
#   Reduce memory load on the system
#   Increase physical memory or swap space
#   Check if swap backing store is full
#   Use 64 bit Java on a 64 bit OS
#   Decrease Java heap size (-Xmx/-Xms)
#   Decrease number of Java threads
#   Decrease Java thread stack sizes (-Xss)
#   Set larger code cache with -XX:ReservedCodeCacheSize=
# This output file may be truncated or incomplete.
#
#  Out of Memory Error (allocation.cpp:390), pid=1640, tid=0x0000000000004338
#
# JRE version: OpenJDK Runtime Environment (8.0_152-b01) (build 1.8.0_152-release-1248-b01)
# Java VM: OpenJDK 64-Bit Server VM (25.152-b01 mixed mode windows-amd64 compressed oops)
# Failed to write core dump. Minidumps are not enabled by default on client versions of Windows
#

---------------  T H R E A D  ---------------

Current thread (0x0000000015d1d000):  JavaThread "C2 CompilerThread0" daemon [_thread_in_native, id=17208, stack(0x0000000017380000,0x0000000017480000)]

Stack: [0x0000000017380000,0x0000000017480000]
[error occurred during error reporting (printing stack bounds), id 0xc0000005]

Native frames: (J=compiled Java code, j=interpreted, Vv=VM code, C=native code)


Current CompileTask:
C2:  11072 1381       4       java.net.URLClassLoader$1::run (5 bytes)


---------------  P R O C E S S  ---------------

Java Threads: ( => current thread )
  0x0000000017ee7000 JavaThread "Stdin handler" [_thread_blocked, id=7728, stack(0x000000001a3d0000,0x000000001a4d0000)]
  0x0000000018b25800 JavaThread "Asynchronous log dispatcher for DefaultDaemonConnection: socket connection from /127.0.0.1:57103 to /127.0.0.1:57104" [_thread_blocked, id=11200, stack(0x000000001a2d0000,0x000000001a3d0000)]
  0x0000000017ee3800 JavaThread "Daemon worker" [_thread_blocked, id=12020, stack(0x000000001a1d0000,0x000000001a2d0000)]
  0x0000000018b2b000 JavaThread "Cancel handler" [_thread_blocked, id=104, stack(0x000000001a0d0000,0x000000001a1d0000)]
  0x0000000018e2d800 JavaThread "Handler for socket connection from /127.0.0.1:57103 to /127.0.0.1:57104" [_thread_in_native, id=13372, stack(0x0000000019dd0000,0x0000000019ed0000)]
  0x0000000018e2a800 JavaThread "Daemon" [_thread_blocked, id=10596, stack(0x0000000019cd0000,0x0000000019dd0000)]
  0x0000000017e98000 JavaThread "Daemon periodic checks" [_thread_blocked, id=14556, stack(0x0000000019bd0000,0x0000000019cd0000)]
  0x0000000018e39000 JavaThread "Incoming local TCP Connector on port 57103" [_thread_in_native, id=15060, stack(0x0000000019990000,0x0000000019a90000)]
  0x0000000017592800 JavaThread "Service Thread" daemon [_thread_blocked, id=14280, stack(0x0000000017a80000,0x0000000017b80000)]
  0x0000000017581000 JavaThread "C1 CompilerThread2" daemon [_thread_blocked, id=10028, stack(0x0000000017980000,0x0000000017a80000)]
  0x0000000015d20000 JavaThread "C2 CompilerThread1" daemon [_thread_in_native, id=6220, stack(0x0000000017480000,0x0000000017580000)]
=>0x0000000015d1d000 JavaThread "C2 CompilerThread0" daemon [_thread_in_native, id=17208, stack(0x0000000017380000,0x0000000017480000)]
  0x0000000015d1b000 JavaThread "Attach Listener" daemon [_thread_blocked, id=8436, stack(0x0000000017280000,0x0000000017380000)]
  0x0000000015d1a000 JavaThread "Signal Dispatcher" daemon [_thread_blocked, id=15092, stack(0x0000000017180000,0x0000000017280000)]
  0x0000000015d09800 JavaThread "Finalizer" daemon [_thread_blocked, id=6932, stack(0x0000000016f80000,0x0000000017080000)]
  0x00000000023a2000 JavaThread "Reference Handler" daemon [_thread_blocked, id=7704, stack(0x0000000016e80000,0x0000000016f80000)]
  0x00000000022ae000 JavaThread "main" [_thread_blocked, id=15776, stack(0x0000000002170000,0x0000000002270000)]

Other Threads:
  0x0000000015ce6800 VMThread [stack: 0x0000000016d80000,0x0000000016e80000] [id=17104]
  0x0000000017593800 WatcherThread [stack: 0x0000000017b80000,0x0000000017c80000] [id=1544]

VM state:at safepoint (normal execution)

VM Mutex/Monitor currently owned by a thread:  ([mutex/lock_event])
[0x00000000022ad3b0] Threads_lock - owner thread: 0x0000000015ce6800
[0x00000000022acbb0] Heap_lock - owner thread: 0x0000000017ee3800

Heap:
 PSYoungGen      total 35328K, used 35312K [0x00000000e0000000, 0x00000000e2500000, 0x0000000100000000)
  eden space 32768K, 100% used [0x00000000e0000000,0x00000000e2000000,0x00000000e2000000)
  from space 2560K, 99% used [0x00000000e2000000,0x00000000e227c010,0x00000000e2280000)
  to   space 2560K, 19% used [0x00000000e2280000,0x00000000e22fc010,0x00000000e2500000)
 ParOldGen       total 44032K, used 3090K [0x00000000a0000000, 0x00000000a2b00000, 0x00000000e0000000)
  object space 44032K, 7% used [0x00000000a0000000,0x00000000a0304a28,0x00000000a2b00000)
 Metaspace       used 14051K, capacity 14352K, committed 14464K, reserved 1060864K
  class space    used 1957K, capacity 2090K, committed 2176K, reserved 1048576K

Card table byte_map: [0x0000000011770000,0x0000000011a80000] byte_map_base: 0x0000000011270000

Marking Bits: (ParMarkBitMap*) 0x000000005cb55aa0
 Begin Bits: [0x0000000012080000, 0x0000000013880000)
 End Bits:   [0x0000000013880000, 0x0000000015080000)

Polling page: 0x0000000000520000

CodeCache: size=245760Kb used=4305Kb max_used=4801Kb free=241454Kb
 bounds [0x00000000023b0000, 0x0000000002870000, 0x00000000113b0000]
 total_blobs=1618 nmethods=1252 adapters=280
 compilation: enabled

Compilation events (10 events):
Event: 10.846 Thread 0x0000000015d1d000 1377       4       java.lang.ref.Finalizer::register (10 bytes)
Event: 10.851 Thread 0x0000000015d1d000 nmethod 1377 0x000000000261a150 code [0x000000000261a2c0, 0x000000000261a638]
Event: 10.899 Thread 0x0000000015d20000 1378   !   4       java.net.URLClassLoader::findClass (47 bytes)
Event: 10.903 Thread 0x0000000015d20000 nmethod 1378 0x00000000024faf50 code [0x00000000024fb0e0, 0x00000000024fb2d8]
Event: 10.938 Thread 0x0000000017581000 1379       3       org.gradle.internal.service.DefaultServiceRegistry$OwnServices::getProviders (26 bytes)
Event: 10.938 Thread 0x0000000017581000 nmethod 1379 0x00000000024e1050 code [0x00000000024e11e0, 0x00000000024e15a8]
Event: 10.938 Thread 0x0000000017581000 1380       3       org.gradle.internal.service.DefaultServiceRegistry::find (151 bytes)
Event: 10.941 Thread 0x0000000017581000 nmethod 1380 0x0000000002576050 code [0x00000000025763a0, 0x0000000002577f78]
Event: 10.946 Thread 0x0000000015d1d000 1381       4       java.net.URLClassLoader$1::run (5 bytes)
Event: 10.946 Thread 0x0000000015d20000 1382   !   4       java.net.URLClassLoader$1::run (63 bytes)

GC Heap History (7 events):
Event: 2.710 GC heap before
{Heap before GC invocations=1 (full 0):
 PSYoungGen      total 18944K, used 16384K [0x00000000e0000000, 0x00000000e1500000, 0x0000000100000000)
  eden space 16384K, 100% used [0x00000000e0000000,0x00000000e1000000,0x00000000e1000000)
  from space 2560K, 0% used [0x00000000e1280000,0x00000000e1280000,0x00000000e1500000)
  to   space 2560K, 0% used [0x00000000e1000000,0x00000000e1000000,0x00000000e1280000)
 ParOldGen       total 44032K, used 0K [0x00000000a0000000, 0x00000000a2b00000, 0x00000000e0000000)
  object space 44032K, 0% used [0x00000000a0000000,0x00000000a0000000,0x00000000a2b00000)
 Metaspace       used 5765K, capacity 5866K, committed 5888K, reserved 1056768K
  class space    used 705K, capacity 747K, committed 768K, reserved 1048576K
Event: 2.759 GC heap after
Heap after GC invocations=1 (full 0):
 PSYoungGen      total 18944K, used 2551K [0x00000000e0000000, 0x00000000e2500000, 0x0000000100000000)
  eden space 16384K, 0% used [0x00000000e0000000,0x00000000e0000000,0x00000000e1000000)
  from space 2560K, 99% used [0x00000000e1000000,0x00000000e127dfd8,0x00000000e1280000)
  to   space 2560K, 0% used [0x00000000e2280000,0x00000000e2280000,0x00000000e2500000)
 ParOldGen       total 44032K, used 357K [0x00000000a0000000, 0x00000000a2b00000, 0x00000000e0000000)
  object space 44032K, 0% used [0x00000000a0000000,0x00000000a0059680,0x00000000a2b00000)
 Metaspace       used 5765K, capacity 5866K, committed 5888K, reserved 1056768K
  class space    used 705K, capacity 747K, committed 768K, reserved 1048576K
}
Event: 4.294 GC heap before
{Heap before GC invocations=2 (full 0):
 PSYoungGen      total 18944K, used 18935K [0x00000000e0000000, 0x00000000e2500000, 0x0000000100000000)
  eden space 16384K, 100% used [0x00000000e0000000,0x00000000e1000000,0x00000000e1000000)
  from space 2560K, 99% used [0x00000000e1000000,0x00000000e127dfd8,0x00000000e1280000)
  to   space 2560K, 0% used [0x00000000e2280000,0x00000000e2280000,0x00000000e2500000)
 ParOldGen       total 44032K, used 357K [0x00000000a0000000, 0x00000000a2b00000, 0x00000000e0000000)
  object space 44032K, 0% used [0x00000000a0000000,0x00000000a0059680,0x00000000a2b00000)
 Metaspace       used 6648K, capacity 6766K, committed 7040K, reserved 1056768K
  class space    used 807K, capacity 875K, committed 896K, reserved 1048576K
Event: 4.301 GC heap after
Heap after GC invocations=2 (full 0):
 PSYoungGen      total 35328K, used 2549K [0x00000000e0000000, 0x00000000e2500000, 0x0000000100000000)
  eden space 32768K, 0% used [0x00000000e0000000,0x00000000e0000000,0x00000000e2000000)
  from space 2560K, 99% used [0x00000000e2280000,0x00000000e24fd418,0x00000000e2500000)
  to   space 2560K, 0% used [0x00000000e2000000,0x00000000e2000000,0x00000000e2280000)
 ParOldGen       total 44032K, used 406K [0x00000000a0000000, 0x00000000a2b00000, 0x00000000e0000000)
  object space 44032K, 0% used [0x00000000a0000000,0x00000000a0065800,0x00000000a2b00000)
 Metaspace       used 6648K, capacity 6766K, committed 7040K, reserved 1056768K
  class space    used 807K, capacity 875K, committed 896K, reserved 1048576K
}
Event: 9.945 GC heap before
{Heap before GC invocations=3 (full 0):
 PSYoungGen      total 35328K, used 35317K [0x00000000e0000000, 0x00000000e2500000, 0x0000000100000000)
  eden space 32768K, 100% used [0x00000000e0000000,0x00000000e2000000,0x00000000e2000000)
  from space 2560K, 99% used [0x00000000e2280000,0x00000000e24fd418,0x00000000e2500000)
  to   space 2560K, 0% used [0x00000000e2000000,0x00000000e2000000,0x00000000e2280000)
 ParOldGen       total 44032K, used 406K [0x00000000a0000000, 0x00000000a2b00000, 0x00000000e0000000)
  object space 44032K, 0% used [0x00000000a0000000,0x00000000a0065800,0x00000000a2b00000)
 Metaspace       used 10835K, capacity 11016K, committed 11264K, reserved 1058816K
  class space    used 1414K, capacity 1518K, committed 1536K, reserved 1048576K
Event: 9.959 GC heap after
Heap after GC invocations=3 (full 0):
 PSYoungGen      total 35328K, used 2544K [0x00000000e0000000, 0x00000000e2500000, 0x0000000100000000)
  eden space 32768K, 0% used [0x00000000e0000000,0x00000000e0000000,0x00000000e2000000)
  from space 2560K, 99% used [0x00000000e2000000,0x00000000e227c010,0x00000000e2280000)
  to   space 2560K, 0% used [0x00000000e2280000,0x00000000e2280000,0x00000000e2500000)
 ParOldGen       total 44032K, used 3090K [0x00000000a0000000, 0x00000000a2b00000, 0x00000000e0000000)
  object space 44032K, 7% used [0x00000000a0000000,0x00000000a0304a28,0x00000000a2b00000)
 Metaspace       used 10835K, capacity 11016K, committed 11264K, reserved 1058816K
  class space    used 1414K, capacity 1518K, committed 1536K, reserved 1048576K
}
Event: 11.064 GC heap before
{Heap before GC invocations=4 (full 0):
 PSYoungGen      total 35328K, used 35312K [0x00000000e0000000, 0x00000000e2500000, 0x0000000100000000)
  eden space 32768K, 100% used [0x00000000e0000000,0x00000000e2000000,0x00000000e2000000)
  from space 2560K, 99% used [0x00000000e2000000,0x00000000e227c010,0x00000000e2280000)
  to   space 2560K, 0% used [0x00000000e2280000,0x00000000e2280000,0x00000000e2500000)
 ParOldGen       total 44032K, used 3090K [0x00000000a0000000, 0x00000000a2b00000, 0x00000000e0000000)
  object space 44032K, 7% used [0x00000000a0000000,0x00000000a0304a28,0x00000000a2b00000)
 Metaspace       used 14051K, capacity 14352K, committed 14464K, reserved 1060864K
  class space    used 1957K, capacity 2090K, committed 2176K, reserved 1048576K

Deoptimization events (10 events):
Event: 5.710 Thread 0x00000000022ae000 Uncommon trap: reason=bimorphic action=maybe_recompile pc=0x000000000262a604 method=java.util.HashMap.putVal(ILjava/lang/Object;Ljava/lang/Object;ZZ)Ljava/lang/Object; @ 91
Event: 6.303 Thread 0x00000000022ae000 Uncommon trap: reason=bimorphic action=maybe_recompile pc=0x00000000027062c8 method=java.util.HashMap.putVal(ILjava/lang/Object;Ljava/lang/Object;ZZ)Ljava/lang/Object; @ 203
Event: 7.298 Thread 0x00000000022ae000 Uncommon trap: reason=unstable_if action=reinterpret pc=0x000000000265cc58 method=java.io.WinNTFileSystem.normalize(Ljava/lang/String;)Ljava/lang/String; @ 128
Event: 7.298 Thread 0x00000000022ae000 Uncommon trap: reason=unstable_if action=reinterpret pc=0x00000000026dbce4 method=java.io.WinNTFileSystem.normalize(Ljava/lang/String;II)Ljava/lang/String; @ 90
Event: 10.085 Thread 0x0000000018e2d800 Uncommon trap: reason=unstable_if action=reinterpret pc=0x00000000027d8a30 method=java.util.concurrent.ConcurrentHashMap.putVal(Ljava/lang/Object;Ljava/lang/Object;Z)Ljava/lang/Object; @ 206
Event: 10.270 Thread 0x0000000017ee3800 Uncommon trap: reason=bimorphic action=maybe_recompile pc=0x0000000002705400 method=java.util.HashMap.putVal(ILjava/lang/Object;Ljava/lang/Object;ZZ)Ljava/lang/Object; @ 253
Event: 10.270 Thread 0x0000000017ee3800 Uncommon trap: reason=bimorphic action=maybe_recompile pc=0x0000000002705400 method=java.util.HashMap.putVal(ILjava/lang/Object;Ljava/lang/Object;ZZ)Ljava/lang/Object; @ 253
Event: 10.768 Thread 0x0000000017ee3800 Uncommon trap: reason=class_check action=maybe_recompile pc=0x0000000002657c04 method=java.util.regex.Matcher.match(II)Z @ 86
Event: 10.768 Thread 0x0000000017ee3800 Uncommon trap: reason=class_check action=maybe_recompile pc=0x0000000002657c04 method=java.util.regex.Matcher.match(II)Z @ 86
Event: 11.009 Thread 0x0000000017ee3800 Uncommon trap: reason=class_check action=maybe_recompile pc=0x000000000262149c method=java.util.regex.Matcher.match(II)Z @ 86

Classes redefined (0 events):
No events

Internal exceptions (10 events):
Event: 10.126 Thread 0x0000000018e2d800 Exception <a 'java/lang/NoSuchMethodError': <clinit>> (0x00000000e03d2510) thrown at [D:\src\AOSP-openjdk-cygwin\jdk8u\hotspot\src\share\vm\prims\jni.cpp, line 1613]
Event: 10.126 Thread 0x0000000018e2d800 Exception <a 'java/lang/NoSuchMethodError': <clinit>> (0x00000000e03dafd8) thrown at [D:\src\AOSP-openjdk-cygwin\jdk8u\hotspot\src\share\vm\prims\jni.cpp, line 1613]
Event: 10.129 Thread 0x0000000018e2d800 Exception <a 'java/lang/NoSuchMethodError': <clinit>> (0x00000000e03ec648) thrown at [D:\src\AOSP-openjdk-cygwin\jdk8u\hotspot\src\share\vm\prims\jni.cpp, line 1613]
Event: 10.168 Thread 0x0000000018e2d800 Exception <a 'java/lang/NoSuchMethodError': <clinit>> (0x00000000e0461898) thrown at [D:\src\AOSP-openjdk-cygwin\jdk8u\hotspot\src\share\vm\prims\jni.cpp, line 1613]
Event: 10.182 Thread 0x0000000018e2d800 Exception <a 'java/lang/NoSuchMethodError': <clinit>> (0x00000000e0486d98) thrown at [D:\src\AOSP-openjdk-cygwin\jdk8u\hotspot\src\share\vm\prims\jni.cpp, line 1613]
Event: 10.188 Thread 0x0000000018e2d800 Exception <a 'java/lang/NoSuchMethodError': <clinit>> (0x00000000e04a1350) thrown at [D:\src\AOSP-openjdk-cygwin\jdk8u\hotspot\src\share\vm\prims\jni.cpp, line 1613]
Event: 10.191 Thread 0x0000000018e2d800 Exception <a 'java/lang/NoSuchMethodError': <clinit>> (0x00000000e04acdf0) thrown at [D:\src\AOSP-openjdk-cygwin\jdk8u\hotspot\src\share\vm\prims\jni.cpp, line 1613]
Event: 10.203 Thread 0x0000000018e2d800 Exception <a 'java/lang/NoSuchMethodError': <clinit>> (0x00000000e04d0280) thrown at [D:\src\AOSP-openjdk-cygwin\jdk8u\hotspot\src\share\vm\prims\jni.cpp, line 1613]
Event: 10.242 Thread 0x0000000017ee3800 Exception <a 'java/lang/NoSuchMethodError': <clinit>> (0x00000000e05aa158) thrown at [D:\src\AOSP-openjdk-cygwin\jdk8u\hotspot\src\share\vm\prims\jni.cpp, line 1613]
Event: 10.243 Thread 0x0000000017ee3800 Exception <a 'java/lang/NoSuchMethodError': <clinit>> (0x00000000e05b23e0) thrown at [D:\src\AOSP-openjdk-cygwin\jdk8u\hotspot\src\share\vm\prims\jni.cpp, line 1613]

Events (10 events):
Event: 11.060 loading class org/gradle/cache/internal/LockOnDemandCrossProcessCacheAccess$UnlockAction done
Event: 11.061 loading class org/gradle/cache/internal/LockOnDemandCrossProcessCacheAccess$ContendedAction
Event: 11.061 loading class org/gradle/cache/internal/LockOnDemandCrossProcessCacheAccess$ContendedAction done
Event: 11.062 loading class org/gradle/cache/internal/cacheops/CacheOperationStack
Event: 11.062 loading class org/gradle/cache/internal/cacheops/CacheOperationStack done
Event: 11.063 loading class org/gradle/cache/internal/DefaultCacheFactory$DirCacheReference
Event: 11.063 loading class org/gradle/cache/internal/DefaultCacheFactory$DirCacheReference done
Event: 11.063 loading class org/gradle/cache/internal/DefaultCacheFactory$ReferenceTrackingCache
Event: 11.063 loading class org/gradle/cache/internal/DefaultCacheFactory$ReferenceTrackingCache done
Event: 11.064 Executing VM operation: ParallelGCFailedAllocation


Dynamic libraries:
0x00007ff61ef60000 - 0x00007ff61ef91000 	C:\Program Files\Android\Android Studio\jre\bin\java.exe
0x00007ff95fe90000 - 0x00007ff96007d000 	C:\WINDOWS\SYSTEM32\ntdll.dll
0x00007ff95fbf0000 - 0x00007ff95fca3000 	C:\WINDOWS\System32\KERNEL32.DLL
0x00007ff95bf60000 - 0x00007ff95c1f3000 	C:\WINDOWS\System32\KERNELBASE.dll
0x00007ff95f7b0000 - 0x00007ff95f853000 	C:\WINDOWS\System32\ADVAPI32.dll
0x00007ff95f3a0000 - 0x00007ff95f43e000 	C:\WINDOWS\System32\msvcrt.dll
0x00007ff95f710000 - 0x00007ff95f7ae000 	C:\WINDOWS\System32\sechost.dll
0x00007ff95f440000 - 0x00007ff95f562000 	C:\WINDOWS\System32\RPCRT4.dll
0x00007ff95fcb0000 - 0x00007ff95fe47000 	C:\WINDOWS\System32\USER32.dll
0x00007ff95c760000 - 0x00007ff95c780000 	C:\WINDOWS\System32\win32u.dll
0x00007ff95ee30000 - 0x00007ff95ee59000 	C:\WINDOWS\System32\GDI32.dll
0x00007ff95c780000 - 0x00007ff95c91a000 	C:\WINDOWS\System32\gdi32full.dll
0x00007ff95c200000 - 0x00007ff95c2a0000 	C:\WINDOWS\System32\msvcp_win.dll
0x00007ff95c640000 - 0x00007ff95c73a000 	C:\WINDOWS\System32\ucrtbase.dll
0x00007ff951d00000 - 0x00007ff951f79000 	C:\WINDOWS\WinSxS\amd64_microsoft.windows.common-controls_6595b64144ccf1df_6.0.17763.437_none_05b63dca071e5dd6\COMCTL32.dll
0x00007ff95f8c0000 - 0x00007ff95fbec000 	C:\WINDOWS\System32\combase.dll
0x00007ff95c2a0000 - 0x00007ff95c31e000 	C:\WINDOWS\System32\bcryptPrimitives.dll
0x00007ff95f0e0000 - 0x00007ff95f10e000 	C:\WINDOWS\System32\IMM32.DLL
0x000000005c2b0000 - 0x000000005c382000 	C:\Program Files\Android\Android Studio\jre\jre\bin\msvcr100.dll
0x000000005c390000 - 0x000000005cbd1000 	C:\Program Files\Android\Android Studio\jre\jre\bin\server\jvm.dll
0x00007ff95fe50000 - 0x00007ff95fe58000 	C:\WINDOWS\System32\PSAPI.DLL
0x00007ff948320000 - 0x00007ff948329000 	C:\WINDOWS\SYSTEM32\WSOCK32.dll
0x00007ff95f6a0000 - 0x00007ff95f70d000 	C:\WINDOWS\System32\WS2_32.dll
0x00007ff953410000 - 0x00007ff953434000 	C:\WINDOWS\SYSTEM32\WINMM.dll
0x00007ff9538d0000 - 0x00007ff9538da000 	C:\WINDOWS\SYSTEM32\VERSION.dll
0x00007ff9533e0000 - 0x00007ff95340d000 	C:\WINDOWS\SYSTEM32\WINMMBASE.dll
0x00007ff95c920000 - 0x00007ff95c96a000 	C:\WINDOWS\System32\cfgmgr32.dll
0x00007ff9558e0000 - 0x00007ff9558ef000 	C:\Program Files\Android\Android Studio\jre\jre\bin\verify.dll
0x00007ff952a40000 - 0x00007ff952a69000 	C:\Program Files\Android\Android Studio\jre\jre\bin\java.dll
0x00007ff952b90000 - 0x00007ff952ba6000 	C:\Program Files\Android\Android Studio\jre\jre\bin\zip.dll
0x00007ff95d4c0000 - 0x00007ff95e9b0000 	C:\WINDOWS\System32\SHELL32.dll
0x00007ff95f030000 - 0x00007ff95f0d8000 	C:\WINDOWS\System32\shcore.dll
0x00007ff95c970000 - 0x00007ff95d0ba000 	C:\WINDOWS\System32\windows.storage.dll
0x00007ff95beb0000 - 0x00007ff95bed4000 	C:\WINDOWS\System32\profapi.dll
0x00007ff95bf00000 - 0x00007ff95bf5d000 	C:\WINDOWS\System32\powrprof.dll
0x00007ff95d120000 - 0x00007ff95d172000 	C:\WINDOWS\System32\shlwapi.dll
0x00007ff95be90000 - 0x00007ff95bea1000 	C:\WINDOWS\System32\kernel.appcore.dll
0x00007ff95c740000 - 0x00007ff95c757000 	C:\WINDOWS\System32\cryptsp.dll
0x00007ff952b10000 - 0x00007ff952b2a000 	C:\Program Files\Android\Android Studio\jre\jre\bin\net.dll
0x00007ff95b710000 - 0x00007ff95b777000 	C:\WINDOWS\system32\mswsock.dll
0x00007ff952a20000 - 0x00007ff952a31000 	C:\Program Files\Android\Android Studio\jre\jre\bin\nio.dll
0x00007ff93bf70000 - 0x00007ff93bf8e000 	C:\Users\KasuN\.gradle\native\25\windows-amd64\native-platform.dll
0x00007ff9521e0000 - 0x00007ff9521ed000 	C:\Program Files\Android\Android Studio\jre\jre\bin\management.dll
0x00007ff95b2d0000 - 0x00007ff95b303000 	C:\WINDOWS\system32\rsaenh.dll
0x00007ff95c500000 - 0x00007ff95c526000 	C:\WINDOWS\System32\bcrypt.dll
0x00007ff95bdc0000 - 0x00007ff95bde8000 	C:\WINDOWS\SYSTEM32\USERENV.dll
0x00007ff95b8e0000 - 0x00007ff95b8ec000 	C:\WINDOWS\SYSTEM32\CRYPTBASE.dll
0x00007ff95b470000 - 0x00007ff95b4ad000 	C:\WINDOWS\SYSTEM32\IPHLPAPI.DLL
0x00007ff95d180000 - 0x00007ff95d188000 	C:\WINDOWS\System32\NSI.dll
0x00007ff953ee0000 - 0x00007ff953ef6000 	C:\WINDOWS\SYSTEM32\dhcpcsvc6.DLL
0x00007ff9545d0000 - 0x00007ff9545ec000 	C:\WINDOWS\SYSTEM32\dhcpcsvc.DLL
0x00007ff95b4b0000 - 0x00007ff95b576000 	C:\WINDOWS\SYSTEM32\DNSAPI.dll

VM Arguments:
jvm_args: -Xmx1536m -Dfile.encoding=windows-1252 -Duser.country=US -Duser.language=en -Duser.variant 
java_command: org.gradle.launcher.daemon.bootstrap.GradleDaemon 4.6
java_class_path (initial): C:\Users\KasuN\.gradle\wrapper\dists\gradle-4.6-all\bcst21l2brirad8k2ben1letg\gradle-4.6\lib\gradle-launcher-4.6.jar
Launcher Type: SUN_STANDARD

Environment Variables:
PATH=C:\Program Files (x86)\PC Connectivity Solution\;C:\ProgramData\Oracle\Java\javapath;C:\WINDOWS\system32;C:\WINDOWS;C:\WINDOWS\System32\Wbem;C:\WINDOWS\System32\WindowsPowerShell\v1.0\;C:\Program Files\Microsoft SQL Server\120\Tools\Binn\;C:\Program Files\Microsoft SQL Server\Client SDK\ODBC\110\Tools\Binn\;C:\Program Files (x86)\Microsoft SQL Server\120\Tools\Binn\;C:\Program Files\Microsoft SQL Server\120\DTS\Binn\;C:\Program Files (x86)\Microsoft SQL Server\120\Tools\Binn\ManagementStudio\;C:\Program Files (x86)\Microsoft SQL Server\120\DTS\Binn\;C:\WINDOWS\system32\config\systemprofile\.dnx\bin;C:\Program Files\Microsoft DNX\Dnvm\;C:\Program Files\Microsoft SQL Server\130\Tools\Binn\;C:\Program Files (x86)\Microsoft SQL Server\90\Tools\binn\;C:\Program Files\Java\jdk1.8.0_45\bin;C:\Program Files\Git\cmd;C:\WINDOWS\System32\OpenSSH\;C:\Users\KasuN\AppData\Local\Microsoft\WindowsApps;
USERNAME=KasuN
OS=Windows_NT
PROCESSOR_IDENTIFIER=Intel64 Family 6 Model 69 Stepping 1, GenuineIntel



---------------  S Y S T E M  ---------------

OS: Windows 10.0 , 64 bit Build 17763 (10.0.17763.437)

CPU:total 4 (initial active 4) (2 cores per cpu, 2 threads per core) family 6 model 69 stepping 1, cmov, cx8, fxsr, mmx, sse, sse2, sse3, ssse3, sse4.1, sse4.2, popcnt, avx, avx2, aes, clmul, erms, lzcnt, ht, tsc, tscinvbit, bmi1, bmi2

Memory: 4k page, physical 4096184k(325140k free), swap 16679096k(5132k free)

vm_info: OpenJDK 64-Bit Server VM (25.152-b01) for windows-amd64 JRE (1.8.0_152-release-1248-b01), built by "builder" with MS VC++ 10.0 (VS2010)

time: Tue May 21 11:10:25 2019
elapsed time: 11 seconds (0d 0h 0m 11s)

