#
# There is insufficient memory for the Java Runtime Environment to continue.
# Native memory allocation (malloc) failed to allocate 1089216 bytes for Chunk::new
# Possible reasons:
#   The system is out of physical RAM or swap space
#   In 32 bit mode, the process size limit was hit
# Possible solutions:
#   Reduce memory load on the system
#   Increase physical memory or swap space
#   Check if swap backing store is full
#   Use 64 bit Java on a 64 bit OS
#   Decrease Java heap size (-Xmx/-Xms)
#   Decrease number of Java threads
#   Decrease Java thread stack sizes (-Xss)
#   Set larger code cache with -XX:ReservedCodeCacheSize=
# This output file may be truncated or incomplete.
#
#  Out of Memory Error (allocation.cpp:390), pid=11632, tid=0x0000000000000474
#
# JRE version: OpenJDK Runtime Environment (8.0_152-b01) (build 1.8.0_152-release-1248-b01)
# Java VM: OpenJDK 64-Bit Server VM (25.152-b01 mixed mode windows-amd64 compressed oops)
# Failed to write core dump. Minidumps are not enabled by default on client versions of Windows
#

---------------  T H R E A D  ---------------

Current thread (0x000000001608c000):  JavaThread "C2 CompilerThread1" daemon [_thread_in_native, id=1140, stack(0x00000000177e0000,0x00000000178e0000)]

Stack: [0x00000000177e0000,0x00000000178e0000]
[error occurred during error reporting (printing stack bounds), id 0xc0000005]

Native frames: (J=compiled Java code, j=interpreted, Vv=VM code, C=native code)


Current CompileTask:
C2:  45850 6619       4       java.io.ObjectOutputStream::writeClassDesc (60 bytes)


---------------  P R O C E S S  ---------------

Java Threads: ( => current thread )
  0x000000001b43b800 JavaThread "Task worker for ':' Thread 3" [_thread_blocked, id=13908, stack(0x00000000222d0000,0x00000000223d0000)]
  0x000000001b442000 JavaThread "Task worker for ':' Thread 2" [_thread_blocked, id=10184, stack(0x00000000221d0000,0x00000000222d0000)]
  0x000000001b440800 JavaThread "Task worker for ':'" [_thread_blocked, id=13556, stack(0x00000000220d0000,0x00000000221d0000)]
  0x000000001b43d000 JavaThread "Cache worker for Build Output Cleanup Cache (C:\Kasun\AndroidStudioProjects\Kasun_Assignment\HRISAndroid\HRIS Android 1.7\.gradle\buildOutputCleanup)" [_thread_blocked, id=7592, stack(0x0000000021fd0000,0x00000000220d0000)]
  0x000000001b43c000 JavaThread "Cache worker for task history cache (C:\Kasun\AndroidStudioProjects\Kasun_Assignment\HRISAndroid\HRIS Android 1.7\.gradle\4.6\taskHistory)" [_thread_blocked, id=5692, stack(0x0000000021ed0000,0x0000000021fd0000)]
  0x000000001b441800 JavaThread "Cache worker for file content cache (C:\Kasun\AndroidStudioProjects\Kasun_Assignment\HRISAndroid\HRIS Android 1.7\.gradle\4.6\fileContent)" [_thread_blocked, id=3068, stack(0x0000000021dd0000,0x0000000021ed0000)]
  0x000000001b440000 JavaThread "Memory manager" [_thread_blocked, id=16720, stack(0x0000000020ac0000,0x0000000020bc0000)]
  0x000000001bdaa800 JavaThread "pool-1-thread-1" [_thread_blocked, id=17100, stack(0x00000000207c0000,0x00000000208c0000)]
  0x000000001bda9000 JavaThread "Build operations Thread 4" [_thread_blocked, id=4872, stack(0x00000000206c0000,0x00000000207c0000)]
  0x000000001bdaf000 JavaThread "Build operations Thread 3" [_thread_blocked, id=4920, stack(0x00000000205c0000,0x00000000206c0000)]
  0x000000001bdb0000 JavaThread "Build operations Thread 2" [_thread_blocked, id=10968, stack(0x0000000020290000,0x0000000020390000)]
  0x000000001bdae800 JavaThread "Build operations" [_thread_blocked, id=10804, stack(0x000000001ee10000,0x000000001ef10000)]
  0x000000001bdad800 JavaThread "Cache worker for Artifact transforms cache (C:\Users\KasuN\.gradle\caches\transforms-1)" [_thread_blocked, id=8936, stack(0x000000001e750000,0x000000001e850000)]
  0x000000001b38e800 JavaThread "Cache worker for file hash cache (C:\Kasun\AndroidStudioProjects\Kasun_Assignment\HRISAndroid\HRIS Android 1.7\.gradle\4.6\fileHashes)" [_thread_blocked, id=11392, stack(0x000000001bc00000,0x000000001bd00000)]
  0x00000000196d0000 JavaThread "File lock request listener" [_thread_in_native, id=364, stack(0x000000001bb00000,0x000000001bc00000)]
  0x00000000196cf800 JavaThread "Cache worker for file hash cache (C:\Users\KasuN\.gradle\caches\4.6\fileHashes)" [_thread_blocked, id=9640, stack(0x000000001ba00000,0x000000001bb00000)]
  0x00000000184a1000 JavaThread "Stdin handler" [_thread_blocked, id=7208, stack(0x000000001a730000,0x000000001a830000)]
  0x00000000184a0800 JavaThread "Asynchronous log dispatcher for DefaultDaemonConnection: socket connection from /127.0.0.1:56968 to /127.0.0.1:56969" [_thread_blocked, id=15820, stack(0x000000001a630000,0x000000001a730000)]
  0x00000000185cc000 JavaThread "Daemon worker" [_thread_in_native, id=8768, stack(0x000000001a530000,0x000000001a630000)]
  0x00000000185c8000 JavaThread "Cancel handler" [_thread_blocked, id=11024, stack(0x000000001a430000,0x000000001a530000)]
  0x0000000017b42800 JavaThread "Handler for socket connection from /127.0.0.1:56968 to /127.0.0.1:56969" [_thread_in_native, id=9068, stack(0x000000001a130000,0x000000001a230000)]
  0x0000000017c16000 JavaThread "Daemon" [_thread_blocked, id=4456, stack(0x000000001a030000,0x000000001a130000)]
  0x0000000017a11800 JavaThread "Daemon periodic checks" [_thread_blocked, id=16984, stack(0x0000000019f30000,0x000000001a030000)]
  0x0000000017a0a800 JavaThread "Incoming local TCP Connector on port 56968" [_thread_in_native, id=16836, stack(0x0000000019cf0000,0x0000000019df0000)]
  0x00000000160ee800 JavaThread "Service Thread" daemon [_thread_blocked, id=17404, stack(0x0000000017de0000,0x0000000017ee0000)]
  0x00000000160ba800 JavaThread "C1 CompilerThread2" daemon [_thread_blocked, id=8656, stack(0x00000000178e0000,0x00000000179e0000)]
=>0x000000001608c000 JavaThread "C2 CompilerThread1" daemon [_thread_in_native, id=1140, stack(0x00000000177e0000,0x00000000178e0000)]
  0x0000000016089800 JavaThread "C2 CompilerThread0" daemon [_thread_blocked, id=15824, stack(0x00000000176e0000,0x00000000177e0000)]
  0x0000000016096000 JavaThread "Attach Listener" daemon [_thread_blocked, id=8132, stack(0x00000000175e0000,0x00000000176e0000)]
  0x0000000016095000 JavaThread "Signal Dispatcher" daemon [_thread_blocked, id=7552, stack(0x00000000174e0000,0x00000000175e0000)]
  0x000000000271b800 JavaThread "Finalizer" daemon [_thread_blocked, id=6212, stack(0x00000000172e0000,0x00000000173e0000)]
  0x0000000002710800 JavaThread "Reference Handler" daemon [_thread_blocked, id=15496, stack(0x00000000171e0000,0x00000000172e0000)]
  0x00000000024be000 JavaThread "main" [_thread_blocked, id=16056, stack(0x00000000024c0000,0x00000000025c0000)]

Other Threads:
  0x0000000016056000 VMThread [stack: 0x00000000170e0000,0x00000000171e0000] [id=11428]
  0x0000000017a04000 WatcherThread [stack: 0x0000000017ee0000,0x0000000017fe0000] [id=13776]

VM state:not at safepoint (normal execution)

VM Mutex/Monitor currently owned by a thread: None

Heap:
 PSYoungGen      total 78848K, used 49780K [0x00000000e0000000, 0x00000000e5600000, 0x0000000100000000)
  eden space 70656K, 61% used [0x00000000e0000000,0x00000000e2a62e00,0x00000000e4500000)
  from space 8192K, 77% used [0x00000000e4e00000,0x00000000e543a2c0,0x00000000e5600000)
  to   space 8704K, 0% used [0x00000000e4500000,0x00000000e4500000,0x00000000e4d80000)
 ParOldGen       total 51712K, used 30376K [0x00000000a0000000, 0x00000000a3280000, 0x00000000e0000000)
  object space 51712K, 58% used [0x00000000a0000000,0x00000000a1daa3b0,0x00000000a3280000)
 Metaspace       used 56331K, capacity 57964K, committed 58328K, reserved 1099776K
  class space    used 7684K, capacity 8089K, committed 8192K, reserved 1048576K

Card table byte_map: [0x0000000011ae0000,0x0000000011df0000] byte_map_base: 0x00000000115e0000

Marking Bits: (ParMarkBitMap*) 0x000000005cb55aa0
 Begin Bits: [0x00000000123f0000, 0x0000000013bf0000)
 End Bits:   [0x0000000013bf0000, 0x00000000153f0000)

Polling page: 0x0000000000770000

CodeCache: size=245760Kb used=19765Kb max_used=19774Kb free=225994Kb
 bounds [0x0000000002720000, 0x0000000003a80000, 0x0000000011720000]
 total_blobs=6840 nmethods=6060 adapters=692
 compilation: enabled

Compilation events (10 events):
Event: 45.787 Thread 0x00000000160ba800 6664       3       java.util.LinkedList::add (32 bytes)
Event: 45.788 Thread 0x00000000160ba800 nmethod 6664 0x0000000003a75250 code [0x0000000003a75420, 0x0000000003a75948]
Event: 45.796 Thread 0x0000000016089800 6665       4       org.gradle.internal.serialize.kryo.KryoBackedEncoder::writeString (23 bytes)
Event: 45.810 Thread 0x0000000016089800 nmethod 6665 0x0000000003a7df90 code [0x0000000003a7e100, 0x0000000003a7e528]
Event: 45.810 Thread 0x0000000016089800 6666       4       java.math.BigInteger::stripLeadingZeroBytes (132 bytes)
Event: 45.820 Thread 0x0000000016089800 nmethod 6666 0x0000000003a7e8d0 code [0x0000000003a7ea20, 0x0000000003a7ee18]
Event: 45.822 Thread 0x00000000160ba800 6667       3       org.gradle.api.internal.changedetection.state.RegularFileSnapshot::getType (4 bytes)
Event: 45.823 Thread 0x00000000160ba800 nmethod 6667 0x0000000003a78390 code [0x0000000003a784e0, 0x0000000003a78630]
Event: 45.843 Thread 0x00000000160ba800 6668   !   3       com.google.common.base.Suppliers$MemoizingSupplier::get (57 bytes)
Event: 45.844 Thread 0x00000000160ba800 nmethod 6668 0x0000000003a77c50 code [0x0000000003a77dc0, 0x0000000003a78268]

GC Heap History (10 events):
Event: 32.131 GC heap before
{Heap before GC invocations=20 (full 2):
 PSYoungGen      total 48128K, used 43008K [0x00000000e0000000, 0x00000000e3f80000, 0x0000000100000000)
  eden space 43008K, 100% used [0x00000000e0000000,0x00000000e2a00000,0x00000000e2a00000)
  from space 5120K, 0% used [0x00000000e2a00000,0x00000000e2a00000,0x00000000e2f00000)
  to   space 5120K, 0% used [0x00000000e3a80000,0x00000000e3a80000,0x00000000e3f80000)
 ParOldGen       total 51712K, used 15437K [0x00000000a0000000, 0x00000000a3280000, 0x00000000e0000000)
  object space 51712K, 29% used [0x00000000a0000000,0x00000000a0f135b0,0x00000000a3280000)
 Metaspace       used 37019K, capacity 37658K, committed 37848K, reserved 1081344K
  class space    used 5075K, capacity 5297K, committed 5376K, reserved 1048576K
Event: 32.145 GC heap after
Heap after GC invocations=20 (full 2):
 PSYoungGen      total 54272K, used 3486K [0x00000000e0000000, 0x00000000e3e00000, 0x0000000100000000)
  eden space 50688K, 0% used [0x00000000e0000000,0x00000000e0000000,0x00000000e3180000)
  from space 3584K, 97% used [0x00000000e3a80000,0x00000000e3de7bc0,0x00000000e3e00000)
  to   space 5120K, 0% used [0x00000000e3400000,0x00000000e3400000,0x00000000e3900000)
 ParOldGen       total 51712K, used 15445K [0x00000000a0000000, 0x00000000a3280000, 0x00000000e0000000)
  object space 51712K, 29% used [0x00000000a0000000,0x00000000a0f155b0,0x00000000a3280000)
 Metaspace       used 37019K, capacity 37658K, committed 37848K, reserved 1081344K
  class space    used 5075K, capacity 5297K, committed 5376K, reserved 1048576K
}
Event: 34.424 GC heap before
{Heap before GC invocations=21 (full 2):
 PSYoungGen      total 54272K, used 54174K [0x00000000e0000000, 0x00000000e3e00000, 0x0000000100000000)
  eden space 50688K, 100% used [0x00000000e0000000,0x00000000e3180000,0x00000000e3180000)
  from space 3584K, 97% used [0x00000000e3a80000,0x00000000e3de7bc0,0x00000000e3e00000)
  to   space 5120K, 0% used [0x00000000e3400000,0x00000000e3400000,0x00000000e3900000)
 ParOldGen       total 51712K, used 15445K [0x00000000a0000000, 0x00000000a3280000, 0x00000000e0000000)
  object space 51712K, 29% used [0x00000000a0000000,0x00000000a0f155b0,0x00000000a3280000)
 Metaspace       used 40878K, capacity 41642K, committed 41816K, reserved 1085440K
  class space    used 5514K, capacity 5741K, committed 5760K, reserved 1048576K
Event: 34.454 GC heap after
Heap after GC invocations=21 (full 2):
 PSYoungGen      total 58368K, used 5103K [0x00000000e0000000, 0x00000000e4880000, 0x0000000100000000)
  eden space 53248K, 0% used [0x00000000e0000000,0x00000000e0000000,0x00000000e3400000)
  from space 5120K, 99% used [0x00000000e3400000,0x00000000e38fbe28,0x00000000e3900000)
  to   space 7168K, 0% used [0x00000000e4180000,0x00000000e4180000,0x00000000e4880000)
 ParOldGen       total 51712K, used 19712K [0x00000000a0000000, 0x00000000a3280000, 0x00000000e0000000)
  object space 51712K, 38% used [0x00000000a0000000,0x00000000a13402b0,0x00000000a3280000)
 Metaspace       used 40878K, capacity 41642K, committed 41816K, reserved 1085440K
  class space    used 5514K, capacity 5741K, committed 5760K, reserved 1048576K
}
Event: 37.208 GC heap before
{Heap before GC invocations=22 (full 2):
 PSYoungGen      total 58368K, used 58351K [0x00000000e0000000, 0x00000000e4880000, 0x0000000100000000)
  eden space 53248K, 100% used [0x00000000e0000000,0x00000000e3400000,0x00000000e3400000)
  from space 5120K, 99% used [0x00000000e3400000,0x00000000e38fbe28,0x00000000e3900000)
  to   space 7168K, 0% used [0x00000000e4180000,0x00000000e4180000,0x00000000e4880000)
 ParOldGen       total 51712K, used 19712K [0x00000000a0000000, 0x00000000a3280000, 0x00000000e0000000)
  object space 51712K, 38% used [0x00000000a0000000,0x00000000a13402b0,0x00000000a3280000)
 Metaspace       used 44543K, capacity 45444K, committed 45528K, reserved 1089536K
  class space    used 6076K, capacity 6349K, committed 6400K, reserved 1048576K
Event: 37.301 GC heap after
Heap after GC invocations=22 (full 2):
 PSYoungGen      total 66048K, used 6629K [0x00000000e0000000, 0x00000000e5000000, 0x0000000100000000)
  eden space 58880K, 0% used [0x00000000e0000000,0x00000000e0000000,0x00000000e3980000)
  from space 7168K, 92% used [0x00000000e4180000,0x00000000e47f9488,0x00000000e4880000)
  to   space 8192K, 0% used [0x00000000e3980000,0x00000000e3980000,0x00000000e4180000)
 ParOldGen       total 51712K, used 24650K [0x00000000a0000000, 0x00000000a3280000, 0x00000000e0000000)
  object space 51712K, 47% used [0x00000000a0000000,0x00000000a1812bf8,0x00000000a3280000)
 Metaspace       used 44543K, capacity 45444K, committed 45528K, reserved 1089536K
  class space    used 6076K, capacity 6349K, committed 6400K, reserved 1048576K
}
Event: 39.991 GC heap before
{Heap before GC invocations=23 (full 2):
 PSYoungGen      total 66048K, used 65509K [0x00000000e0000000, 0x00000000e5000000, 0x0000000100000000)
  eden space 58880K, 100% used [0x00000000e0000000,0x00000000e3980000,0x00000000e3980000)
  from space 7168K, 92% used [0x00000000e4180000,0x00000000e47f9488,0x00000000e4880000)
  to   space 8192K, 0% used [0x00000000e3980000,0x00000000e3980000,0x00000000e4180000)
 ParOldGen       total 51712K, used 24650K [0x00000000a0000000, 0x00000000a3280000, 0x00000000e0000000)
  object space 51712K, 47% used [0x00000000a0000000,0x00000000a1812bf8,0x00000000a3280000)
 Metaspace       used 50643K, capacity 51854K, committed 52056K, reserved 1093632K
  class space    used 6817K, capacity 7174K, committed 7296K, reserved 1048576K
Event: 40.017 GC heap after
Heap after GC invocations=23 (full 2):
 PSYoungGen      total 67072K, used 5158K [0x00000000e0000000, 0x00000000e5600000, 0x0000000100000000)
  eden space 58880K, 0% used [0x00000000e0000000,0x00000000e0000000,0x00000000e3980000)
  from space 8192K, 62% used [0x00000000e3980000,0x00000000e3e89b80,0x00000000e4180000)
  to   space 8192K, 0% used [0x00000000e4e00000,0x00000000e4e00000,0x00000000e5600000)
 ParOldGen       total 51712K, used 28517K [0x00000000a0000000, 0x00000000a3280000, 0x00000000e0000000)
  object space 51712K, 55% used [0x00000000a0000000,0x00000000a1bd9468,0x00000000a3280000)
 Metaspace       used 50643K, capacity 51854K, committed 52056K, reserved 1093632K
  class space    used 6817K, capacity 7174K, committed 7296K, reserved 1048576K
}
Event: 42.311 GC heap before
{Heap before GC invocations=24 (full 2):
 PSYoungGen      total 67072K, used 64038K [0x00000000e0000000, 0x00000000e5600000, 0x0000000100000000)
  eden space 58880K, 100% used [0x00000000e0000000,0x00000000e3980000,0x00000000e3980000)
  from space 8192K, 62% used [0x00000000e3980000,0x00000000e3e89b80,0x00000000e4180000)
  to   space 8192K, 0% used [0x00000000e4e00000,0x00000000e4e00000,0x00000000e5600000)
 ParOldGen       total 51712K, used 28517K [0x00000000a0000000, 0x00000000a3280000, 0x00000000e0000000)
  object space 51712K, 55% used [0x00000000a0000000,0x00000000a1bd9468,0x00000000a3280000)
 Metaspace       used 54924K, capacity 56566K, committed 56792K, reserved 1097728K
  class space    used 7514K, capacity 7914K, committed 7936K, reserved 1048576K
Event: 42.331 GC heap after
Heap after GC invocations=24 (full 2):
 PSYoungGen      total 78848K, used 6376K [0x00000000e0000000, 0x00000000e5600000, 0x0000000100000000)
  eden space 70656K, 0% used [0x00000000e0000000,0x00000000e0000000,0x00000000e4500000)
  from space 8192K, 77% used [0x00000000e4e00000,0x00000000e543a2c0,0x00000000e5600000)
  to   space 8704K, 0% used [0x00000000e4500000,0x00000000e4500000,0x00000000e4d80000)
 ParOldGen       total 51712K, used 30376K [0x00000000a0000000, 0x00000000a3280000, 0x00000000e0000000)
  object space 51712K, 58% used [0x00000000a0000000,0x00000000a1daa3b0,0x00000000a3280000)
 Metaspace       used 54924K, capacity 56566K, committed 56792K, reserved 1097728K
  class space    used 7514K, capacity 7914K, committed 7936K, reserved 1048576K
}

Deoptimization events (10 events):
Event: 42.728 Thread 0x00000000185cc000 Uncommon trap: reason=class_check action=maybe_recompile pc=0x0000000002b4f1dc method=com.google.common.io.CountingInputStream.read([BII)I @ 7
Event: 42.879 Thread 0x00000000185cc000 Uncommon trap: reason=class_check action=maybe_recompile pc=0x0000000002b4f1dc method=com.google.common.io.CountingInputStream.read([BII)I @ 7
Event: 42.905 Thread 0x00000000185cc000 Uncommon trap: reason=class_check action=maybe_recompile pc=0x0000000002b4f1dc method=com.google.common.io.CountingInputStream.read([BII)I @ 7
Event: 43.362 Thread 0x000000001bdae800 Uncommon trap: reason=unstable_if action=reinterpret pc=0x00000000028be224 method=java.util.concurrent.ConcurrentHashMap.putVal(Ljava/lang/Object;Ljava/lang/Object;Z)Ljava/lang/Object; @ 98
Event: 44.998 Thread 0x00000000185cc000 Uncommon trap: reason=class_check action=maybe_recompile pc=0x00000000030c70c4 method=java.io.ObjectOutputStream$BlockDataOutputStream.drain()V @ 36
Event: 45.002 Thread 0x00000000185cc000 Uncommon trap: reason=class_check action=maybe_recompile pc=0x00000000030c70c4 method=java.io.ObjectOutputStream$BlockDataOutputStream.drain()V @ 36
Event: 45.002 Thread 0x00000000185cc000 Uncommon trap: reason=class_check action=maybe_recompile pc=0x00000000030c70c4 method=java.io.ObjectOutputStream$BlockDataOutputStream.drain()V @ 36
Event: 45.002 Thread 0x00000000185cc000 Uncommon trap: reason=class_check action=maybe_recompile pc=0x00000000030c70c4 method=java.io.ObjectOutputStream$BlockDataOutputStream.drain()V @ 36
Event: 45.005 Thread 0x00000000185cc000 Uncommon trap: reason=class_check action=maybe_recompile pc=0x0000000002cfd224 method=java.io.ObjectOutputStream$BlockDataOutputStream.drain()V @ 36
Event: 45.064 Thread 0x000000001b43c000 Uncommon trap: reason=bimorphic action=maybe_recompile pc=0x0000000002a24250 method=java.io.BufferedInputStream.read1([BII)I @ 39

Classes redefined (0 events):
No events

Internal exceptions (10 events):
Event: 42.354 Thread 0x00000000185cc000 Exception <a 'java/lang/NoSuchMethodError': <clinit>> (0x00000000e018b068) thrown at [D:\src\AOSP-openjdk-cygwin\jdk8u\hotspot\src\share\vm\prims\jni.cpp, line 1613]
Event: 42.453 Thread 0x00000000185cc000 Exception <a 'java/lang/NoSuchMethodError': <clinit>> (0x00000000e03315e0) thrown at [D:\src\AOSP-openjdk-cygwin\jdk8u\hotspot\src\share\vm\prims\jni.cpp, line 1613]
Event: 42.455 Thread 0x00000000185cc000 Exception <a 'java/lang/NoSuchMethodError': <clinit>> (0x00000000e034d2e0) thrown at [D:\src\AOSP-openjdk-cygwin\jdk8u\hotspot\src\share\vm\prims\jni.cpp, line 1613]
Event: 42.455 Thread 0x00000000185cc000 Exception <a 'java/lang/NoSuchMethodError': <clinit>> (0x00000000e034f148) thrown at [D:\src\AOSP-openjdk-cygwin\jdk8u\hotspot\src\share\vm\prims\jni.cpp, line 1613]
Event: 42.600 Thread 0x00000000185cc000 Implicit null exception at 0x0000000002c85d62 to 0x0000000002c862a1
Event: 44.799 Thread 0x00000000185cc000 Exception <a 'java/lang/NoSuchMethodError': <clinit>> (0x00000000e1d7a6c0) thrown at [D:\src\AOSP-openjdk-cygwin\jdk8u\hotspot\src\share\vm\prims\jni.cpp, line 1613]
Event: 45.001 Thread 0x00000000185cc000 Exception <a 'java/lang/NoSuchMethodError': <clinit>> (0x00000000e1fda6d0) thrown at [D:\src\AOSP-openjdk-cygwin\jdk8u\hotspot\src\share\vm\prims\jni.cpp, line 1613]
Event: 45.002 Thread 0x00000000185cc000 Exception <a 'java/lang/NoSuchMethodError': <clinit>> (0x00000000e1fe52e0) thrown at [D:\src\AOSP-openjdk-cygwin\jdk8u\hotspot\src\share\vm\prims\jni.cpp, line 1613]
Event: 45.005 Thread 0x00000000185cc000 Exception <a 'java/lang/NoSuchMethodError': <clinit>> (0x00000000e2001cb0) thrown at [D:\src\AOSP-openjdk-cygwin\jdk8u\hotspot\src\share\vm\prims\jni.cpp, line 1613]
Event: 45.007 Thread 0x00000000185cc000 Exception <a 'java/lang/NoSuchMethodError': <clinit>> (0x00000000e2010a78) thrown at [D:\src\AOSP-openjdk-cygwin\jdk8u\hotspot\src\share\vm\prims\jni.cpp, line 1613]

Events (10 events):
Event: 45.103 Thread 0x00000000160ba800 flushing nmethod 0x00000000031a6250
Event: 45.106 Thread 0x00000000160ba800 flushing nmethod 0x0000000003428a90
Event: 45.740 loading class com/google/common/cache/RemovalNotification
Event: 45.740 loading class com/google/common/cache/RemovalNotification done
Event: 45.741 loading class org/gradle/cache/internal/AsyncCacheAccessDecoratedCache$2
Event: 45.741 loading class org/gradle/cache/internal/AsyncCacheAccessDecoratedCache$2 done
Event: 45.742 loading class org/gradle/cache/internal/DefaultMultiProcessSafePersistentIndexedCache$2
Event: 45.742 loading class org/gradle/cache/internal/DefaultMultiProcessSafePersistentIndexedCache$2 done
Event: 45.744 loading class org/gradle/cache/internal/btree/BTreePersistentIndexedCache$DataBlockUpdateResult
Event: 45.744 loading class org/gradle/cache/internal/btree/BTreePersistentIndexedCache$DataBlockUpdateResult done


Dynamic libraries:
0x00007ff715280000 - 0x00007ff7152b1000 	C:\Program Files\Android\Android Studio\jre\bin\java.exe
0x00007ff95fe90000 - 0x00007ff96007d000 	C:\WINDOWS\SYSTEM32\ntdll.dll
0x00007ff95fbf0000 - 0x00007ff95fca3000 	C:\WINDOWS\System32\KERNEL32.DLL
0x00007ff95bf60000 - 0x00007ff95c1f3000 	C:\WINDOWS\System32\KERNELBASE.dll
0x00007ff95f7b0000 - 0x00007ff95f853000 	C:\WINDOWS\System32\ADVAPI32.dll
0x00007ff95f3a0000 - 0x00007ff95f43e000 	C:\WINDOWS\System32\msvcrt.dll
0x00007ff95f710000 - 0x00007ff95f7ae000 	C:\WINDOWS\System32\sechost.dll
0x00007ff95f440000 - 0x00007ff95f562000 	C:\WINDOWS\System32\RPCRT4.dll
0x00007ff95fcb0000 - 0x00007ff95fe47000 	C:\WINDOWS\System32\USER32.dll
0x00007ff95c760000 - 0x00007ff95c780000 	C:\WINDOWS\System32\win32u.dll
0x00007ff95ee30000 - 0x00007ff95ee59000 	C:\WINDOWS\System32\GDI32.dll
0x00007ff95c780000 - 0x00007ff95c91a000 	C:\WINDOWS\System32\gdi32full.dll
0x00007ff95c200000 - 0x00007ff95c2a0000 	C:\WINDOWS\System32\msvcp_win.dll
0x00007ff95c640000 - 0x00007ff95c73a000 	C:\WINDOWS\System32\ucrtbase.dll
0x00007ff951d00000 - 0x00007ff951f79000 	C:\WINDOWS\WinSxS\amd64_microsoft.windows.common-controls_6595b64144ccf1df_6.0.17763.437_none_05b63dca071e5dd6\COMCTL32.dll
0x00007ff95f8c0000 - 0x00007ff95fbec000 	C:\WINDOWS\System32\combase.dll
0x00007ff95c2a0000 - 0x00007ff95c31e000 	C:\WINDOWS\System32\bcryptPrimitives.dll
0x00007ff95f0e0000 - 0x00007ff95f10e000 	C:\WINDOWS\System32\IMM32.DLL
0x000000005c2b0000 - 0x000000005c382000 	C:\Program Files\Android\Android Studio\jre\jre\bin\msvcr100.dll
0x000000005c390000 - 0x000000005cbd1000 	C:\Program Files\Android\Android Studio\jre\jre\bin\server\jvm.dll
0x00007ff95fe50000 - 0x00007ff95fe58000 	C:\WINDOWS\System32\PSAPI.DLL
0x00007ff953410000 - 0x00007ff953434000 	C:\WINDOWS\SYSTEM32\WINMM.dll
0x00007ff9538d0000 - 0x00007ff9538da000 	C:\WINDOWS\SYSTEM32\VERSION.dll
0x00007ff9533e0000 - 0x00007ff95340d000 	C:\WINDOWS\SYSTEM32\winmmbase.dll
0x00007ff95c920000 - 0x00007ff95c96a000 	C:\WINDOWS\System32\cfgmgr32.dll
0x00007ff948320000 - 0x00007ff948329000 	C:\WINDOWS\SYSTEM32\WSOCK32.dll
0x00007ff95f6a0000 - 0x00007ff95f70d000 	C:\WINDOWS\System32\WS2_32.dll
0x00007ff9558e0000 - 0x00007ff9558ef000 	C:\Program Files\Android\Android Studio\jre\jre\bin\verify.dll
0x00007ff952bc0000 - 0x00007ff952be9000 	C:\Program Files\Android\Android Studio\jre\jre\bin\java.dll
0x00007ff952ba0000 - 0x00007ff952bb6000 	C:\Program Files\Android\Android Studio\jre\jre\bin\zip.dll
0x00007ff95d4c0000 - 0x00007ff95e9b0000 	C:\WINDOWS\System32\SHELL32.dll
0x00007ff95f030000 - 0x00007ff95f0d8000 	C:\WINDOWS\System32\shcore.dll
0x00007ff95c970000 - 0x00007ff95d0ba000 	C:\WINDOWS\System32\windows.storage.dll
0x00007ff95beb0000 - 0x00007ff95bed4000 	C:\WINDOWS\System32\profapi.dll
0x00007ff95bf00000 - 0x00007ff95bf5d000 	C:\WINDOWS\System32\powrprof.dll
0x00007ff95d120000 - 0x00007ff95d172000 	C:\WINDOWS\System32\shlwapi.dll
0x00007ff95be90000 - 0x00007ff95bea1000 	C:\WINDOWS\System32\kernel.appcore.dll
0x00007ff95c740000 - 0x00007ff95c757000 	C:\WINDOWS\System32\cryptsp.dll
0x00007ff952b10000 - 0x00007ff952b2a000 	C:\Program Files\Android\Android Studio\jre\jre\bin\net.dll
0x00007ff95b710000 - 0x00007ff95b777000 	C:\WINDOWS\system32\mswsock.dll
0x00007ff952a50000 - 0x00007ff952a61000 	C:\Program Files\Android\Android Studio\jre\jre\bin\nio.dll
0x00007ff949410000 - 0x00007ff94942e000 	C:\Users\KasuN\.gradle\native\25\windows-amd64\native-platform.dll
0x00007ff952b90000 - 0x00007ff952b9d000 	C:\Program Files\Android\Android Studio\jre\jre\bin\management.dll
0x00007ff95b2d0000 - 0x00007ff95b303000 	C:\WINDOWS\system32\rsaenh.dll
0x00007ff95c500000 - 0x00007ff95c526000 	C:\WINDOWS\System32\bcrypt.dll
0x00007ff95bdc0000 - 0x00007ff95bde8000 	C:\WINDOWS\SYSTEM32\USERENV.dll
0x00007ff95b8e0000 - 0x00007ff95b8ec000 	C:\WINDOWS\SYSTEM32\CRYPTBASE.dll
0x00007ff95b470000 - 0x00007ff95b4ad000 	C:\WINDOWS\SYSTEM32\IPHLPAPI.DLL
0x00007ff95d180000 - 0x00007ff95d188000 	C:\WINDOWS\System32\NSI.dll
0x00007ff953ee0000 - 0x00007ff953ef6000 	C:\WINDOWS\SYSTEM32\dhcpcsvc6.DLL
0x00007ff9545d0000 - 0x00007ff9545ec000 	C:\WINDOWS\SYSTEM32\dhcpcsvc.DLL
0x00007ff95b4b0000 - 0x00007ff95b576000 	C:\WINDOWS\SYSTEM32\DNSAPI.dll

VM Arguments:
jvm_args: -Xmx1536m -Dfile.encoding=windows-1252 -Duser.country=US -Duser.language=en -Duser.variant 
java_command: org.gradle.launcher.daemon.bootstrap.GradleDaemon 4.6
java_class_path (initial): C:\Users\KasuN\.gradle\wrapper\dists\gradle-4.6-all\bcst21l2brirad8k2ben1letg\gradle-4.6\lib\gradle-launcher-4.6.jar
Launcher Type: SUN_STANDARD

Environment Variables:
PATH=C:\Program Files (x86)\PC Connectivity Solution\;C:\ProgramData\Oracle\Java\javapath;C:\WINDOWS\system32;C:\WINDOWS;C:\WINDOWS\System32\Wbem;C:\WINDOWS\System32\WindowsPowerShell\v1.0\;C:\Program Files\Microsoft SQL Server\120\Tools\Binn\;C:\Program Files\Microsoft SQL Server\Client SDK\ODBC\110\Tools\Binn\;C:\Program Files (x86)\Microsoft SQL Server\120\Tools\Binn\;C:\Program Files\Microsoft SQL Server\120\DTS\Binn\;C:\Program Files (x86)\Microsoft SQL Server\120\Tools\Binn\ManagementStudio\;C:\Program Files (x86)\Microsoft SQL Server\120\DTS\Binn\;C:\WINDOWS\system32\config\systemprofile\.dnx\bin;C:\Program Files\Microsoft DNX\Dnvm\;C:\Program Files\Microsoft SQL Server\130\Tools\Binn\;C:\Program Files (x86)\Microsoft SQL Server\90\Tools\binn\;C:\Program Files\Java\jdk1.8.0_45\bin;C:\Program Files\Git\cmd;C:\WINDOWS\System32\OpenSSH\;C:\Users\KasuN\AppData\Local\Microsoft\WindowsApps;
USERNAME=KasuN
OS=Windows_NT
PROCESSOR_IDENTIFIER=Intel64 Family 6 Model 69 Stepping 1, GenuineIntel



---------------  S Y S T E M  ---------------

OS: Windows 10.0 , 64 bit Build 17763 (10.0.17763.437)

CPU:total 4 (initial active 4) (2 cores per cpu, 2 threads per core) family 6 model 69 stepping 1, cmov, cx8, fxsr, mmx, sse, sse2, sse3, ssse3, sse4.1, sse4.2, popcnt, avx, avx2, aes, clmul, erms, lzcnt, ht, tsc, tscinvbit, bmi1, bmi2

Memory: 4k page, physical 4096184k(284492k free), swap 16679096k(7248k free)

vm_info: OpenJDK 64-Bit Server VM (25.152-b01) for windows-amd64 JRE (1.8.0_152-release-1248-b01), built by "builder" with MS VC++ 10.0 (VS2010)

time: Tue May 21 11:02:57 2019
elapsed time: 45 seconds (0d 0h 0m 45s)

