#
# There is insufficient memory for the Java Runtime Environment to continue.
# Native memory allocation (malloc) failed to allocate 32744 bytes for ChunkPool::allocate
# Possible reasons:
#   The system is out of physical RAM or swap space
#   In 32 bit mode, the process size limit was hit
# Possible solutions:
#   Reduce memory load on the system
#   Increase physical memory or swap space
#   Check if swap backing store is full
#   Use 64 bit Java on a 64 bit OS
#   Decrease Java heap size (-Xmx/-Xms)
#   Decrease number of Java threads
#   Decrease Java thread stack sizes (-Xss)
#   Set larger code cache with -XX:ReservedCodeCacheSize=
# This output file may be truncated or incomplete.
#
#  Out of Memory Error (allocation.cpp:273), pid=14404, tid=0x00000000000002ec
#
# JRE version: OpenJDK Runtime Environment (8.0_152-b01) (build 1.8.0_152-release-1248-b01)
# Java VM: OpenJDK 64-Bit Server VM (25.152-b01 mixed mode windows-amd64 compressed oops)
# Failed to write core dump. Minidumps are not enabled by default on client versions of Windows
#

---------------  T H R E A D  ---------------

Current thread (0x0000000015d89800):  JavaThread "C2 CompilerThread0" daemon [_thread_in_native, id=748, stack(0x0000000017400000,0x0000000017500000)]

Stack: [0x0000000017400000,0x0000000017500000]
[error occurred during error reporting (printing stack bounds), id 0xc0000005]

Native frames: (J=compiled Java code, j=interpreted, Vv=VM code, C=native code)


Current CompileTask:
C2:  20822 3880       4       org.gradle.model.internal.type.ModelType::wrap (219 bytes)


---------------  P R O C E S S  ---------------

Java Threads: ( => current thread )
  0x000000001abd1000 JavaThread "Memory manager" [_thread_blocked, id=6424, stack(0x00000000207e0000,0x00000000208e0000)]
  0x000000001abd4000 JavaThread "pool-1-thread-1" [_thread_blocked, id=18232, stack(0x00000000204e0000,0x00000000205e0000)]
  0x000000001aca2800 JavaThread "Build operations Thread 4" [_thread_blocked, id=15192, stack(0x000000001fde0000,0x000000001fee0000)]
  0x000000001aca1800 JavaThread "Build operations Thread 3" [_thread_blocked, id=17700, stack(0x000000001fce0000,0x000000001fde0000)]
  0x000000001ac9e000 JavaThread "Build operations Thread 2" [_thread_blocked, id=16928, stack(0x000000001fbe0000,0x000000001fce0000)]
  0x000000001ac9d000 JavaThread "Build operations" [_thread_blocked, id=1524, stack(0x000000001e320000,0x000000001e420000)]
  0x000000001ac9f800 JavaThread "Cache worker for Artifact transforms cache (C:\Users\KasuN\.gradle\caches\transforms-1)" [_thread_blocked, id=14160, stack(0x000000001cbf0000,0x000000001ccf0000)]
  0x000000001ac9c800 JavaThread "Cache worker for file hash cache (C:\Kasun\AndroidStudioProjects\Kasun_Assignment\HRISAndroid\HRIS Android 1.7\.gradle\4.6\fileHashes)" [_thread_blocked, id=11416, stack(0x000000001b920000,0x000000001ba20000)]
  0x0000000018fbd000 JavaThread "File lock request listener" [_thread_in_native, id=6824, stack(0x000000001a850000,0x000000001a950000)]
  0x0000000017f6e000 JavaThread "Cache worker for file hash cache (C:\Users\KasuN\.gradle\caches\4.6\fileHashes)" [_thread_blocked, id=2640, stack(0x000000001a750000,0x000000001a850000)]
  0x0000000018a9d800 JavaThread "Stdin handler" [_thread_blocked, id=1236, stack(0x000000001a450000,0x000000001a550000)]
  0x0000000018a9c800 JavaThread "Asynchronous log dispatcher for DefaultDaemonConnection: socket connection from /127.0.0.1:62067 to /127.0.0.1:62068" [_thread_blocked, id=12080, stack(0x000000001a350000,0x000000001a450000)]
  0x0000000018a49800 JavaThread "Daemon worker" [_thread_in_Java, id=16416, stack(0x000000001a250000,0x000000001a350000)]
  0x0000000018a45800 JavaThread "Cancel handler" [_thread_blocked, id=7832, stack(0x000000001a150000,0x000000001a250000)]
  0x00000000177d3800 JavaThread "Handler for socket connection from /127.0.0.1:62067 to /127.0.0.1:62068" [_thread_in_native, id=1716, stack(0x0000000019e50000,0x0000000019f50000)]
  0x00000000177d1000 JavaThread "Daemon" [_thread_blocked, id=8908, stack(0x0000000019d50000,0x0000000019e50000)]
  0x0000000017ea2800 JavaThread "Daemon periodic checks" [_thread_blocked, id=16392, stack(0x0000000019c50000,0x0000000019d50000)]
  0x0000000017ea2000 JavaThread "Incoming local TCP Connector on port 62067" [_thread_in_native, id=15112, stack(0x0000000019a10000,0x0000000019b10000)]
  0x0000000015dee800 JavaThread "Service Thread" daemon [_thread_blocked, id=14668, stack(0x0000000017b00000,0x0000000017c00000)]
  0x0000000015d9a000 JavaThread "C1 CompilerThread2" daemon [_thread_blocked, id=18484, stack(0x0000000017600000,0x0000000017700000)]
  0x0000000015d8c000 JavaThread "C2 CompilerThread1" daemon [_thread_in_native, id=15312, stack(0x0000000017500000,0x0000000017600000)]
=>0x0000000015d89800 JavaThread "C2 CompilerThread0" daemon [_thread_in_native, id=748, stack(0x0000000017400000,0x0000000017500000)]
  0x0000000015d96000 JavaThread "Attach Listener" daemon [_thread_blocked, id=15344, stack(0x0000000017300000,0x0000000017400000)]
  0x0000000015d95000 JavaThread "Signal Dispatcher" daemon [_thread_blocked, id=18964, stack(0x0000000017200000,0x0000000017300000)]
  0x000000000241b800 JavaThread "Finalizer" daemon [_thread_blocked, id=2688, stack(0x0000000016ff0000,0x00000000170f0000)]
  0x0000000002410800 JavaThread "Reference Handler" daemon [_thread_blocked, id=8540, stack(0x0000000016ef0000,0x0000000016ff0000)]
  0x000000000231e000 JavaThread "main" [_thread_blocked, id=4184, stack(0x00000000021c0000,0x00000000022c0000)]

Other Threads:
  0x0000000015d56000 VMThread [stack: 0x0000000016df0000,0x0000000016ef0000] [id=8068]
  0x0000000017728800 WatcherThread [stack: 0x0000000017c00000,0x0000000017d00000] [id=12556]

VM state:not at safepoint (normal execution)

VM Mutex/Monitor currently owned by a thread: None

Heap:
 PSYoungGen      total 98816K, used 72311K [0x00000000e0000000, 0x00000000e8a80000, 0x0000000100000000)
  eden space 89600K, 80% used [0x00000000e0000000,0x00000000e469dd28,0x00000000e5780000)
  from space 9216K, 0% used [0x00000000e5780000,0x00000000e5780000,0x00000000e6080000)
  to   space 9216K, 0% used [0x00000000e8180000,0x00000000e8180000,0x00000000e8a80000)
 ParOldGen       total 32768K, used 17666K [0x00000000a0000000, 0x00000000a2000000, 0x00000000e0000000)
  object space 32768K, 53% used [0x00000000a0000000,0x00000000a1140bf8,0x00000000a2000000)
 Metaspace       used 41130K, capacity 41786K, committed 42152K, reserved 1085440K
  class space    used 5529K, capacity 5771K, committed 5808K, reserved 1048576K

Card table byte_map: [0x00000000117e0000,0x0000000011af0000] byte_map_base: 0x00000000112e0000

Marking Bits: (ParMarkBitMap*) 0x0000000058ff5aa0
 Begin Bits: [0x00000000120f0000, 0x00000000138f0000)
 End Bits:   [0x00000000138f0000, 0x00000000150f0000)

Polling page: 0x00000000022c0000

CodeCache: size=245760Kb used=12668Kb max_used=12668Kb free=233091Kb
 bounds [0x0000000002420000, 0x0000000003090000, 0x0000000011420000]
 total_blobs=4493 nmethods=3753 adapters=652
 compilation: enabled

Compilation events (10 events):
Event: 20.799 Thread 0x0000000015d9a000 4083       3       java.math.BigInteger::addOne (77 bytes)
Event: 20.799 Thread 0x0000000015d9a000 nmethod 4083 0x0000000003083810 code [0x0000000003083980, 0x0000000003083cd0]
Event: 20.800 Thread 0x0000000015d9a000 4084       3       java.math.BigInteger::implMulAddCheck (169 bytes)
Event: 20.803 Thread 0x0000000015d9a000 nmethod 4084 0x0000000003083e10 code [0x0000000003084200, 0x0000000003086538]
Event: 20.815 Thread 0x0000000015d9a000 4086       3       java.math.BigInteger::montReduce (99 bytes)
Event: 20.816 Thread 0x0000000015d9a000 nmethod 4086 0x0000000003087610 code [0x00000000030877e0, 0x0000000003087db8]
Event: 20.816 Thread 0x0000000015d9a000 4087       3       java.math.BigInteger::implSquareToLen (154 bytes)
Event: 20.817 Thread 0x0000000015d9a000 nmethod 4087 0x0000000003088150 code [0x0000000003088320, 0x00000000030888b8]
Event: 20.817 Thread 0x0000000015d9a000 4088       3       java.math.BigInteger::primitiveLeftShift (79 bytes)
Event: 20.818 Thread 0x0000000015d9a000 nmethod 4088 0x0000000003088e90 code [0x0000000003089000, 0x0000000003089310]

GC Heap History (10 events):
Event: 10.817 GC heap before
{Heap before GC invocations=9 (full 1):
 PSYoungGen      total 71680K, used 5194K [0x00000000e0000000, 0x00000000e4d00000, 0x0000000100000000)
  eden space 64512K, 0% used [0x00000000e0000000,0x00000000e0000000,0x00000000e3f00000)
  from space 7168K, 72% used [0x00000000e4600000,0x00000000e4b12858,0x00000000e4d00000)
  to   space 7168K, 0% used [0x00000000e3f00000,0x00000000e3f00000,0x00000000e4600000)
 ParOldGen       total 44032K, used 6900K [0x00000000a0000000, 0x00000000a2b00000, 0x00000000e0000000)
  object space 44032K, 15% used [0x00000000a0000000,0x00000000a06bd038,0x00000000a2b00000)
 Metaspace       used 20802K, capacity 21250K, committed 21296K, reserved 1067008K
  class space    used 2908K, capacity 3074K, committed 3120K, reserved 1048576K
Event: 10.892 GC heap after
Heap after GC invocations=9 (full 1):
 PSYoungGen      total 71680K, used 0K [0x00000000e0000000, 0x00000000e4d00000, 0x0000000100000000)
  eden space 64512K, 0% used [0x00000000e0000000,0x00000000e0000000,0x00000000e3f00000)
  from space 7168K, 0% used [0x00000000e4600000,0x00000000e4600000,0x00000000e4d00000)
  to   space 7168K, 0% used [0x00000000e3f00000,0x00000000e3f00000,0x00000000e4600000)
 ParOldGen       total 32768K, used 8188K [0x00000000a0000000, 0x00000000a2000000, 0x00000000e0000000)
  object space 32768K, 24% used [0x00000000a0000000,0x00000000a07ff258,0x00000000a2000000)
 Metaspace       used 20802K, capacity 21250K, committed 21296K, reserved 1067008K
  class space    used 2908K, capacity 3074K, committed 3120K, reserved 1048576K
}
Event: 12.486 GC heap before
{Heap before GC invocations=10 (full 1):
 PSYoungGen      total 71680K, used 64512K [0x00000000e0000000, 0x00000000e4d00000, 0x0000000100000000)
  eden space 64512K, 100% used [0x00000000e0000000,0x00000000e3f00000,0x00000000e3f00000)
  from space 7168K, 0% used [0x00000000e4600000,0x00000000e4600000,0x00000000e4d00000)
  to   space 7168K, 0% used [0x00000000e3f00000,0x00000000e3f00000,0x00000000e4600000)
 ParOldGen       total 32768K, used 8188K [0x00000000a0000000, 0x00000000a2000000, 0x00000000e0000000)
  object space 32768K, 24% used [0x00000000a0000000,0x00000000a07ff258,0x00000000a2000000)
 Metaspace       used 25957K, capacity 26390K, committed 26672K, reserved 1073152K
  class space    used 3628K, capacity 3798K, committed 3888K, reserved 1048576K
Event: 12.513 GC heap after
Heap after GC invocations=10 (full 1):
 PSYoungGen      total 71680K, used 6535K [0x00000000e0000000, 0x00000000e6880000, 0x0000000100000000)
  eden space 64512K, 0% used [0x00000000e0000000,0x00000000e0000000,0x00000000e3f00000)
  from space 7168K, 91% used [0x00000000e3f00000,0x00000000e4561ca0,0x00000000e4600000)
  to   space 7680K, 0% used [0x00000000e6100000,0x00000000e6100000,0x00000000e6880000)
 ParOldGen       total 32768K, used 8196K [0x00000000a0000000, 0x00000000a2000000, 0x00000000e0000000)
  object space 32768K, 25% used [0x00000000a0000000,0x00000000a0801258,0x00000000a2000000)
 Metaspace       used 25957K, capacity 26390K, committed 26672K, reserved 1073152K
  class space    used 3628K, capacity 3798K, committed 3888K, reserved 1048576K
}
Event: 16.022 GC heap before
{Heap before GC invocations=11 (full 1):
 PSYoungGen      total 71680K, used 71047K [0x00000000e0000000, 0x00000000e6880000, 0x0000000100000000)
  eden space 64512K, 100% used [0x00000000e0000000,0x00000000e3f00000,0x00000000e3f00000)
  from space 7168K, 91% used [0x00000000e3f00000,0x00000000e4561ca0,0x00000000e4600000)
  to   space 7680K, 0% used [0x00000000e6100000,0x00000000e6100000,0x00000000e6880000)
 ParOldGen       total 32768K, used 8196K [0x00000000a0000000, 0x00000000a2000000, 0x00000000e0000000)
  object space 32768K, 25% used [0x00000000a0000000,0x00000000a0801258,0x00000000a2000000)
 Metaspace       used 30026K, capacity 30530K, committed 30768K, reserved 1075200K
  class space    used 4186K, capacity 4364K, committed 4400K, reserved 1048576K
Event: 16.039 GC heap after
Heap after GC invocations=11 (full 1):
 PSYoungGen      total 97280K, used 7670K [0x00000000e0000000, 0x00000000e6980000, 0x0000000100000000)
  eden space 89600K, 0% used [0x00000000e0000000,0x00000000e0000000,0x00000000e5780000)
  from space 7680K, 99% used [0x00000000e6100000,0x00000000e687d980,0x00000000e6880000)
  to   space 9216K, 0% used [0x00000000e5780000,0x00000000e5780000,0x00000000e6080000)
 ParOldGen       total 32768K, used 9580K [0x00000000a0000000, 0x00000000a2000000, 0x00000000e0000000)
  object space 32768K, 29% used [0x00000000a0000000,0x00000000a095b2e0,0x00000000a2000000)
 Metaspace       used 30026K, capacity 30530K, committed 30768K, reserved 1075200K
  class space    used 4186K, capacity 4364K, committed 4400K, reserved 1048576K
}
Event: 17.980 GC heap before
{Heap before GC invocations=12 (full 1):
 PSYoungGen      total 97280K, used 47525K [0x00000000e0000000, 0x00000000e6980000, 0x0000000100000000)
  eden space 89600K, 44% used [0x00000000e0000000,0x00000000e26ebcf8,0x00000000e5780000)
  from space 7680K, 99% used [0x00000000e6100000,0x00000000e687d980,0x00000000e6880000)
  to   space 9216K, 0% used [0x00000000e5780000,0x00000000e5780000,0x00000000e6080000)
 ParOldGen       total 32768K, used 9580K [0x00000000a0000000, 0x00000000a2000000, 0x00000000e0000000)
  object space 32768K, 29% used [0x00000000a0000000,0x00000000a095b2e0,0x00000000a2000000)
 Metaspace       used 34741K, capacity 35388K, committed 35496K, reserved 1079296K
  class space    used 4769K, capacity 4983K, committed 5040K, reserved 1048576K
Event: 17.998 GC heap after
Heap after GC invocations=12 (full 1):
 PSYoungGen      total 98816K, used 5668K [0x00000000e0000000, 0x00000000e8a80000, 0x0000000100000000)
  eden space 89600K, 0% used [0x00000000e0000000,0x00000000e0000000,0x00000000e5780000)
  from space 9216K, 61% used [0x00000000e5780000,0x00000000e5d09238,0x00000000e6080000)
  to   space 9216K, 0% used [0x00000000e8180000,0x00000000e8180000,0x00000000e8a80000)
 ParOldGen       total 32768K, used 15258K [0x00000000a0000000, 0x00000000a2000000, 0x00000000e0000000)
  object space 32768K, 46% used [0x00000000a0000000,0x00000000a0ee6990,0x00000000a2000000)
 Metaspace       used 34741K, capacity 35388K, committed 35496K, reserved 1079296K
  class space    used 4769K, capacity 4983K, committed 5040K, reserved 1048576K
}
Event: 17.998 GC heap before
{Heap before GC invocations=13 (full 2):
 PSYoungGen      total 98816K, used 5668K [0x00000000e0000000, 0x00000000e8a80000, 0x0000000100000000)
  eden space 89600K, 0% used [0x00000000e0000000,0x00000000e0000000,0x00000000e5780000)
  from space 9216K, 61% used [0x00000000e5780000,0x00000000e5d09238,0x00000000e6080000)
  to   space 9216K, 0% used [0x00000000e8180000,0x00000000e8180000,0x00000000e8a80000)
 ParOldGen       total 32768K, used 15258K [0x00000000a0000000, 0x00000000a2000000, 0x00000000e0000000)
  object space 32768K, 46% used [0x00000000a0000000,0x00000000a0ee6990,0x00000000a2000000)
 Metaspace       used 34741K, capacity 35388K, committed 35496K, reserved 1079296K
  class space    used 4769K, capacity 4983K, committed 5040K, reserved 1048576K
Event: 18.110 GC heap after
Heap after GC invocations=13 (full 2):
 PSYoungGen      total 98816K, used 0K [0x00000000e0000000, 0x00000000e8a80000, 0x0000000100000000)
  eden space 89600K, 0% used [0x00000000e0000000,0x00000000e0000000,0x00000000e5780000)
  from space 9216K, 0% used [0x00000000e5780000,0x00000000e5780000,0x00000000e6080000)
  to   space 9216K, 0% used [0x00000000e8180000,0x00000000e8180000,0x00000000e8a80000)
 ParOldGen       total 32768K, used 17666K [0x00000000a0000000, 0x00000000a2000000, 0x00000000e0000000)
  object space 32768K, 53% used [0x00000000a0000000,0x00000000a1140bf8,0x00000000a2000000)
 Metaspace       used 34718K, capacity 35300K, committed 35496K, reserved 1079296K
  class space    used 4762K, capacity 4975K, committed 5040K, reserved 1048576K
}

Deoptimization events (10 events):
Event: 19.828 Thread 0x0000000018a49800 Uncommon trap: reason=unstable_if action=reinterpret pc=0x0000000002d04628 method=java.util.HashMap.putVal(ILjava/lang/Object;Ljava/lang/Object;ZZ)Ljava/lang/Object; @ 162
Event: 19.829 Thread 0x0000000018a49800 Uncommon trap: reason=unstable_if action=reinterpret pc=0x00000000026d35e0 method=java.util.HashMap.resize()[Ljava/util/HashMap$Node; @ 206
Event: 20.170 Thread 0x0000000018a49800 Uncommon trap: reason=unstable_if action=reinterpret pc=0x0000000002fbbe74 method=java.lang.reflect.Modifier.toString(I)Ljava/lang/String; @ 123
Event: 20.170 Thread 0x0000000018a49800 Uncommon trap: reason=unstable_if action=reinterpret pc=0x0000000002fb3a78 method=java.lang.reflect.Modifier.toString(I)Ljava/lang/String; @ 123
Event: 20.444 Thread 0x0000000018a49800 Uncommon trap: reason=speculate_class_check action=maybe_recompile pc=0x0000000002b817e4 method=com.google.common.base.Equivalence.hash(Ljava/lang/Object;)I @ 8
Event: 20.444 Thread 0x0000000018a49800 Uncommon trap: reason=speculate_class_check action=maybe_recompile pc=0x0000000002b817e4 method=com.google.common.base.Equivalence.hash(Ljava/lang/Object;)I @ 8
Event: 20.445 Thread 0x0000000018a49800 Uncommon trap: reason=speculate_class_check action=maybe_recompile pc=0x0000000002b817e4 method=com.google.common.base.Equivalence.hash(Ljava/lang/Object;)I @ 8
Event: 20.445 Thread 0x0000000018a49800 Uncommon trap: reason=speculate_class_check action=maybe_recompile pc=0x0000000002b817e4 method=com.google.common.base.Equivalence.hash(Ljava/lang/Object;)I @ 8
Event: 20.663 Thread 0x0000000018a49800 Uncommon trap: reason=unstable_if action=reinterpret pc=0x00000000029527c0 method=java.util.jar.Attributes$Name.isDigit(C)Z @ 3
Event: 20.780 Thread 0x0000000018a49800 Uncommon trap: reason=unstable_if action=reinterpret pc=0x00000000028b0fbc method=java.lang.CharacterDataLatin1.isWhitespace(I)Z @ 14

Classes redefined (0 events):
No events

Internal exceptions (10 events):
Event: 16.788 Thread 0x0000000018a49800 Exception <a 'java/lang/ClassNotFoundException': org/gradle/api/DefaultTaskCustomizer> (0x00000000e09b8558) thrown at [D:\src\AOSP-openjdk-cygwin\jdk8u\hotspot\src\share\vm\classfile\systemDictionary.cpp, line 210]
Event: 16.789 Thread 0x0000000018a49800 Exception <a 'java/lang/ClassNotFoundException': org/gradle/api/internal/ConventionTaskCustomizer> (0x00000000e09f46e8) thrown at [D:\src\AOSP-openjdk-cygwin\jdk8u\hotspot\src\share\vm\classfile\systemDictionary.cpp, line 210]
Event: 16.791 Thread 0x0000000018a49800 Exception <a 'java/lang/ClassNotFoundException': org/gradle/api/tasks/DeleteCustomizer> (0x00000000e0a2e108) thrown at [D:\src\AOSP-openjdk-cygwin\jdk8u\hotspot\src\share\vm\classfile\systemDictionary.cpp, line 210]
Event: 16.795 Thread 0x0000000018a49800 Exception <a 'java/lang/ClassNotFoundException': org/gradle/api/tasks/Delete_DecoratedCustomizer> (0x00000000e0a75d40) thrown at [D:\src\AOSP-openjdk-cygwin\jdk8u\hotspot\src\share\vm\classfile\systemDictionary.cpp, line 210]
Event: 17.626 Thread 0x0000000018a49800 Exception <a 'java/lang/ClassNotFoundException': build_3emq6dzly1ekulmlfdvyknda0BeanInfo> (0x00000000e1fe5b90) thrown at [D:\src\AOSP-openjdk-cygwin\jdk8u\hotspot\src\share\vm\classfile\systemDictionary.cpp, line 210]
Event: 17.627 Thread 0x0000000018a49800 Exception <a 'java/lang/ClassNotFoundException': build_3emq6dzly1ekulmlfdvyknda0Customizer> (0x00000000e1ff0598) thrown at [D:\src\AOSP-openjdk-cygwin\jdk8u\hotspot\src\share\vm\classfile\systemDictionary.cpp, line 210]
Event: 18.225 Thread 0x0000000018a49800 Implicit null exception at 0x0000000002edbd54 to 0x0000000002eddd19
Event: 18.225 Thread 0x0000000018a49800 Implicit null exception at 0x0000000002e4e855 to 0x0000000002e4eb3d
Event: 18.433 Thread 0x0000000018a49800 Exception <a 'sun/nio/fs/WindowsException'> (0x00000000e067db78) thrown at [D:\src\AOSP-openjdk-cygwin\jdk8u\hotspot\src\share\vm\prims\jni.cpp, line 709]
Event: 19.070 Thread 0x0000000018a49800 Exception <a 'sun/nio/fs/WindowsException'> (0x00000000e1428c00) thrown at [D:\src\AOSP-openjdk-cygwin\jdk8u\hotspot\src\share\vm\prims\jni.cpp, line 709]

Events (10 events):
Event: 20.792 loading class sun/security/provider/DSA done
Event: 20.792 loading class sun/security/provider/DSA$SHA1withDSA done
Event: 20.792 loading class java/security/interfaces/DSAParams
Event: 20.793 loading class java/security/interfaces/DSAParams done
Event: 20.793 loading class java/security/spec/DSAParameterSpec
Event: 20.793 loading class java/security/spec/AlgorithmParameterSpec
Event: 20.793 loading class java/security/spec/AlgorithmParameterSpec done
Event: 20.793 loading class java/security/spec/DSAParameterSpec done
Event: 20.794 loading class java/math/SignedMutableBigInteger
Event: 20.795 loading class java/math/SignedMutableBigInteger done


Dynamic libraries:
0x00007ff65c400000 - 0x00007ff65c431000 	C:\Program Files\Android\Android Studio\jre\bin\java.exe
0x00007ff9b46b0000 - 0x00007ff9b489d000 	C:\WINDOWS\SYSTEM32\ntdll.dll
0x00007ff9b1d60000 - 0x00007ff9b1e13000 	C:\WINDOWS\System32\KERNEL32.DLL
0x00007ff9b1090000 - 0x00007ff9b1323000 	C:\WINDOWS\System32\KERNELBASE.dll
0x00007ff9b2740000 - 0x00007ff9b27e3000 	C:\WINDOWS\System32\ADVAPI32.dll
0x00007ff9b26a0000 - 0x00007ff9b273e000 	C:\WINDOWS\System32\msvcrt.dll
0x00007ff9b22a0000 - 0x00007ff9b233e000 	C:\WINDOWS\System32\sechost.dll
0x00007ff9b2b10000 - 0x00007ff9b2c32000 	C:\WINDOWS\System32\RPCRT4.dll
0x00007ff9b2500000 - 0x00007ff9b2697000 	C:\WINDOWS\System32\USER32.dll
0x00007ff9b0780000 - 0x00007ff9b07a0000 	C:\WINDOWS\System32\win32u.dll
0x00007ff9b18e0000 - 0x00007ff9b1909000 	C:\WINDOWS\System32\GDI32.dll
0x00007ff9b0ef0000 - 0x00007ff9b108a000 	C:\WINDOWS\System32\gdi32full.dll
0x00007ff9b1840000 - 0x00007ff9b18e0000 	C:\WINDOWS\System32\msvcp_win.dll
0x00007ff9b1330000 - 0x00007ff9b142a000 	C:\WINDOWS\System32\ucrtbase.dll
0x00007ff9a1d80000 - 0x00007ff9a1ff9000 	C:\WINDOWS\WinSxS\amd64_microsoft.windows.common-controls_6595b64144ccf1df_6.0.17763.503_none_05b23ef40721f4ae\COMCTL32.dll
0x00007ff9b4350000 - 0x00007ff9b467c000 	C:\WINDOWS\System32\combase.dll
0x00007ff9b1500000 - 0x00007ff9b157e000 	C:\WINDOWS\System32\bcryptPrimitives.dll
0x00007ff9b1d30000 - 0x00007ff9b1d5e000 	C:\WINDOWS\System32\IMM32.DLL
0x00000000595b0000 - 0x0000000059682000 	C:\Program Files\Android\Android Studio\jre\jre\bin\msvcr100.dll
0x0000000058830000 - 0x0000000059071000 	C:\Program Files\Android\Android Studio\jre\jre\bin\server\jvm.dll
0x00007ff9b2e30000 - 0x00007ff9b2e38000 	C:\WINDOWS\System32\PSAPI.DLL
0x00007ff9a8330000 - 0x00007ff9a8354000 	C:\WINDOWS\SYSTEM32\WINMM.dll
0x00007ff994c10000 - 0x00007ff994c19000 	C:\WINDOWS\SYSTEM32\WSOCK32.dll
0x00007ff9aeac0000 - 0x00007ff9aeaca000 	C:\WINDOWS\SYSTEM32\VERSION.dll
0x00007ff9b2970000 - 0x00007ff9b29dd000 	C:\WINDOWS\System32\WS2_32.dll
0x00007ff9a8300000 - 0x00007ff9a832d000 	C:\WINDOWS\SYSTEM32\winmmbase.dll
0x00007ff9b14b0000 - 0x00007ff9b14fa000 	C:\WINDOWS\System32\cfgmgr32.dll
0x00007ff9aa9c0000 - 0x00007ff9aa9cf000 	C:\Program Files\Android\Android Studio\jre\jre\bin\verify.dll
0x00007ff9aa790000 - 0x00007ff9aa7b9000 	C:\Program Files\Android\Android Studio\jre\jre\bin\java.dll
0x00007ff9a2a60000 - 0x00007ff9a2a76000 	C:\Program Files\Android\Android Studio\jre\jre\bin\zip.dll
0x00007ff9b2e60000 - 0x00007ff9b4350000 	C:\WINDOWS\System32\SHELL32.dll
0x00007ff9b1c70000 - 0x00007ff9b1d18000 	C:\WINDOWS\System32\shcore.dll
0x00007ff9b07a0000 - 0x00007ff9b0eea000 	C:\WINDOWS\System32\windows.storage.dll
0x00007ff9b06b0000 - 0x00007ff9b06d4000 	C:\WINDOWS\System32\profapi.dll
0x00007ff9b0700000 - 0x00007ff9b075d000 	C:\WINDOWS\System32\powrprof.dll
0x00007ff9b28b0000 - 0x00007ff9b2902000 	C:\WINDOWS\System32\shlwapi.dll
0x00007ff9b0760000 - 0x00007ff9b0771000 	C:\WINDOWS\System32\kernel.appcore.dll
0x00007ff9b1490000 - 0x00007ff9b14a7000 	C:\WINDOWS\System32\cryptsp.dll
0x00007ff9a2230000 - 0x00007ff9a224a000 	C:\Program Files\Android\Android Studio\jre\jre\bin\net.dll
0x00007ff9aff30000 - 0x00007ff9aff97000 	C:\WINDOWS\system32\mswsock.dll
0x00007ff990280000 - 0x00007ff990291000 	C:\Program Files\Android\Android Studio\jre\jre\bin\nio.dll
0x00007ff9ab550000 - 0x00007ff9ab56e000 	C:\Users\KasuN\.gradle\native\25\windows-amd64\native-platform.dll
0x00007ff9aa780000 - 0x00007ff9aa78d000 	C:\Program Files\Android\Android Studio\jre\jre\bin\management.dll
0x00007ff9afaf0000 - 0x00007ff9afb23000 	C:\WINDOWS\system32\rsaenh.dll
0x00007ff9b1630000 - 0x00007ff9b1656000 	C:\WINDOWS\System32\bcrypt.dll
0x00007ff9b05b0000 - 0x00007ff9b05d8000 	C:\WINDOWS\SYSTEM32\USERENV.dll
0x00007ff9b0100000 - 0x00007ff9b010c000 	C:\WINDOWS\SYSTEM32\CRYPTBASE.dll
0x00007ff9afc90000 - 0x00007ff9afccd000 	C:\WINDOWS\SYSTEM32\IPHLPAPI.DLL
0x00007ff9b1d20000 - 0x00007ff9b1d28000 	C:\WINDOWS\System32\NSI.dll
0x00007ff9a9710000 - 0x00007ff9a9726000 	C:\WINDOWS\SYSTEM32\dhcpcsvc6.DLL
0x00007ff9a9820000 - 0x00007ff9a983c000 	C:\WINDOWS\SYSTEM32\dhcpcsvc.DLL
0x00007ff9afcd0000 - 0x00007ff9afd96000 	C:\WINDOWS\SYSTEM32\DNSAPI.dll

VM Arguments:
jvm_args: -Xmx1536m -Dfile.encoding=windows-1252 -Duser.country=US -Duser.language=en -Duser.variant 
java_command: org.gradle.launcher.daemon.bootstrap.GradleDaemon 4.6
java_class_path (initial): C:\Users\KasuN\.gradle\wrapper\dists\gradle-4.6-all\bcst21l2brirad8k2ben1letg\gradle-4.6\lib\gradle-launcher-4.6.jar
Launcher Type: SUN_STANDARD

Environment Variables:
PATH=C:\Program Files (x86)\PC Connectivity Solution\;C:\ProgramData\Oracle\Java\javapath;C:\WINDOWS\system32;C:\WINDOWS;C:\WINDOWS\System32\Wbem;C:\WINDOWS\System32\WindowsPowerShell\v1.0\;C:\Program Files\Microsoft SQL Server\120\Tools\Binn\;C:\Program Files\Microsoft SQL Server\Client SDK\ODBC\110\Tools\Binn\;C:\Program Files (x86)\Microsoft SQL Server\120\Tools\Binn\;C:\Program Files\Microsoft SQL Server\120\DTS\Binn\;C:\Program Files (x86)\Microsoft SQL Server\120\Tools\Binn\ManagementStudio\;C:\Program Files (x86)\Microsoft SQL Server\120\DTS\Binn\;C:\WINDOWS\system32\config\systemprofile\.dnx\bin;C:\Program Files\Microsoft DNX\Dnvm\;C:\Program Files\Microsoft SQL Server\130\Tools\Binn\;C:\Program Files (x86)\Microsoft SQL Server\90\Tools\binn\;C:\Program Files\Java\jdk1.8.0_45\bin;C:\Program Files\Git\cmd;C:\WINDOWS\System32\OpenSSH\;C:\Users\KasuN\AppData\Local\Microsoft\WindowsApps;
USERNAME=KasuN
OS=Windows_NT
PROCESSOR_IDENTIFIER=Intel64 Family 6 Model 69 Stepping 1, GenuineIntel



---------------  S Y S T E M  ---------------

OS: Windows 10.0 , 64 bit Build 17763 (10.0.17763.475)

CPU:total 4 (initial active 4) (2 cores per cpu, 2 threads per core) family 6 model 69 stepping 1, cmov, cx8, fxsr, mmx, sse, sse2, sse3, ssse3, sse4.1, sse4.2, popcnt, avx, avx2, aes, clmul, erms, lzcnt, ht, tsc, tscinvbit, bmi1, bmi2

Memory: 4k page, physical 4096184k(379696k free), swap 16679096k(6272k free)

vm_info: OpenJDK 64-Bit Server VM (25.152-b01) for windows-amd64 JRE (1.8.0_152-release-1248-b01), built by "builder" with MS VC++ 10.0 (VS2010)

time: Mon May 27 06:27:09 2019
elapsed time: 20 seconds (0d 0h 0m 20s)

