#
# There is insufficient memory for the Java Runtime Environment to continue.
# Native memory allocation (malloc) failed to allocate 782816 bytes for Chunk::new
# Possible reasons:
#   The system is out of physical RAM or swap space
#   In 32 bit mode, the process size limit was hit
# Possible solutions:
#   Reduce memory load on the system
#   Increase physical memory or swap space
#   Check if swap backing store is full
#   Use 64 bit Java on a 64 bit OS
#   Decrease Java heap size (-Xmx/-Xms)
#   Decrease number of Java threads
#   Decrease Java thread stack sizes (-Xss)
#   Set larger code cache with -XX:ReservedCodeCacheSize=
# This output file may be truncated or incomplete.
#
#  Out of Memory Error (allocation.cpp:390), pid=15236, tid=0x0000000000000c14
#
# JRE version: OpenJDK Runtime Environment (8.0_152-b01) (build 1.8.0_152-release-1343-b01)
# Java VM: OpenJDK 64-Bit Server VM (25.152-b01 mixed mode windows-amd64 compressed oops)
# Failed to write core dump. Minidumps are not enabled by default on client versions of Windows
#

---------------  T H R E A D  ---------------

Current thread (0x00000000162c9800):  JavaThread "C2 CompilerThread0" daemon [_thread_in_native, id=3092, stack(0x0000000017920000,0x0000000017a20000)]

Stack: [0x0000000017920000,0x0000000017a20000]
[error occurred during error reporting (printing stack bounds), id 0xc0000005]

Native frames: (J=compiled Java code, j=interpreted, Vv=VM code, C=native code)


Current CompileTask:
C2: 354186 10888       4       org.gradle.api.internal.artifacts.ivyservice.resolveengine.artifact.ArtifactBackedResolvedVariant$SingleArtifactSet::startVisit (92 bytes)


---------------  P R O C E S S  ---------------

Java Threads: ( => current thread )
  0x000000001bec5000 JavaThread "Build operations Thread 4" [_thread_blocked, id=13344, stack(0x0000000026290000,0x0000000026390000)]
  0x000000001bec9800 JavaThread "Build operations Thread 3" [_thread_blocked, id=14936, stack(0x0000000026190000,0x0000000026290000)]
  0x000000001becb800 JavaThread "Build operations Thread 2" [_thread_blocked, id=12412, stack(0x0000000026090000,0x0000000026190000)]
  0x000000001bec2000 JavaThread "Build operations" [_thread_blocked, id=9196, stack(0x0000000025f90000,0x0000000026090000)]
  0x000000001bec5800 JavaThread "Cache worker for Artifact transforms cache (C:\Users\KasuN\.gradle\caches\transforms-1)" [_thread_blocked, id=8412, stack(0x0000000025e90000,0x0000000025f90000)]
  0x000000001bec8000 JavaThread "Cache worker for file hash cache (C:\Kasun\2019 Projects\HRIS Android 1.22\.gradle\4.6\fileHashes)" [_thread_blocked, id=14272, stack(0x0000000025d90000,0x0000000025e90000)]
  0x000000001b4c6800 JavaThread "Stdin handler" [_thread_blocked, id=14664, stack(0x0000000025c90000,0x0000000025d90000)]
  0x000000001b4c6000 JavaThread "Asynchronous log dispatcher for DefaultDaemonConnection: socket connection from /127.0.0.1:59555 to /127.0.0.1:59593" [_thread_blocked, id=11044, stack(0x0000000025b90000,0x0000000025c90000)]
  0x000000001b4cb000 JavaThread "Daemon worker Thread 2" [_thread_in_native, id=1288, stack(0x0000000025a90000,0x0000000025b90000)]
  0x000000001b4cc000 JavaThread "Cancel handler" [_thread_blocked, id=456, stack(0x0000000025990000,0x0000000025a90000)]
  0x000000001b4c9800 JavaThread "Handler for socket connection from /127.0.0.1:59555 to /127.0.0.1:59593" [_thread_in_native, id=6640, stack(0x0000000025890000,0x0000000025990000)]
  0x000000001b4c9000 JavaThread "Daemon Thread 2" [_thread_blocked, id=7828, stack(0x0000000025790000,0x0000000025890000)]
  0x000000001b4c5000 JavaThread "Memory manager" [_thread_blocked, id=14832, stack(0x0000000020fe0000,0x00000000210e0000)]
  0x000000001b4c8000 JavaThread "pool-1-thread-1" [_thread_blocked, id=9900, stack(0x0000000020ce0000,0x0000000020de0000)]
  0x000000001bd40800 JavaThread "File lock request listener" [_thread_in_native, id=1232, stack(0x000000001cd10000,0x000000001ce10000)]
  0x000000001974f000 JavaThread "Cache worker for file hash cache (C:\Users\KasuN\.gradle\caches\4.6\fileHashes)" [_thread_blocked, id=12356, stack(0x000000001bc40000,0x000000001bd40000)]
  0x0000000017bfe000 JavaThread "Daemon periodic checks" [_thread_blocked, id=6256, stack(0x000000001a170000,0x000000001a270000)]
  0x0000000017be9000 JavaThread "Incoming local TCP Connector on port 59555" [_thread_in_native, id=5100, stack(0x0000000019f30000,0x000000001a030000)]
  0x0000000017b3f800 JavaThread "Service Thread" daemon [_thread_blocked, id=5764, stack(0x0000000018020000,0x0000000018120000)]
  0x0000000017b21000 JavaThread "C1 CompilerThread2" daemon [_thread_blocked, id=9732, stack(0x0000000017f20000,0x0000000018020000)]
  0x00000000162cc000 JavaThread "C2 CompilerThread1" daemon [_thread_blocked, id=2588, stack(0x0000000017a20000,0x0000000017b20000)]
=>0x00000000162c9800 JavaThread "C2 CompilerThread0" daemon [_thread_in_native, id=3092, stack(0x0000000017920000,0x0000000017a20000)]
  0x00000000162d6000 JavaThread "Attach Listener" daemon [_thread_blocked, id=7160, stack(0x0000000017820000,0x0000000017920000)]
  0x00000000162d5000 JavaThread "Signal Dispatcher" daemon [_thread_blocked, id=8336, stack(0x0000000017720000,0x0000000017820000)]
  0x000000000295b800 JavaThread "Finalizer" daemon [_thread_blocked, id=13748, stack(0x0000000017520000,0x0000000017620000)]
  0x0000000002950800 JavaThread "Reference Handler" daemon [_thread_blocked, id=6880, stack(0x0000000017420000,0x0000000017520000)]
  0x0000000000b4e000 JavaThread "main" [_thread_blocked, id=2448, stack(0x0000000002760000,0x0000000002860000)]

Other Threads:
  0x0000000016296000 VMThread [stack: 0x0000000017320000,0x0000000017420000] [id=8536]
  0x0000000017b41000 WatcherThread [stack: 0x0000000018120000,0x0000000018220000] [id=11572]

VM state:not at safepoint (normal execution)

VM Mutex/Monitor currently owned by a thread: None

Heap:
 PSYoungGen      total 245248K, used 197845K [0x00000000e0000000, 0x00000000f3600000, 0x0000000100000000)
  eden space 217088K, 78% used [0x00000000e0000000,0x00000000ea5b7ff8,0x00000000ed400000)
  from space 28160K, 99% used [0x00000000efb80000,0x00000000f16fd4c0,0x00000000f1700000)
  to   space 40448K, 0% used [0x00000000ed400000,0x00000000ed400000,0x00000000efb80000)
 ParOldGen       total 93184K, used 60546K [0x00000000a0000000, 0x00000000a5b00000, 0x00000000e0000000)
  object space 93184K, 64% used [0x00000000a0000000,0x00000000a3b20b00,0x00000000a5b00000)
 Metaspace       used 69202K, capacity 71698K, committed 71896K, reserved 1112064K
  class space    used 9014K, capacity 9618K, committed 9728K, reserved 1048576K

Card table byte_map: [0x0000000011d20000,0x0000000012030000] byte_map_base: 0x0000000011820000

Marking Bits: (ParMarkBitMap*) 0x0000000060905aa0
 Begin Bits: [0x0000000012630000, 0x0000000013e30000)
 End Bits:   [0x0000000013e30000, 0x0000000015630000)

Polling page: 0x0000000000b20000

CodeCache: size=245760Kb used=31666Kb max_used=31666Kb free=214093Kb
 bounds [0x0000000002960000, 0x0000000004880000, 0x0000000011960000]
 total_blobs=9992 nmethods=9190 adapters=713
 compilation: enabled

Compilation events (10 events):
Event: 354.131 Thread 0x0000000017b21000 10915       3       org.gradle.api.internal.artifacts.configurations.DefaultConfiguration::markAsObserved (11 bytes)
Event: 354.132 Thread 0x0000000017b21000 nmethod 10915 0x0000000004868c90 code [0x0000000004868e20, 0x00000000048692d8]
Event: 354.158 Thread 0x0000000017b21000 10916       1       com.android.build.gradle.internal.publishing.VariantPublishingSpecImpl::getTestingSpecs (5 bytes)
Event: 354.158 Thread 0x0000000017b21000 nmethod 10916 0x0000000004840590 code [0x00000000048406e0, 0x00000000048407f0]
Event: 354.163 Thread 0x0000000017b21000 10917       3       com.google.common.collect.ImmutableList$Builder::add (6 bytes)
Event: 354.164 Thread 0x0000000017b21000 nmethod 10917 0x00000000048583d0 code [0x0000000004858540, 0x00000000048587a8]
Event: 354.164 Thread 0x0000000017b21000 10918       3       org.gradle.internal.component.local.model.DslOriginDependencyMetadataWrapper::getReason (10 bytes)
Event: 354.164 Thread 0x0000000017b21000 nmethod 10918 0x0000000004857f90 code [0x0000000004858100, 0x0000000004858328]
Event: 354.166 Thread 0x0000000017b21000 10919       3       org.gradle.internal.component.local.model.DslOriginDependencyMetadataWrapper::getExcludes (10 bytes)
Event: 354.166 Thread 0x0000000017b21000 nmethod 10919 0x0000000004857b50 code [0x0000000004857cc0, 0x0000000004857ee8]

GC Heap History (10 events):
Event: 44.357 GC heap before
{Heap before GC invocations=15 (full 2):
 PSYoungGen      total 168960K, used 35797K [0x00000000e0000000, 0x00000000ebd80000, 0x0000000100000000)
  eden space 153088K, 13% used [0x00000000e0000000,0x00000000e137b1f8,0x00000000e9580000)
  from space 15872K, 99% used [0x00000000ea900000,0x00000000eb87a420,0x00000000eb880000)
  to   space 19968K, 0% used [0x00000000e9580000,0x00000000e9580000,0x00000000ea900000)
 ParOldGen       total 58880K, used 23404K [0x00000000a0000000, 0x00000000a3980000, 0x00000000e0000000)
  object space 58880K, 39% used [0x00000000a0000000,0x00000000a16db2a0,0x00000000a3980000)
 Metaspace       used 57297K, capacity 58968K, committed 59028K, reserved 1099776K
  class space    used 7705K, capacity 8172K, committed 8192K, reserved 1048576K
Event: 44.407 GC heap after
Heap after GC invocations=15 (full 2):
 PSYoungGen      total 173056K, used 2240K [0x00000000e0000000, 0x00000000eef00000, 0x0000000100000000)
  eden space 153088K, 0% used [0x00000000e0000000,0x00000000e0000000,0x00000000e9580000)
  from space 19968K, 11% used [0x00000000e9580000,0x00000000e97b0000,0x00000000ea900000)
  to   space 19968K, 0% used [0x00000000edb80000,0x00000000edb80000,0x00000000eef00000)
 ParOldGen       total 58880K, used 37482K [0x00000000a0000000, 0x00000000a3980000, 0x00000000e0000000)
  object space 58880K, 63% used [0x00000000a0000000,0x00000000a249a8f0,0x00000000a3980000)
 Metaspace       used 57297K, capacity 58968K, committed 59028K, reserved 1099776K
  class space    used 7705K, capacity 8172K, committed 8192K, reserved 1048576K
}
Event: 44.407 GC heap before
{Heap before GC invocations=16 (full 3):
 PSYoungGen      total 173056K, used 2240K [0x00000000e0000000, 0x00000000eef00000, 0x0000000100000000)
  eden space 153088K, 0% used [0x00000000e0000000,0x00000000e0000000,0x00000000e9580000)
  from space 19968K, 11% used [0x00000000e9580000,0x00000000e97b0000,0x00000000ea900000)
  to   space 19968K, 0% used [0x00000000edb80000,0x00000000edb80000,0x00000000eef00000)
 ParOldGen       total 58880K, used 37482K [0x00000000a0000000, 0x00000000a3980000, 0x00000000e0000000)
  object space 58880K, 63% used [0x00000000a0000000,0x00000000a249a8f0,0x00000000a3980000)
 Metaspace       used 57297K, capacity 58968K, committed 59028K, reserved 1099776K
  class space    used 7705K, capacity 8172K, committed 8192K, reserved 1048576K
Event: 45.456 GC heap after
Heap after GC invocations=16 (full 3):
 PSYoungGen      total 173056K, used 0K [0x00000000e0000000, 0x00000000eef00000, 0x0000000100000000)
  eden space 153088K, 0% used [0x00000000e0000000,0x00000000e0000000,0x00000000e9580000)
  from space 19968K, 0% used [0x00000000e9580000,0x00000000e9580000,0x00000000ea900000)
  to   space 19968K, 0% used [0x00000000edb80000,0x00000000edb80000,0x00000000eef00000)
 ParOldGen       total 93184K, used 31540K [0x00000000a0000000, 0x00000000a5b00000, 0x00000000e0000000)
  object space 93184K, 33% used [0x00000000a0000000,0x00000000a1ecd280,0x00000000a5b00000)
 Metaspace       used 57297K, capacity 58968K, committed 59028K, reserved 1099776K
  class space    used 7705K, capacity 8172K, committed 8192K, reserved 1048576K
}
Event: 51.877 GC heap before
{Heap before GC invocations=17 (full 3):
 PSYoungGen      total 173056K, used 153088K [0x00000000e0000000, 0x00000000eef00000, 0x0000000100000000)
  eden space 153088K, 100% used [0x00000000e0000000,0x00000000e9580000,0x00000000e9580000)
  from space 19968K, 0% used [0x00000000e9580000,0x00000000e9580000,0x00000000ea900000)
  to   space 19968K, 0% used [0x00000000edb80000,0x00000000edb80000,0x00000000eef00000)
 ParOldGen       total 93184K, used 31540K [0x00000000a0000000, 0x00000000a5b00000, 0x00000000e0000000)
  object space 93184K, 33% used [0x00000000a0000000,0x00000000a1ecd280,0x00000000a5b00000)
 Metaspace       used 59880K, capacity 61664K, committed 61784K, reserved 1101824K
  class space    used 8096K, capacity 8559K, committed 8576K, reserved 1048576K
Event: 51.950 GC heap after
Heap after GC invocations=17 (full 3):
 PSYoungGen      total 204288K, used 16000K [0x00000000e0000000, 0x00000000eeb80000, 0x0000000100000000)
  eden space 187904K, 0% used [0x00000000e0000000,0x00000000e0000000,0x00000000eb780000)
  from space 16384K, 97% used [0x00000000edb80000,0x00000000eeb20030,0x00000000eeb80000)
  to   space 21504K, 0% used [0x00000000ec180000,0x00000000ec180000,0x00000000ed680000)
 ParOldGen       total 93184K, used 31548K [0x00000000a0000000, 0x00000000a5b00000, 0x00000000e0000000)
  object space 93184K, 33% used [0x00000000a0000000,0x00000000a1ecf280,0x00000000a5b00000)
 Metaspace       used 59880K, capacity 61664K, committed 61784K, reserved 1101824K
  class space    used 8096K, capacity 8559K, committed 8576K, reserved 1048576K
}
Event: 60.955 GC heap before
{Heap before GC invocations=18 (full 3):
 PSYoungGen      total 204288K, used 203904K [0x00000000e0000000, 0x00000000eeb80000, 0x0000000100000000)
  eden space 187904K, 100% used [0x00000000e0000000,0x00000000eb780000,0x00000000eb780000)
  from space 16384K, 97% used [0x00000000edb80000,0x00000000eeb20030,0x00000000eeb80000)
  to   space 21504K, 0% used [0x00000000ec180000,0x00000000ec180000,0x00000000ed680000)
 ParOldGen       total 93184K, used 31548K [0x00000000a0000000, 0x00000000a5b00000, 0x00000000e0000000)
  object space 93184K, 33% used [0x00000000a0000000,0x00000000a1ecf280,0x00000000a5b00000)
 Metaspace       used 62100K, capacity 63988K, committed 64088K, reserved 1103872K
  class space    used 8320K, capacity 8782K, committed 8832K, reserved 1048576K
Event: 61.097 GC heap after
Heap after GC invocations=18 (full 3):
 PSYoungGen      total 219648K, used 21494K [0x00000000e0000000, 0x00000000f1700000, 0x0000000100000000)
  eden space 198144K, 0% used [0x00000000e0000000,0x00000000e0000000,0x00000000ec180000)
  from space 21504K, 99% used [0x00000000ec180000,0x00000000ed67dbc8,0x00000000ed680000)
  to   space 28160K, 0% used [0x00000000efb80000,0x00000000efb80000,0x00000000f1700000)
 ParOldGen       total 93184K, used 39226K [0x00000000a0000000, 0x00000000a5b00000, 0x00000000e0000000)
  object space 93184K, 42% used [0x00000000a0000000,0x00000000a264e8c8,0x00000000a5b00000)
 Metaspace       used 62100K, capacity 63988K, committed 64088K, reserved 1103872K
  class space    used 8320K, capacity 8782K, committed 8832K, reserved 1048576K
}
Event: 88.919 GC heap before
{Heap before GC invocations=19 (full 3):
 PSYoungGen      total 219648K, used 219638K [0x00000000e0000000, 0x00000000f1700000, 0x0000000100000000)
  eden space 198144K, 100% used [0x00000000e0000000,0x00000000ec180000,0x00000000ec180000)
  from space 21504K, 99% used [0x00000000ec180000,0x00000000ed67dbc8,0x00000000ed680000)
  to   space 28160K, 0% used [0x00000000efb80000,0x00000000efb80000,0x00000000f1700000)
 ParOldGen       total 93184K, used 39226K [0x00000000a0000000, 0x00000000a5b00000, 0x00000000e0000000)
  object space 93184K, 42% used [0x00000000a0000000,0x00000000a264e8c8,0x00000000a5b00000)
 Metaspace       used 66661K, capacity 68960K, committed 69336K, reserved 1110016K
  class space    used 8761K, capacity 9346K, committed 9472K, reserved 1048576K
Event: 89.054 GC heap after
Heap after GC invocations=19 (full 3):
 PSYoungGen      total 245248K, used 28149K [0x00000000e0000000, 0x00000000f3600000, 0x0000000100000000)
  eden space 217088K, 0% used [0x00000000e0000000,0x00000000e0000000,0x00000000ed400000)
  from space 28160K, 99% used [0x00000000efb80000,0x00000000f16fd4c0,0x00000000f1700000)
  to   space 40448K, 0% used [0x00000000ed400000,0x00000000ed400000,0x00000000efb80000)
 ParOldGen       total 93184K, used 60546K [0x00000000a0000000, 0x00000000a5b00000, 0x00000000e0000000)
  object space 93184K, 64% used [0x00000000a0000000,0x00000000a3b20b00,0x00000000a5b00000)
 Metaspace       used 66661K, capacity 68960K, committed 69336K, reserved 1110016K
  class space    used 8761K, capacity 9346K, committed 9472K, reserved 1048576K
}

Deoptimization events (10 events):
Event: 346.353 Thread 0x000000001b4cb000 Uncommon trap: reason=class_check action=maybe_recompile pc=0x000000000405a554 method=com.google.common.collect.ImmutableMap.copyOf(Ljava/util/Map;)Lcom/google/common/collect/ImmutableMap; @ 49
Event: 346.353 Thread 0x000000001b4cb000 Uncommon trap: reason=class_check action=maybe_recompile pc=0x000000000405b4b0 method=com.google.common.collect.Iterables.castOrCopyToCollection(Ljava/lang/Iterable;)Ljava/util/Collection; @ 1
Event: 346.548 Thread 0x000000001b4cb000 Uncommon trap: reason=class_check action=maybe_recompile pc=0x000000000405a554 method=com.google.common.collect.ImmutableMap.copyOf(Ljava/util/Map;)Lcom/google/common/collect/ImmutableMap; @ 49
Event: 346.548 Thread 0x000000001b4cb000 Uncommon trap: reason=class_check action=maybe_recompile pc=0x000000000405b4b0 method=com.google.common.collect.Iterables.castOrCopyToCollection(Ljava/lang/Iterable;)Ljava/util/Collection; @ 1
Event: 346.684 Thread 0x000000001b4cb000 Uncommon trap: reason=class_check action=maybe_recompile pc=0x000000000405a554 method=com.google.common.collect.ImmutableMap.copyOf(Ljava/util/Map;)Lcom/google/common/collect/ImmutableMap; @ 49
Event: 346.684 Thread 0x000000001b4cb000 Uncommon trap: reason=class_check action=maybe_recompile pc=0x000000000405b4b0 method=com.google.common.collect.Iterables.castOrCopyToCollection(Ljava/lang/Iterable;)Ljava/util/Collection; @ 1
Event: 346.750 Thread 0x000000001b4cb000 Uncommon trap: reason=class_check action=maybe_recompile pc=0x000000000405a554 method=com.google.common.collect.ImmutableMap.copyOf(Ljava/util/Map;)Lcom/google/common/collect/ImmutableMap; @ 49
Event: 346.750 Thread 0x000000001b4cb000 Uncommon trap: reason=class_check action=maybe_recompile pc=0x000000000405b4b0 method=com.google.common.collect.Iterables.castOrCopyToCollection(Ljava/lang/Iterable;)Ljava/util/Collection; @ 1
Event: 348.147 Thread 0x000000001b4cb000 Uncommon trap: reason=null_check action=make_not_entrant pc=0x000000000479e150 method=org.codehaus.groovy.runtime.typehandling.DefaultTypeTransformation.castToType(Ljava/lang/Object;Ljava/lang/Class;)Ljava/lang/Object; @ 28
Event: 348.482 Thread 0x000000001b4cb000 Uncommon trap: reason=null_check action=make_not_entrant pc=0x00000000047b2684 method=java.lang.Class.isEnum()Z @ 1

Classes redefined (0 events):
No events

Internal exceptions (10 events):
Event: 344.522 Thread 0x000000001b4cb000 Exception <a 'sun/nio/fs/WindowsException'> (0x00000000e5859bc0) thrown at [D:\src\AOSP-openjdk-cygwin\jdk8u\hotspot\src\share\vm\prims\jni.cpp, line 709]
Event: 344.523 Thread 0x000000001b4cb000 Exception <a 'sun/nio/fs/WindowsException'> (0x00000000e585a778) thrown at [D:\src\AOSP-openjdk-cygwin\jdk8u\hotspot\src\share\vm\prims\jni.cpp, line 709]
Event: 344.527 Thread 0x000000001b4cb000 Exception <a 'sun/nio/fs/WindowsException'> (0x00000000e585e0b8) thrown at [D:\src\AOSP-openjdk-cygwin\jdk8u\hotspot\src\share\vm\prims\jni.cpp, line 709]
Event: 344.528 Thread 0x000000001b4cb000 Exception <a 'sun/nio/fs/WindowsException'> (0x00000000e585ec28) thrown at [D:\src\AOSP-openjdk-cygwin\jdk8u\hotspot\src\share\vm\prims\jni.cpp, line 709]
Event: 344.528 Thread 0x000000001b4cb000 Exception <a 'sun/nio/fs/WindowsException'> (0x00000000e58607b0) thrown at [D:\src\AOSP-openjdk-cygwin\jdk8u\hotspot\src\share\vm\prims\jni.cpp, line 709]
Event: 344.529 Thread 0x000000001b4cb000 Exception <a 'sun/nio/fs/WindowsException'> (0x00000000e5861360) thrown at [D:\src\AOSP-openjdk-cygwin\jdk8u\hotspot\src\share\vm\prims\jni.cpp, line 709]
Event: 344.532 Thread 0x000000001b4cb000 Exception <a 'sun/nio/fs/WindowsException'> (0x00000000e5864c10) thrown at [D:\src\AOSP-openjdk-cygwin\jdk8u\hotspot\src\share\vm\prims\jni.cpp, line 709]
Event: 344.533 Thread 0x000000001b4cb000 Exception <a 'sun/nio/fs/WindowsException'> (0x00000000e5865748) thrown at [D:\src\AOSP-openjdk-cygwin\jdk8u\hotspot\src\share\vm\prims\jni.cpp, line 709]
Event: 344.533 Thread 0x000000001b4cb000 Exception <a 'sun/nio/fs/WindowsException'> (0x00000000e58672a8) thrown at [D:\src\AOSP-openjdk-cygwin\jdk8u\hotspot\src\share\vm\prims\jni.cpp, line 709]
Event: 344.534 Thread 0x000000001b4cb000 Exception <a 'sun/nio/fs/WindowsException'> (0x00000000e5867e18) thrown at [D:\src\AOSP-openjdk-cygwin\jdk8u\hotspot\src\share\vm\prims\jni.cpp, line 709]

Events (10 events):
Event: 353.404 Thread 0x0000000017b21000 flushing nmethod 0x0000000002d52250
Event: 353.404 Thread 0x0000000017b21000 flushing nmethod 0x0000000002d67190
Event: 353.404 Thread 0x0000000017b21000 flushing nmethod 0x0000000002d6b710
Event: 353.404 Thread 0x0000000017b21000 flushing nmethod 0x0000000002da5090
Event: 353.404 Thread 0x0000000017b21000 flushing nmethod 0x0000000002da5490
Event: 353.404 Thread 0x0000000017b21000 flushing nmethod 0x0000000002db0910
Event: 353.405 Thread 0x0000000017b21000 flushing nmethod 0x0000000002dc65d0
Event: 353.420 Thread 0x0000000017b21000 flushing nmethod 0x0000000002ef2750
Event: 353.433 Thread 0x00000000162cc000 flushing nmethod 0x0000000003377fd0
Event: 353.693 Thread 0x0000000017b21000 flushing nmethod 0x000000000405bbd0


Dynamic libraries:
0x00007ff6d8770000 - 0x00007ff6d87a1000 	C:\Program Files\Android\Android Studio\jre\bin\java.exe
0x00007ffbf67c0000 - 0x00007ffbf69ad000 	C:\WINDOWS\SYSTEM32\ntdll.dll
0x00007ffbf6170000 - 0x00007ffbf6223000 	C:\WINDOWS\System32\KERNEL32.DLL
0x00007ffbf2890000 - 0x00007ffbf2b23000 	C:\WINDOWS\System32\KERNELBASE.dll
0x00007ffbf3b90000 - 0x00007ffbf3c33000 	C:\WINDOWS\System32\ADVAPI32.dll
0x00007ffbf5a80000 - 0x00007ffbf5b1e000 	C:\WINDOWS\System32\msvcrt.dll
0x00007ffbf66f0000 - 0x00007ffbf678e000 	C:\WINDOWS\System32\sechost.dll
0x00007ffbf5740000 - 0x00007ffbf5862000 	C:\WINDOWS\System32\RPCRT4.dll
0x00007ffbf39f0000 - 0x00007ffbf3b87000 	C:\WINDOWS\System32\USER32.dll
0x00007ffbf2b30000 - 0x00007ffbf2b50000 	C:\WINDOWS\System32\win32u.dll
0x00007ffbf5c60000 - 0x00007ffbf5c89000 	C:\WINDOWS\System32\GDI32.dll
0x00007ffbf2b50000 - 0x00007ffbf2cea000 	C:\WINDOWS\System32\gdi32full.dll
0x00007ffbf2f50000 - 0x00007ffbf2ff0000 	C:\WINDOWS\System32\msvcp_win.dll
0x00007ffbf3070000 - 0x00007ffbf316a000 	C:\WINDOWS\System32\ucrtbase.dll
0x00007ffbe4000000 - 0x00007ffbe4279000 	C:\WINDOWS\WinSxS\amd64_microsoft.windows.common-controls_6595b64144ccf1df_6.0.17763.557_none_05b63f68071e5b9f\COMCTL32.dll
0x00007ffbf51f0000 - 0x00007ffbf551c000 	C:\WINDOWS\System32\combase.dll
0x00007ffbf2ff0000 - 0x00007ffbf306e000 	C:\WINDOWS\System32\bcryptPrimitives.dll
0x00007ffbf5cb0000 - 0x00007ffbf5cde000 	C:\WINDOWS\System32\IMM32.DLL
0x0000000060060000 - 0x0000000060132000 	C:\Program Files\Android\Android Studio\jre\jre\bin\msvcr100.dll
0x0000000060140000 - 0x0000000060981000 	C:\Program Files\Android\Android Studio\jre\jre\bin\server\jvm.dll
0x00007ffbf65d0000 - 0x00007ffbf65d8000 	C:\WINDOWS\System32\PSAPI.DLL
0x00007ffbdea90000 - 0x00007ffbdea99000 	C:\WINDOWS\SYSTEM32\WSOCK32.dll
0x00007ffbea550000 - 0x00007ffbea55a000 	C:\WINDOWS\SYSTEM32\VERSION.dll
0x00007ffbea6c0000 - 0x00007ffbea6e4000 	C:\WINDOWS\SYSTEM32\WINMM.dll
0x00007ffbf5b20000 - 0x00007ffbf5b8d000 	C:\WINDOWS\System32\WS2_32.dll
0x00007ffbea690000 - 0x00007ffbea6bd000 	C:\WINDOWS\SYSTEM32\winmmbase.dll
0x00007ffbf2d20000 - 0x00007ffbf2d6a000 	C:\WINDOWS\System32\cfgmgr32.dll
0x00007ffbef180000 - 0x00007ffbef18f000 	C:\Program Files\Android\Android Studio\jre\jre\bin\verify.dll
0x00007ffbd26c0000 - 0x00007ffbd26e9000 	C:\Program Files\Android\Android Studio\jre\jre\bin\java.dll
0x00007ffbe2910000 - 0x00007ffbe2926000 	C:\Program Files\Android\Android Studio\jre\jre\bin\zip.dll
0x00007ffbf3d00000 - 0x00007ffbf51f0000 	C:\WINDOWS\System32\SHELL32.dll
0x00007ffbf6640000 - 0x00007ffbf66e8000 	C:\WINDOWS\System32\shcore.dll
0x00007ffbf32a0000 - 0x00007ffbf39ea000 	C:\WINDOWS\System32\windows.storage.dll
0x00007ffbf27c0000 - 0x00007ffbf27e4000 	C:\WINDOWS\System32\profapi.dll
0x00007ffbf2830000 - 0x00007ffbf288d000 	C:\WINDOWS\System32\powrprof.dll
0x00007ffbf65e0000 - 0x00007ffbf6632000 	C:\WINDOWS\System32\shlwapi.dll
0x00007ffbf27f0000 - 0x00007ffbf2801000 	C:\WINDOWS\System32\kernel.appcore.dll
0x00007ffbf3280000 - 0x00007ffbf3297000 	C:\WINDOWS\System32\cryptsp.dll
0x00007ffbcff70000 - 0x00007ffbcff8a000 	C:\Program Files\Android\Android Studio\jre\jre\bin\net.dll
0x00007ffbf2040000 - 0x00007ffbf20a7000 	C:\WINDOWS\system32\mswsock.dll
0x00007ffbcaa20000 - 0x00007ffbcaa31000 	C:\Program Files\Android\Android Studio\jre\jre\bin\nio.dll
0x00007ffbc7750000 - 0x00007ffbc776e000 	C:\Users\KasuN\.gradle\native\25\windows-amd64\native-platform.dll
0x00007ffbe4910000 - 0x00007ffbe491d000 	C:\Program Files\Android\Android Studio\jre\jre\bin\management.dll
0x00007ffbf1ba0000 - 0x00007ffbf1bd3000 	C:\WINDOWS\system32\rsaenh.dll
0x00007ffbf2cf0000 - 0x00007ffbf2d16000 	C:\WINDOWS\System32\bcrypt.dll
0x00007ffbf26c0000 - 0x00007ffbf26e8000 	C:\WINDOWS\SYSTEM32\USERENV.dll
0x00007ffbf2210000 - 0x00007ffbf221c000 	C:\WINDOWS\SYSTEM32\CRYPTBASE.dll
0x00007ffbf1d40000 - 0x00007ffbf1d7d000 	C:\WINDOWS\SYSTEM32\IPHLPAPI.DLL
0x00007ffbf5ce0000 - 0x00007ffbf5ce8000 	C:\WINDOWS\System32\NSI.dll
0x00007ffbeb0d0000 - 0x00007ffbeb0e6000 	C:\WINDOWS\SYSTEM32\dhcpcsvc6.DLL
0x00007ffbeb5e0000 - 0x00007ffbeb5fc000 	C:\WINDOWS\SYSTEM32\dhcpcsvc.DLL
0x00007ffbf1d80000 - 0x00007ffbf1e46000 	C:\WINDOWS\SYSTEM32\DNSAPI.dll

VM Arguments:
jvm_args: -Xmx1536m -Dfile.encoding=windows-1252 -Duser.country=US -Duser.language=en -Duser.variant 
java_command: org.gradle.launcher.daemon.bootstrap.GradleDaemon 4.6
java_class_path (initial): C:\Users\KasuN\.gradle\wrapper\dists\gradle-4.6-all\bcst21l2brirad8k2ben1letg\gradle-4.6\lib\gradle-launcher-4.6.jar
Launcher Type: SUN_STANDARD

Environment Variables:
PATH=C:\Program Files (x86)\PC Connectivity Solution\;C:\ProgramData\Oracle\Java\javapath;C:\WINDOWS\system32;C:\WINDOWS;C:\WINDOWS\System32\Wbem;C:\WINDOWS\System32\WindowsPowerShell\v1.0\;C:\Program Files\Microsoft SQL Server\120\Tools\Binn\;C:\Program Files\Microsoft SQL Server\Client SDK\ODBC\110\Tools\Binn\;C:\Program Files (x86)\Microsoft SQL Server\120\Tools\Binn\;C:\Program Files\Microsoft SQL Server\120\DTS\Binn\;C:\Program Files (x86)\Microsoft SQL Server\120\Tools\Binn\ManagementStudio\;C:\Program Files (x86)\Microsoft SQL Server\120\DTS\Binn\;C:\WINDOWS\system32\config\systemprofile\.dnx\bin;C:\Program Files\Microsoft DNX\Dnvm\;C:\Program Files\Microsoft SQL Server\130\Tools\Binn\;C:\Program Files (x86)\Microsoft SQL Server\90\Tools\binn\;C:\Program Files\Java\jdk1.8.0_45\bin;C:\Program Files\Git\cmd;C:\WINDOWS\System32\OpenSSH\;C:\Users\KasuN\AppData\Local\Microsoft\WindowsApps;
USERNAME=KasuN
OS=Windows_NT
PROCESSOR_IDENTIFIER=Intel64 Family 6 Model 69 Stepping 1, GenuineIntel



---------------  S Y S T E M  ---------------

OS: Windows 10.0 , 64 bit Build 17763 (10.0.17763.475)

CPU:total 4 (initial active 4) (2 cores per cpu, 2 threads per core) family 6 model 69 stepping 1, cmov, cx8, fxsr, mmx, sse, sse2, sse3, ssse3, sse4.1, sse4.2, popcnt, avx, avx2, aes, clmul, erms, lzcnt, ht, tsc, tscinvbit, bmi1, bmi2

Memory: 4k page, physical 4096184k(222260k free), swap 15305316k(1020k free)

vm_info: OpenJDK 64-Bit Server VM (25.152-b01) for windows-amd64 JRE (1.8.0_152-release-1343-b01), built by "builder" with MS VC++ 10.0 (VS2010)

time: Wed Jun 19 17:22:17 2019
elapsed time: 354 seconds (0d 0h 5m 54s)

