JvmtiExport can_access_local_variables 0
JvmtiExport can_hotswap_or_post_breakpoint 0
JvmtiExport can_post_on_exceptions 0
# 480 ciObject found
ciMethod java/lang/Object <init> ()V 4097 1 134207 0 0
ciMethod java/lang/Object hashCode ()I 2049 1 256 0 -1
ciMethod java/lang/Object equals (Ljava/lang/Object;)Z 2369 1 2755 0 -1
ciMethod java/lang/Object clone ()Ljava/lang/Object; 2049 1 256 0 -1
ciMethod java/lang/String <init> ([CII)V 2025 1 5396 0 704
ciMethod java/lang/String <init> ([BIILjava/lang/String;)V 2049 1 999 0 -1
ciMethod java/lang/String <init> ([CZ)V 1793 1 10300 0 0
ciMethod java/lang/String length ()I 3089 1 83910 0 0
ciMethod java/lang/String charAt (I)C 4097 1 568980 0 -1
ciMethod java/lang/String codePointAt (I)I 881 1 3416 0 -1
ciMethod java/lang/String getChars ([CI)V 2065 1 5411 0 0
ciMethod java/lang/String equals (Ljava/lang/Object;)Z 2049 12393 2325 0 -1
ciMethod java/lang/String equalsIgnoreCase (Ljava/lang/String;)Z 3097 1 5586 0 1472
ciMethod java/lang/String regionMatches (ZILjava/lang/String;II)Z 2057 625 3560 0 0
ciMethod java/lang/String hashCode ()I 2673 32769 1021 0 288
ciMethod java/lang/String lastIndexOf (I)I 2049 1 12451 0 288
ciMethod java/lang/String lastIndexOf (II)I 921 49153 881 0 288
ciMethod java/lang/String lastIndexOfSupplementary (II)I 0 0 1 0 -1
ciMethod java/lang/String substring (II)Ljava/lang/String; 2049 1 5497 0 992
ciMethod java/lang/String concat (Ljava/lang/String;)Ljava/lang/String; 2057 1 5411 0 896
ciMethod java/lang/String replace (CC)Ljava/lang/String; 825 40985 857 0 1152
ciMethod java/lang/String toUpperCase (Ljava/util/Locale;)Ljava/lang/String; 537 13865 827 0 0
ciMethod java/lang/String toCharArray ()[C 2049 1 6456 0 -1
ciMethod java/lang/ClassLoader defineClass (Ljava/lang/String;[BIILjava/security/ProtectionDomain;)Ljava/lang/Class; 2177 1 1775 0 -1
ciMethod java/lang/ClassLoader definePackage (Ljava/lang/String;Ljava/lang/String;Ljava/lang/String;Ljava/lang/String;Ljava/lang/String;Ljava/lang/String;Ljava/lang/String;Ljava/net/URL;)Ljava/lang/Package; 945 1 322 0 0
ciMethod java/lang/ClassLoader getPackage (Ljava/lang/String;)Ljava/lang/Package; 2081 1 3555 0 0
ciMethod java/lang/System nanoTime ()J 2049 1 256 0 -1
ciMethod java/lang/System arraycopy (Ljava/lang/Object;ILjava/lang/Object;II)V 4097 1 512 0 -1
ciMethod java/lang/Throwable addSuppressed (Ljava/lang/Throwable;)V 0 0 1 0 0
ciMethod java/security/SecureClassLoader defineClass (Ljava/lang/String;[BIILjava/security/CodeSource;)Ljava/lang/Class; 2177 1 1767 0 0
ciMethod java/security/SecureClassLoader defineClass (Ljava/lang/String;Ljava/nio/ByteBuffer;Ljava/security/CodeSource;)Ljava/lang/Class; 0 0 1 0 -1
ciMethod java/security/SecureClassLoader getProtectionDomain (Ljava/security/CodeSource;)Ljava/security/ProtectionDomain; 2177 1 1775 0 -1
ciMethod java/lang/ref/Reference get ()Ljava/lang/Object; 1025 1 128 0 -1
ciMethod java/lang/ref/Reference <init> (Ljava/lang/Object;)V 2049 1 2486 0 0
ciMethod java/lang/ref/Reference <init> (Ljava/lang/Object;Ljava/lang/ref/ReferenceQueue;)V 2065 1 10720 0 0
ciMethod java/lang/ref/SoftReference <init> (Ljava/lang/Object;)V 1553 1 1204 0 0
ciMethod java/lang/ref/SoftReference get ()Ljava/lang/Object; 2049 1 4236 0 0
ciMethod java/lang/Thread currentThread ()Ljava/lang/Thread; 2049 1 256 0 -1
ciMethod java/lang/Thread interrupt ()V 0 0 1 0 -1
ciMethod java/lang/Thread interrupted ()Z 3201 1 1792 0 -1
ciMethod java/util/Map get (Ljava/lang/Object;)Ljava/lang/Object; 0 0 1 0 -1
ciMethod java/util/Map put (Ljava/lang/Object;Ljava/lang/Object;)Ljava/lang/Object; 0 0 1 0 -1
ciMethod java/util/Hashtable <init> (IF)V 2065 1 545 0 0
ciMethod java/util/Hashtable <init> (I)V 1081 1 135 0 0
ciMethod java/util/Hashtable <init> ()V 2049 1 410 0 0
ciMethod java/util/Dictionary <init> ()V 2065 1 545 0 0
ciMethod java/io/ByteArrayInputStream <init> ([B)V 153 1 136 0 0
ciMethod java/io/InputStream <init> ()V 2049 1 5002 0 0
ciMethod java/io/InputStream read ([BII)I 9 1513 1 0 -1
ciMethod java/io/InputStream close ()V 0 0 1 0 -1
ciMethod java/net/URLClassLoader getAndVerifyPackage (Ljava/lang/String;Ljava/util/jar/Manifest;Ljava/net/URL;)Ljava/lang/Package; 3201 1 1769 0 0
ciMethod java/net/URLClassLoader definePackageInternal (Ljava/lang/String;Ljava/util/jar/Manifest;Ljava/net/URL;)V 2177 1 1767 0 0
ciMethod java/net/URLClassLoader defineClass (Ljava/lang/String;Lsun/misc/Resource;)Ljava/lang/Class; 1129 1 1767 0 0
ciMethod java/net/URLClassLoader definePackage (Ljava/lang/String;Ljava/util/jar/Manifest;Ljava/net/URL;)Ljava/lang/Package; 945 1 322 0 0
ciMethod java/net/URLClassLoader isSealed (Ljava/lang/String;Ljava/util/jar/Manifest;)Z 2049 1 1447 0 0
ciMethod java/net/URLClassLoader access$000 (Ljava/net/URLClassLoader;)Lsun/misc/URLClassPath; 1049 1 131 0 0
ciMethod java/net/URLClassLoader access$100 (Ljava/net/URLClassLoader;Ljava/lang/String;Lsun/misc/Resource;)Ljava/lang/Class; 1129 1 1767 0 0
ciMethod java/util/jar/Manifest <init> (Ljava/io/InputStream;)V 153 1 133 0 0
ciMethod java/util/jar/Manifest getMainAttributes ()Ljava/util/jar/Attributes; 1025 1 128 0 0
ciMethod java/util/jar/Manifest getEntries ()Ljava/util/Map; 1025 1 128 0 0
ciMethod java/util/jar/Manifest getAttributes (Ljava/lang/String;)Ljava/util/jar/Attributes; 2977 1 1871 0 0
ciMethod java/util/jar/Manifest read (Ljava/io/InputStream;)V 153 1 134 0 -1
ciMethod java/util/jar/Manifest parseName ([BI)Ljava/lang/String; 393 1 49 0 -1
ciMethod java/security/CodeSource <init> (Ljava/net/URL;[Ljava/security/CodeSigner;)V 2177 1 1767 0 0
ciMethod java/nio/Buffer position ()I 1025 1 128 0 -1
ciMethod java/lang/Character charCount (I)I 1153 1 5795 0 -1
ciMethod java/lang/Character toChars (I[CI)I 0 0 1 0 -1
ciMethod java/lang/Character toChars (I)[C 0 0 1 0 -1
ciMethod java/lang/Character toLowerCase (C)C 2057 1 10534 0 0
ciMethod java/lang/Character toLowerCase (I)I 4097 1 112803 0 160
ciMethod java/lang/Character toUpperCase (C)C 2049 1 9239 0 192
ciMethod java/lang/Character toUpperCase (I)I 2049 1 9239 0 0
ciMethod java/lang/Character toUpperCaseEx (I)I 2073 1 26287 0 -1
ciMethod java/lang/Character toUpperCaseCharArray (I)[C 0 0 1 0 -1
ciMethod java/lang/Float isNaN (F)Z 2049 1 2200 0 0
ciMethod java/lang/Float floatToRawIntBits (F)I 9 1 1 0 -1
ciMethod java/util/Comparator compare (Ljava/lang/Object;Ljava/lang/Object;)I 0 0 1 0 -1
ciMethod java/security/AccessController doPrivileged (Ljava/security/PrivilegedAction;)Ljava/lang/Object; 2049 1 256 0 -1
ciMethod java/util/List add (Ljava/lang/Object;)Z 0 0 1 0 -1
ciMethod java/util/AbstractList <init> ()V 2049 1 3350 0 0
ciMethod java/util/AbstractCollection <init> ()V 425 1 6179 0 32
ciMethod java/util/ArrayList <init> (I)V 2073 1 1016 0 -1
ciMethod java/util/ArrayList <init> ()V 1081 1 1223 0 0
ciMethod java/util/ArrayList get (I)Ljava/lang/Object; 2009 1 5371 0 -1
ciMethod java/util/AbstractMap <init> ()V 521 1 2938 0 0
ciMethod java/util/HashMap hash (Ljava/lang/Object;)I 2049 1 18162 0 160
ciMethod java/util/HashMap tableSizeFor (I)I 2049 1 1176 0 -1
ciMethod java/util/HashMap <init> (IF)V 1953 1 1172 0 0
ciMethod java/util/HashMap <init> (I)V 481 1 394 0 0
ciMethod java/util/HashMap <init> ()V 201 1 1189 0 0
ciMethod java/util/HashMap get (Ljava/lang/Object;)Ljava/lang/Object; 2049 1 10521 0 576
ciMethod java/util/HashMap getNode (ILjava/lang/Object;)Ljava/util/HashMap$Node; 2049 1 10533 0 544
ciMethod java/util/HashMap put (Ljava/lang/Object;Ljava/lang/Object;)Ljava/lang/Object; 969 1 5380 0 224
ciMethod java/util/HashMap putVal (ILjava/lang/Object;Ljava/lang/Object;ZZ)Ljava/lang/Object; 993 9 5970 0 1120
ciMethod java/util/HashMap resize ()[Ljava/util/HashMap$Node; 377 337 1294 0 -1
ciMethod java/util/HashMap treeifyBin ([Ljava/util/HashMap$Node;I)V 0 0 1 0 -1
ciMethod java/util/HashMap newNode (ILjava/lang/Object;Ljava/lang/Object;Ljava/util/HashMap$Node;)Ljava/util/HashMap$Node; 2057 1 5379 0 224
ciMethod java/util/HashMap afterNodeAccess (Ljava/util/HashMap$Node;)V 2049 1 1153 0 0
ciMethod java/util/HashMap afterNodeInsertion (Z)V 3073 1 1408 0 0
ciMethod java/util/HashMap$Node <init> (ILjava/lang/Object;Ljava/lang/Object;Ljava/util/HashMap$Node;)V 2193 1 11832 0 0
ciMethod java/lang/Math max (II)I 497 1 43924 0 -1
ciMethod java/lang/Math min (II)I 2961 1 39651 0 -1
ciMethod java/lang/Math min (FF)F 2049 1 575 0 0
ciMethod java/io/OutputStream <init> ()V 2049 1 383 0 0
ciMethod java/util/Arrays copyOf ([BI)[B 2057 1 9325 0 -1
ciMethod java/util/Arrays copyOf ([CI)[C 913 1 14536 0 0
ciMethod java/util/Arrays copyOfRange ([CII)[C 2073 1 5423 0 512
ciMethod sun/nio/cs/ArrayEncoder encode ([CII[B)I 0 0 1 0 -1
ciMethod java/nio/charset/CharsetEncoder maxBytesPerChar ()F 2065 1 5754 0 -1
ciMethod java/nio/charset/CharsetEncoder encode (Ljava/nio/CharBuffer;Ljava/nio/ByteBuffer;Z)Ljava/nio/charset/CoderResult; 1 1 2140 0 -1
ciMethod java/nio/charset/CharsetEncoder flush (Ljava/nio/ByteBuffer;)Ljava/nio/charset/CoderResult; 0 0 2 0 -1
ciMethod java/nio/charset/CharsetEncoder reset ()Ljava/nio/charset/CharsetEncoder; 2065 1 5378 0 -1
ciMethod java/nio/ByteBuffer wrap ([B)Ljava/nio/ByteBuffer; 0 0 1 0 -1
ciMethodData java/lang/Object <init> ()V 2 134207 orig 264 56 173 147 92 0 0 0 0 128 4 56 21 0 0 0 0 32 1 0 0 0 0 0 0 0 0 0 0 0 0 0 0 0 0 0 0 0 0 0 0 0 0 0 0 0 0 0 0 0 0 0 0 0 0 0 0 0 0 0 0 0 0 0 0 0 0 0 0 0 0 0 0 0 0 0 0 0 0 0 0 77 68 79 32 101 120 116 114 97 32 100 97 116 97 32 108 111 99 107 0 0 0 0 0 0 0 0 0 0 0 0 0 0 0 0 0 0 0 0 0 0 0 0 0 0 0 0 0 0 0 0 0 0 0 0 0 0 0 0 0 0 0 0 0 0 0 0 0 0 0 0 0 0 0 0 0 0 0 0 0 0 0 0 0 0 0 0 0 0 0 0 0 0 0 0 0 0 0 0 0 0 0 0 0 1 0 0 0 0 0 0 0 1 0 0 0 0 0 0 0 1 0 0 0 0 0 0 0 0 0 0 0 0 0 0 0 0 2 0 0 249 81 16 0 1 0 0 0 0 0 0 0 0 0 0 0 2 0 0 0 0 0 3 0 1 0 0 0 0 0 0 0 255 255 255 255 0 0 0 0 0 0 0 0 data 0 oops 0
ciMethod java/lang/IllegalArgumentException <init> (Ljava/lang/String;)V 0 0 1 0 -1
ciMethod sun/misc/MetaIndex mayContain (Ljava/lang/String;)Z 1761 2721 2836 0 -1
ciMethod java/nio/CharBuffer wrap ([C)Ljava/nio/CharBuffer; 0 0 1 0 -1
ciMethod java/nio/charset/CoderResult isUnderflow ()Z 801 1 4676 0 -1
ciMethod java/util/Locale getLanguage ()Ljava/lang/String; 425 1 1359 0 -1
ciMethod java/lang/CharacterData toLowerCase (I)I 0 0 1 0 -1
ciMethod java/lang/CharacterData toUpperCase (I)I 0 0 1 0 -1
ciMethod java/lang/CharacterData of (I)Ljava/lang/CharacterData; 4097 1 5632 0 96
ciMethod java/lang/CharacterDataLatin1 getProperties (I)I 4097 1 24829 0 -1
ciMethod java/lang/CharacterDataLatin1 toLowerCase (I)I 4097 1 5740 0 160
ciMethod java/lang/CharacterDataLatin1 toUpperCase (I)I 3073 1 5509 0 160
ciMethod java/util/HashMap$TreeNode getTreeNode (ILjava/lang/Object;)Ljava/util/HashMap$TreeNode; 0 0 1 0 -1
ciMethod java/util/HashMap$TreeNode putTreeVal (Ljava/util/HashMap;[Ljava/util/HashMap$Node;ILjava/lang/Object;Ljava/lang/Object;)Ljava/util/HashMap$TreeNode; 0 0 1 0 -1
ciMethod java/util/HashMap$TreeNode split (Ljava/util/HashMap;[Ljava/util/HashMap$Node;II)V 0 0 1 0 -1
ciMethodData java/lang/Character toLowerCase (I)I 2 112803 orig 264 56 173 147 92 0 0 0 0 160 178 65 21 0 0 0 0 136 1 0 0 0 0 0 0 0 0 0 0 0 0 0 0 0 0 0 0 0 0 0 0 0 0 0 0 0 0 0 0 0 0 0 0 0 0 0 0 0 0 0 0 0 0 0 0 0 0 0 0 0 0 0 0 0 0 0 0 0 0 0 0 77 68 79 32 101 120 116 114 97 32 100 97 116 97 32 108 111 99 107 0 0 0 0 0 0 0 0 0 0 0 0 0 0 0 0 0 0 0 0 0 0 0 0 0 0 0 0 0 0 0 0 0 0 0 0 0 0 0 0 0 0 0 0 0 0 0 0 0 0 0 0 0 0 0 0 0 0 0 0 0 0 0 0 0 0 0 0 0 0 0 0 0 0 0 0 0 0 0 0 0 0 0 0 0 0 0 0 0 0 0 0 0 0 0 0 0 0 0 0 0 0 0 0 0 0 0 0 0 0 0 0 0 0 0 0 0 0 2 0 0 25 181 13 0 1 0 0 0 0 0 0 0 0 0 0 0 2 0 0 0 0 0 3 0 2 0 0 0 64 0 0 0 255 255 255 255 2 0 1 0 0 0 0 0 data 8 0x10002 0x1b6a3 0x50005 0x0 0x1a5db540 0x1b6a3 0x0 0x0 oops 1